{"C:\\Users\\Majapahit\\Desktop\\Overgeek\\app.js": {"path":"C:\\Users\\Majapahit\\Desktop\\Overgeek\\app.js","statementMap":{"0":{"start":{"line":1,"column":0},"end":{"line":3,"column":1}},"1":{"start":{"line":2,"column":2},"end":{"line":2,"column":28}},"2":{"start":{"line":4,"column":16},"end":{"line":4,"column":34}},"3":{"start":{"line":5,"column":12},"end":{"line":5,"column":21}},"4":{"start":{"line":6,"column":15},"end":{"line":6,"column":40}},"5":{"start":{"line":7,"column":13},"end":{"line":7,"column":28}},"6":{"start":{"line":8,"column":21},"end":{"line":8,"column":58}},"7":{"start":{"line":10,"column":0},"end":{"line":10,"column":15}},"8":{"start":{"line":12,"column":0},"end":{"line":12,"column":47}},"9":{"start":{"line":13,"column":0},"end":{"line":13,"column":23}},"10":{"start":{"line":15,"column":0},"end":{"line":15,"column":15}},"11":{"start":{"line":17,"column":0},"end":{"line":17,"column":21}},"12":{"start":{"line":19,"column":0},"end":{"line":19,"column":20}}},"fnMap":{},"branchMap":{"0":{"loc":{"start":{"line":1,"column":0},"end":{"line":3,"column":1}},"type":"if","locations":[{"start":{"line":1,"column":0},"end":{"line":3,"column":1}},{"start":{"line":1,"column":0},"end":{"line":3,"column":1}}],"line":1}},"s":{"0":1,"1":1,"2":1,"3":1,"4":1,"5":1,"6":1,"7":1,"8":1,"9":1,"10":1,"11":1,"12":1},"f":{},"b":{"0":[1,0]},"_coverageSchema":"1a1c01bbd47fc00a2c39e90264f33305004495a9","hash":"1d3ebfbc7d31d6842c5f71bf6d1e89319fa2ca76"}
,"C:\\Users\\Majapahit\\Desktop\\Overgeek\\cloudStorage\\index.js": {"path":"C:\\Users\\Majapahit\\Desktop\\Overgeek\\cloudStorage\\index.js","statementMap":{"0":{"start":{"line":1,"column":11},"end":{"line":1,"column":24}},"1":{"start":{"line":2,"column":13},"end":{"line":2,"column":28}},"2":{"start":{"line":3,"column":19},"end":{"line":3,"column":44}},"3":{"start":{"line":4,"column":15},"end":{"line":4,"column":32}},"4":{"start":{"line":5,"column":15},"end":{"line":5,"column":43}},"5":{"start":{"line":7,"column":38},"end":{"line":7,"column":53}},"6":{"start":{"line":9,"column":0},"end":{"line":9,"column":66}}},"fnMap":{},"branchMap":{},"s":{"0":1,"1":1,"2":1,"3":1,"4":1,"5":1,"6":1},"f":{},"b":{},"_coverageSchema":"1a1c01bbd47fc00a2c39e90264f33305004495a9","hash":"f5dc82dbbc16bc17df17b7665e22a2fa63a657f8"}
,"C:\\Users\\Majapahit\\Desktop\\Overgeek\\cloudStorage\\s3.js": {"path":"C:\\Users\\Majapahit\\Desktop\\Overgeek\\cloudStorage\\s3.js","statementMap":{"0":{"start":{"line":1,"column":0},"end":{"line":1,"column":27}},"1":{"start":{"line":2,"column":11},"end":{"line":2,"column":24}},"2":{"start":{"line":3,"column":11},"end":{"line":3,"column":40}},"3":{"start":{"line":5,"column":19},"end":{"line":5,"column":46}},"4":{"start":{"line":6,"column":15},"end":{"line":6,"column":44}},"5":{"start":{"line":7,"column":20},"end":{"line":7,"column":46}},"6":{"start":{"line":8,"column":24},"end":{"line":8,"column":50}},"7":{"start":{"line":10,"column":11},"end":{"line":14,"column":2}},"8":{"start":{"line":18,"column":21},"end":{"line":18,"column":51}},"9":{"start":{"line":20,"column":23},"end":{"line":24,"column":3}},"10":{"start":{"line":26,"column":2},"end":{"line":26,"column":42}},"11":{"start":{"line":28,"column":0},"end":{"line":28,"column":31}},"12":{"start":{"line":32,"column":25},"end":{"line":35,"column":3}},"13":{"start":{"line":37,"column":2},"end":{"line":37,"column":56}},"14":{"start":{"line":39,"column":0},"end":{"line":39,"column":37}}},"fnMap":{"0":{"name":"uploadFile","decl":{"start":{"line":17,"column":9},"end":{"line":17,"column":19}},"loc":{"start":{"line":17,"column":26},"end":{"line":27,"column":1}},"line":17},"1":{"name":"getFileStream","decl":{"start":{"line":31,"column":9},"end":{"line":31,"column":22}},"loc":{"start":{"line":31,"column":32},"end":{"line":38,"column":1}},"line":31}},"branchMap":{},"s":{"0":1,"1":1,"2":1,"3":1,"4":1,"5":1,"6":1,"7":1,"8":0,"9":0,"10":0,"11":1,"12":0,"13":0,"14":1},"f":{"0":0,"1":0},"b":{},"_coverageSchema":"1a1c01bbd47fc00a2c39e90264f33305004495a9","hash":"f737854c116325b6087051e4a4e0c6df98cbff5a"}
,"C:\\Users\\Majapahit\\Desktop\\Overgeek\\config\\config.js": {"path":"C:\\Users\\Majapahit\\Desktop\\Overgeek\\config\\config.js","statementMap":{"0":{"start":{"line":1,"column":12},"end":{"line":1,"column":32}},"1":{"start":{"line":3,"column":0},"end":{"line":3,"column":72}},"2":{"start":{"line":3,"column":45},"end":{"line":3,"column":72}},"3":{"start":{"line":5,"column":16},"end":{"line":5,"column":33}},"4":{"start":{"line":7,"column":17},"end":{"line":7,"column":54}},"5":{"start":{"line":8,"column":17},"end":{"line":8,"column":54}},"6":{"start":{"line":9,"column":17},"end":{"line":9,"column":50}},"7":{"start":{"line":10,"column":13},"end":{"line":10,"column":46}},"8":{"start":{"line":11,"column":16},"end":{"line":11,"column":52}},"9":{"start":{"line":13,"column":0},"end":{"line":36,"column":1}}},"fnMap":{},"branchMap":{"0":{"loc":{"start":{"line":3,"column":0},"end":{"line":3,"column":72}},"type":"if","locations":[{"start":{"line":3,"column":0},"end":{"line":3,"column":72}},{"start":{"line":3,"column":0},"end":{"line":3,"column":72}}],"line":3},"1":{"loc":{"start":{"line":3,"column":4},"end":{"line":3,"column":43}},"type":"binary-expr","locations":[{"start":{"line":3,"column":4},"end":{"line":3,"column":25}},{"start":{"line":3,"column":29},"end":{"line":3,"column":43}}],"line":3}},"s":{"0":1,"1":1,"2":1,"3":1,"4":1,"5":1,"6":1,"7":1,"8":1,"9":1},"f":{},"b":{"0":[1,0],"1":[1,1]},"_coverageSchema":"1a1c01bbd47fc00a2c39e90264f33305004495a9","hash":"aca7503741bec5c08b2c7acf1e90929a390d7251"}
,"C:\\Users\\Majapahit\\Desktop\\Overgeek\\controllers\\lecturerController.js": {"path":"C:\\Users\\Majapahit\\Desktop\\Overgeek\\controllers\\lecturerController.js","statementMap":{"0":{"start":{"line":1,"column":36},"end":{"line":1,"column":57}},"1":{"start":{"line":2,"column":11},"end":{"line":2,"column":24}},"2":{"start":{"line":3,"column":14},"end":{"line":3,"column":39}},"3":{"start":{"line":6,"column":27},"end":{"line":63,"column":3}},"4":{"start":{"line":7,"column":4},"end":{"line":62,"column":5}},"5":{"start":{"line":8,"column":28},"end":{"line":8,"column":56}},"6":{"start":{"line":9,"column":6},"end":{"line":59,"column":7}},"7":{"start":{"line":10,"column":8},"end":{"line":10,"column":56}},"8":{"start":{"line":12,"column":21},"end":{"line":31,"column":10}},"9":{"start":{"line":32,"column":21},"end":{"line":32,"column":23}},"10":{"start":{"line":33,"column":8},"end":{"line":56,"column":9}},"11":{"start":{"line":33,"column":21},"end":{"line":33,"column":22}},"12":{"start":{"line":34,"column":31},"end":{"line":34,"column":32}},"13":{"start":{"line":35,"column":10},"end":{"line":35,"column":31}},"14":{"start":{"line":36,"column":10},"end":{"line":38,"column":11}},"15":{"start":{"line":36,"column":23},"end":{"line":36,"column":24}},"16":{"start":{"line":37,"column":12},"end":{"line":37,"column":67}},"17":{"start":{"line":39,"column":10},"end":{"line":43,"column":11}},"18":{"start":{"line":40,"column":12},"end":{"line":40,"column":31}},"19":{"start":{"line":42,"column":12},"end":{"line":42,"column":64}},"20":{"start":{"line":44,"column":10},"end":{"line":55,"column":13}},"21":{"start":{"line":57,"column":8},"end":{"line":57,"column":61}},"22":{"start":{"line":58,"column":8},"end":{"line":58,"column":37}},"23":{"start":{"line":61,"column":6},"end":{"line":61,"column":16}},"24":{"start":{"line":65,"column":28},"end":{"line":136,"column":3}},"25":{"start":{"line":66,"column":4},"end":{"line":135,"column":5}},"26":{"start":{"line":67,"column":27},"end":{"line":67,"column":54}},"27":{"start":{"line":68,"column":29},"end":{"line":68,"column":53}},"28":{"start":{"line":69,"column":6},"end":{"line":132,"column":7}},"29":{"start":{"line":70,"column":8},"end":{"line":74,"column":11}},"30":{"start":{"line":71,"column":10},"end":{"line":73,"column":11}},"31":{"start":{"line":72,"column":12},"end":{"line":72,"column":59}},"32":{"start":{"line":76,"column":21},"end":{"line":98,"column":10}},"33":{"start":{"line":100,"column":8},"end":{"line":106,"column":9}},"34":{"start":{"line":101,"column":10},"end":{"line":105,"column":12}},"35":{"start":{"line":107,"column":21},"end":{"line":107,"column":23}},"36":{"start":{"line":108,"column":29},"end":{"line":108,"column":30}},"37":{"start":{"line":109,"column":8},"end":{"line":111,"column":9}},"38":{"start":{"line":109,"column":21},"end":{"line":109,"column":22}},"39":{"start":{"line":110,"column":10},"end":{"line":110,"column":62}},"40":{"start":{"line":113,"column":8},"end":{"line":117,"column":9}},"41":{"start":{"line":114,"column":10},"end":{"line":114,"column":29}},"42":{"start":{"line":116,"column":10},"end":{"line":116,"column":59}},"43":{"start":{"line":118,"column":8},"end":{"line":129,"column":11}},"44":{"start":{"line":130,"column":8},"end":{"line":130,"column":59}},"45":{"start":{"line":131,"column":8},"end":{"line":131,"column":37}},"46":{"start":{"line":134,"column":6},"end":{"line":134,"column":16}},"47":{"start":{"line":138,"column":23},"end":{"line":155,"column":3}},"48":{"start":{"line":139,"column":4},"end":{"line":154,"column":5}},"49":{"start":{"line":140,"column":6},"end":{"line":140,"column":29}},"50":{"start":{"line":141,"column":6},"end":{"line":141,"column":28}},"51":{"start":{"line":143,"column":23},"end":{"line":143,"column":60}},"52":{"start":{"line":144,"column":20},"end":{"line":144,"column":38}},"53":{"start":{"line":146,"column":60},"end":{"line":146,"column":68}},"54":{"start":{"line":147,"column":27},"end":{"line":147,"column":79}},"55":{"start":{"line":149,"column":19},"end":{"line":149,"column":54}},"56":{"start":{"line":151,"column":6},"end":{"line":151,"column":33}},"57":{"start":{"line":153,"column":6},"end":{"line":153,"column":16}},"58":{"start":{"line":157,"column":24},"end":{"line":190,"column":3}},"59":{"start":{"line":158,"column":4},"end":{"line":189,"column":5}},"60":{"start":{"line":159,"column":6},"end":{"line":159,"column":29}},"61":{"start":{"line":160,"column":6},"end":{"line":160,"column":28}},"62":{"start":{"line":162,"column":23},"end":{"line":162,"column":60}},"63":{"start":{"line":163,"column":20},"end":{"line":163,"column":38}},"64":{"start":{"line":165,"column":23},"end":{"line":165,"column":62}},"65":{"start":{"line":166,"column":6},"end":{"line":172,"column":7}},"66":{"start":{"line":167,"column":8},"end":{"line":171,"column":10}},"67":{"start":{"line":174,"column":60},"end":{"line":174,"column":68}},"68":{"start":{"line":175,"column":27},"end":{"line":175,"column":79}},"69":{"start":{"line":177,"column":19},"end":{"line":182,"column":8}},"70":{"start":{"line":184,"column":6},"end":{"line":186,"column":7}},"71":{"start":{"line":185,"column":8},"end":{"line":185,"column":35}},"72":{"start":{"line":188,"column":6},"end":{"line":188,"column":16}},"73":{"start":{"line":192,"column":26},"end":{"line":224,"column":3}},"74":{"start":{"line":193,"column":4},"end":{"line":223,"column":5}},"75":{"start":{"line":194,"column":6},"end":{"line":194,"column":29}},"76":{"start":{"line":195,"column":6},"end":{"line":195,"column":28}},"77":{"start":{"line":197,"column":23},"end":{"line":197,"column":62}},"78":{"start":{"line":198,"column":6},"end":{"line":204,"column":7}},"79":{"start":{"line":199,"column":8},"end":{"line":203,"column":10}},"80":{"start":{"line":206,"column":19},"end":{"line":210,"column":8}},"81":{"start":{"line":212,"column":6},"end":{"line":220,"column":7}},"82":{"start":{"line":213,"column":8},"end":{"line":213,"column":68}},"83":{"start":{"line":222,"column":6},"end":{"line":222,"column":16}},"84":{"start":{"line":226,"column":30},"end":{"line":283,"column":3}},"85":{"start":{"line":227,"column":4},"end":{"line":282,"column":5}},"86":{"start":{"line":228,"column":19},"end":{"line":228,"column":21}},"87":{"start":{"line":229,"column":28},"end":{"line":229,"column":60}},"88":{"start":{"line":230,"column":6},"end":{"line":279,"column":7}},"89":{"start":{"line":231,"column":27},"end":{"line":231,"column":52}},"90":{"start":{"line":232,"column":8},"end":{"line":237,"column":9}},"91":{"start":{"line":233,"column":10},"end":{"line":233,"column":58}},"92":{"start":{"line":235,"column":10},"end":{"line":235,"column":39}},"93":{"start":{"line":236,"column":10},"end":{"line":236,"column":43}},"94":{"start":{"line":239,"column":21},"end":{"line":251,"column":10}},"95":{"start":{"line":253,"column":8},"end":{"line":275,"column":9}},"96":{"start":{"line":253,"column":21},"end":{"line":253,"column":22}},"97":{"start":{"line":254,"column":31},"end":{"line":254,"column":32}},"98":{"start":{"line":255,"column":10},"end":{"line":257,"column":11}},"99":{"start":{"line":255,"column":23},"end":{"line":255,"column":24}},"100":{"start":{"line":256,"column":12},"end":{"line":256,"column":67}},"101":{"start":{"line":258,"column":10},"end":{"line":262,"column":11}},"102":{"start":{"line":259,"column":12},"end":{"line":259,"column":31}},"103":{"start":{"line":261,"column":12},"end":{"line":261,"column":64}},"104":{"start":{"line":263,"column":10},"end":{"line":274,"column":13}},"105":{"start":{"line":277,"column":8},"end":{"line":277,"column":65}},"106":{"start":{"line":278,"column":8},"end":{"line":278,"column":37}},"107":{"start":{"line":281,"column":6},"end":{"line":281,"column":16}},"108":{"start":{"line":286,"column":0},"end":{"line":286,"column":36}}},"fnMap":{"0":{"name":"(anonymous_0)","decl":{"start":{"line":6,"column":27},"end":{"line":6,"column":28}},"loc":{"start":{"line":6,"column":53},"end":{"line":63,"column":3}},"line":6},"1":{"name":"(anonymous_1)","decl":{"start":{"line":65,"column":28},"end":{"line":65,"column":29}},"loc":{"start":{"line":65,"column":54},"end":{"line":136,"column":3}},"line":65},"2":{"name":"(anonymous_2)","decl":{"start":{"line":70,"column":31},"end":{"line":70,"column":32}},"loc":{"start":{"line":70,"column":38},"end":{"line":74,"column":9}},"line":70},"3":{"name":"(anonymous_3)","decl":{"start":{"line":138,"column":23},"end":{"line":138,"column":24}},"loc":{"start":{"line":138,"column":49},"end":{"line":155,"column":3}},"line":138},"4":{"name":"(anonymous_4)","decl":{"start":{"line":157,"column":24},"end":{"line":157,"column":25}},"loc":{"start":{"line":157,"column":50},"end":{"line":190,"column":3}},"line":157},"5":{"name":"(anonymous_5)","decl":{"start":{"line":192,"column":26},"end":{"line":192,"column":27}},"loc":{"start":{"line":192,"column":52},"end":{"line":224,"column":3}},"line":192},"6":{"name":"(anonymous_6)","decl":{"start":{"line":226,"column":30},"end":{"line":226,"column":31}},"loc":{"start":{"line":226,"column":56},"end":{"line":283,"column":3}},"line":226}},"branchMap":{"0":{"loc":{"start":{"line":9,"column":6},"end":{"line":59,"column":7}},"type":"if","locations":[{"start":{"line":9,"column":6},"end":{"line":59,"column":7}},{"start":{"line":9,"column":6},"end":{"line":59,"column":7}}],"line":9},"1":{"loc":{"start":{"line":39,"column":10},"end":{"line":43,"column":11}},"type":"if","locations":[{"start":{"line":39,"column":10},"end":{"line":43,"column":11}},{"start":{"line":39,"column":10},"end":{"line":43,"column":11}}],"line":39},"2":{"loc":{"start":{"line":69,"column":6},"end":{"line":132,"column":7}},"type":"if","locations":[{"start":{"line":69,"column":6},"end":{"line":132,"column":7}},{"start":{"line":69,"column":6},"end":{"line":132,"column":7}}],"line":69},"3":{"loc":{"start":{"line":71,"column":10},"end":{"line":73,"column":11}},"type":"if","locations":[{"start":{"line":71,"column":10},"end":{"line":73,"column":11}},{"start":{"line":71,"column":10},"end":{"line":73,"column":11}}],"line":71},"4":{"loc":{"start":{"line":100,"column":8},"end":{"line":106,"column":9}},"type":"if","locations":[{"start":{"line":100,"column":8},"end":{"line":106,"column":9}},{"start":{"line":100,"column":8},"end":{"line":106,"column":9}}],"line":100},"5":{"loc":{"start":{"line":113,"column":8},"end":{"line":117,"column":9}},"type":"if","locations":[{"start":{"line":113,"column":8},"end":{"line":117,"column":9}},{"start":{"line":113,"column":8},"end":{"line":117,"column":9}}],"line":113},"6":{"loc":{"start":{"line":166,"column":6},"end":{"line":172,"column":7}},"type":"if","locations":[{"start":{"line":166,"column":6},"end":{"line":172,"column":7}},{"start":{"line":166,"column":6},"end":{"line":172,"column":7}}],"line":166},"7":{"loc":{"start":{"line":184,"column":6},"end":{"line":186,"column":7}},"type":"if","locations":[{"start":{"line":184,"column":6},"end":{"line":186,"column":7}},{"start":{"line":184,"column":6},"end":{"line":186,"column":7}}],"line":184},"8":{"loc":{"start":{"line":198,"column":6},"end":{"line":204,"column":7}},"type":"if","locations":[{"start":{"line":198,"column":6},"end":{"line":204,"column":7}},{"start":{"line":198,"column":6},"end":{"line":204,"column":7}}],"line":198},"9":{"loc":{"start":{"line":212,"column":6},"end":{"line":220,"column":7}},"type":"if","locations":[{"start":{"line":212,"column":6},"end":{"line":220,"column":7}},{"start":{"line":212,"column":6},"end":{"line":220,"column":7}}],"line":212},"10":{"loc":{"start":{"line":230,"column":6},"end":{"line":279,"column":7}},"type":"if","locations":[{"start":{"line":230,"column":6},"end":{"line":279,"column":7}},{"start":{"line":230,"column":6},"end":{"line":279,"column":7}}],"line":230},"11":{"loc":{"start":{"line":232,"column":8},"end":{"line":237,"column":9}},"type":"if","locations":[{"start":{"line":232,"column":8},"end":{"line":237,"column":9}},{"start":{"line":232,"column":8},"end":{"line":237,"column":9}}],"line":232},"12":{"loc":{"start":{"line":258,"column":10},"end":{"line":262,"column":11}},"type":"if","locations":[{"start":{"line":258,"column":10},"end":{"line":262,"column":11}},{"start":{"line":258,"column":10},"end":{"line":262,"column":11}}],"line":258}},"s":{"0":1,"1":1,"2":1,"3":1,"4":2,"5":2,"6":2,"7":1,"8":1,"9":1,"10":1,"11":1,"12":95,"13":95,"14":95,"15":95,"16":3,"17":95,"18":94,"19":1,"20":95,"21":1,"22":1,"23":0,"24":1,"25":3,"26":3,"27":3,"28":3,"29":1,"30":1,"31":1,"32":2,"33":2,"34":1,"35":1,"36":1,"37":1,"38":1,"39":3,"40":1,"41":0,"42":1,"43":1,"44":1,"45":1,"46":1,"47":1,"48":3,"49":3,"50":3,"51":3,"52":3,"53":3,"54":3,"55":3,"56":2,"57":1,"58":1,"59":3,"60":3,"61":3,"62":3,"63":3,"64":3,"65":3,"66":1,"67":2,"68":2,"69":2,"70":1,"71":1,"72":2,"73":1,"74":2,"75":2,"76":2,"77":2,"78":2,"79":1,"80":1,"81":1,"82":1,"83":1,"84":1,"85":1,"86":1,"87":1,"88":1,"89":1,"90":1,"91":1,"92":0,"93":0,"94":0,"95":0,"96":0,"97":0,"98":0,"99":0,"100":0,"101":0,"102":0,"103":0,"104":0,"105":0,"106":0,"107":0,"108":1},"f":{"0":2,"1":3,"2":1,"3":3,"4":3,"5":2,"6":1},"b":{"0":[1,1],"1":[94,1],"2":[1,2],"3":[1,0],"4":[1,1],"5":[0,1],"6":[1,2],"7":[1,0],"8":[1,1],"9":[1,0],"10":[1,0],"11":[1,0],"12":[0,0]},"_coverageSchema":"1a1c01bbd47fc00a2c39e90264f33305004495a9","hash":"ce6dfe3de362a69367eafd0044816c3e7ffd947b"}
,"C:\\Users\\Majapahit\\Desktop\\Overgeek\\controllers\\paymentController.js": {"path":"C:\\Users\\Majapahit\\Desktop\\Overgeek\\controllers\\paymentController.js","statementMap":{"0":{"start":{"line":1,"column":14},"end":{"line":1,"column":30}},"1":{"start":{"line":2,"column":53},"end":{"line":2,"column":73}},"2":{"start":{"line":3,"column":19},"end":{"line":3,"column":49}},"3":{"start":{"line":4,"column":24},"end":{"line":4,"column":51}},"4":{"start":{"line":5,"column":18},"end":{"line":5,"column":49}},"5":{"start":{"line":6,"column":19},"end":{"line":6,"column":51}},"6":{"start":{"line":10,"column":19},"end":{"line":10,"column":64}},"7":{"start":{"line":12,"column":4},"end":{"line":41,"column":6}},"8":{"start":{"line":37,"column":6},"end":{"line":37,"column":37}},"9":{"start":{"line":40,"column":6},"end":{"line":40,"column":22}},"10":{"start":{"line":44,"column":25},"end":{"line":71,"column":3}},"11":{"start":{"line":45,"column":4},"end":{"line":70,"column":5}},"12":{"start":{"line":47,"column":32},"end":{"line":47,"column":60}},"13":{"start":{"line":48,"column":6},"end":{"line":52,"column":7}},"14":{"start":{"line":48,"column":19},"end":{"line":48,"column":20}},"15":{"start":{"line":49,"column":8},"end":{"line":51,"column":9}},"16":{"start":{"line":50,"column":10},"end":{"line":50,"column":47}},"17":{"start":{"line":53,"column":31},"end":{"line":57,"column":8}},"18":{"start":{"line":58,"column":26},"end":{"line":65,"column":8}},"19":{"start":{"line":66,"column":6},"end":{"line":66,"column":39}},"20":{"start":{"line":68,"column":6},"end":{"line":68,"column":22}},"21":{"start":{"line":69,"column":6},"end":{"line":69,"column":15}},"22":{"start":{"line":74,"column":4},"end":{"line":74,"column":32}},"23":{"start":{"line":75,"column":4},"end":{"line":77,"column":5}},"24":{"start":{"line":81,"column":4},"end":{"line":98,"column":6}},"25":{"start":{"line":94,"column":6},"end":{"line":94,"column":37}},"26":{"start":{"line":97,"column":6},"end":{"line":97,"column":22}},"27":{"start":{"line":100,"column":16},"end":{"line":151,"column":3}},"28":{"start":{"line":101,"column":4},"end":{"line":101,"column":36}},"29":{"start":{"line":102,"column":4},"end":{"line":149,"column":5}},"30":{"start":{"line":103,"column":26},"end":{"line":105,"column":9}},"31":{"start":{"line":106,"column":23},"end":{"line":110,"column":8}},"32":{"start":{"line":112,"column":32},"end":{"line":112,"column":60}},"33":{"start":{"line":113,"column":6},"end":{"line":117,"column":7}},"34":{"start":{"line":113,"column":19},"end":{"line":113,"column":20}},"35":{"start":{"line":114,"column":8},"end":{"line":116,"column":9}},"36":{"start":{"line":115,"column":10},"end":{"line":115,"column":47}},"37":{"start":{"line":118,"column":6},"end":{"line":118,"column":38}},"38":{"start":{"line":119,"column":31},"end":{"line":123,"column":8}},"39":{"start":{"line":125,"column":26},"end":{"line":125,"column":45}},"40":{"start":{"line":127,"column":19},"end":{"line":131,"column":7}},"41":{"start":{"line":133,"column":25},"end":{"line":138,"column":8}},"42":{"start":{"line":139,"column":30},"end":{"line":143,"column":8}},"43":{"start":{"line":144,"column":6},"end":{"line":144,"column":43}},"44":{"start":{"line":147,"column":6},"end":{"line":147,"column":22}},"45":{"start":{"line":148,"column":6},"end":{"line":148,"column":15}},"46":{"start":{"line":155,"column":13},"end":{"line":155,"column":35}},"47":{"start":{"line":156,"column":19},"end":{"line":156,"column":21}},"48":{"start":{"line":157,"column":4},"end":{"line":188,"column":6}},"49":{"start":{"line":161,"column":6},"end":{"line":179,"column":7}},"50":{"start":{"line":162,"column":8},"end":{"line":162,"column":46}},"51":{"start":{"line":163,"column":8},"end":{"line":163,"column":44}},"52":{"start":{"line":164,"column":8},"end":{"line":175,"column":10}},"53":{"start":{"line":178,"column":8},"end":{"line":178,"column":40}},"54":{"start":{"line":182,"column":6},"end":{"line":182,"column":37}},"55":{"start":{"line":183,"column":6},"end":{"line":184,"column":7}},"56":{"start":{"line":187,"column":6},"end":{"line":187,"column":22}},"57":{"start":{"line":192,"column":0},"end":{"line":192,"column":34}}},"fnMap":{"0":{"name":"(anonymous_0)","decl":{"start":{"line":9,"column":2},"end":{"line":9,"column":3}},"loc":{"start":{"line":9,"column":36},"end":{"line":42,"column":3}},"line":9},"1":{"name":"(anonymous_1)","decl":{"start":{"line":36,"column":10},"end":{"line":36,"column":11}},"loc":{"start":{"line":36,"column":18},"end":{"line":38,"column":5}},"line":36},"2":{"name":"(anonymous_2)","decl":{"start":{"line":39,"column":11},"end":{"line":39,"column":12}},"loc":{"start":{"line":39,"column":18},"end":{"line":41,"column":5}},"line":39},"3":{"name":"(anonymous_3)","decl":{"start":{"line":44,"column":25},"end":{"line":44,"column":26}},"loc":{"start":{"line":44,"column":50},"end":{"line":71,"column":3}},"line":44},"4":{"name":"(anonymous_4)","decl":{"start":{"line":73,"column":2},"end":{"line":73,"column":3}},"loc":{"start":{"line":73,"column":29},"end":{"line":78,"column":3}},"line":73},"5":{"name":"(anonymous_5)","decl":{"start":{"line":80,"column":2},"end":{"line":80,"column":3}},"loc":{"start":{"line":80,"column":30},"end":{"line":99,"column":3}},"line":80},"6":{"name":"(anonymous_6)","decl":{"start":{"line":93,"column":10},"end":{"line":93,"column":11}},"loc":{"start":{"line":93,"column":18},"end":{"line":95,"column":5}},"line":93},"7":{"name":"(anonymous_7)","decl":{"start":{"line":96,"column":11},"end":{"line":96,"column":12}},"loc":{"start":{"line":96,"column":18},"end":{"line":98,"column":5}},"line":96},"8":{"name":"(anonymous_8)","decl":{"start":{"line":100,"column":16},"end":{"line":100,"column":17}},"loc":{"start":{"line":100,"column":42},"end":{"line":151,"column":3}},"line":100},"9":{"name":"(anonymous_9)","decl":{"start":{"line":154,"column":2},"end":{"line":154,"column":3}},"loc":{"start":{"line":154,"column":36},"end":{"line":189,"column":3}},"line":154},"10":{"name":"(anonymous_10)","decl":{"start":{"line":160,"column":10},"end":{"line":160,"column":11}},"loc":{"start":{"line":160,"column":18},"end":{"line":180,"column":5}},"line":160},"11":{"name":"(anonymous_11)","decl":{"start":{"line":181,"column":10},"end":{"line":181,"column":11}},"loc":{"start":{"line":181,"column":18},"end":{"line":185,"column":5}},"line":181},"12":{"name":"(anonymous_12)","decl":{"start":{"line":186,"column":11},"end":{"line":186,"column":12}},"loc":{"start":{"line":186,"column":18},"end":{"line":188,"column":5}},"line":186}},"branchMap":{"0":{"loc":{"start":{"line":49,"column":8},"end":{"line":51,"column":9}},"type":"if","locations":[{"start":{"line":49,"column":8},"end":{"line":51,"column":9}},{"start":{"line":49,"column":8},"end":{"line":51,"column":9}}],"line":49},"1":{"loc":{"start":{"line":75,"column":4},"end":{"line":77,"column":5}},"type":"if","locations":[{"start":{"line":75,"column":4},"end":{"line":77,"column":5}},{"start":{"line":75,"column":4},"end":{"line":77,"column":5}}],"line":75},"2":{"loc":{"start":{"line":114,"column":8},"end":{"line":116,"column":9}},"type":"if","locations":[{"start":{"line":114,"column":8},"end":{"line":116,"column":9}},{"start":{"line":114,"column":8},"end":{"line":116,"column":9}}],"line":114},"3":{"loc":{"start":{"line":161,"column":6},"end":{"line":179,"column":7}},"type":"if","locations":[{"start":{"line":161,"column":6},"end":{"line":179,"column":7}},{"start":{"line":161,"column":6},"end":{"line":179,"column":7}}],"line":161},"4":{"loc":{"start":{"line":183,"column":6},"end":{"line":184,"column":7}},"type":"if","locations":[{"start":{"line":183,"column":6},"end":{"line":184,"column":7}},{"start":{"line":183,"column":6},"end":{"line":184,"column":7}}],"line":183}},"s":{"0":1,"1":1,"2":1,"3":1,"4":1,"5":1,"6":0,"7":0,"8":0,"9":0,"10":1,"11":0,"12":0,"13":0,"14":0,"15":0,"16":0,"17":0,"18":0,"19":0,"20":0,"21":0,"22":0,"23":0,"24":0,"25":0,"26":0,"27":1,"28":0,"29":0,"30":0,"31":0,"32":0,"33":0,"34":0,"35":0,"36":0,"37":0,"38":0,"39":0,"40":0,"41":0,"42":0,"43":0,"44":0,"45":0,"46":0,"47":0,"48":0,"49":0,"50":0,"51":0,"52":0,"53":0,"54":0,"55":0,"56":0,"57":1},"f":{"0":0,"1":0,"2":0,"3":0,"4":0,"5":0,"6":0,"7":0,"8":0,"9":0,"10":0,"11":0,"12":0},"b":{"0":[0,0],"1":[0,0],"2":[0,0],"3":[0,0],"4":[0,0]},"_coverageSchema":"1a1c01bbd47fc00a2c39e90264f33305004495a9","hash":"bc9f084379187194e800e6e09e50fb7817b6f62b"}
,"C:\\Users\\Majapahit\\Desktop\\Overgeek\\controllers\\ratingController.js": {"path":"C:\\Users\\Majapahit\\Desktop\\Overgeek\\controllers\\ratingController.js","statementMap":{"0":{"start":{"line":1,"column":19},"end":{"line":1,"column":40}},"1":{"start":{"line":4,"column":21},"end":{"line":36,"column":3}},"2":{"start":{"line":5,"column":4},"end":{"line":35,"column":5}},"3":{"start":{"line":6,"column":25},"end":{"line":10,"column":8}},"4":{"start":{"line":11,"column":20},"end":{"line":11,"column":37}},"5":{"start":{"line":12,"column":6},"end":{"line":16,"column":7}},"6":{"start":{"line":12,"column":19},"end":{"line":12,"column":20}},"7":{"start":{"line":13,"column":8},"end":{"line":15,"column":9}},"8":{"start":{"line":14,"column":10},"end":{"line":14,"column":19}},"9":{"start":{"line":17,"column":6},"end":{"line":32,"column":7}},"10":{"start":{"line":18,"column":27},"end":{"line":22,"column":9}},"11":{"start":{"line":23,"column":21},"end":{"line":23,"column":52}},"12":{"start":{"line":25,"column":8},"end":{"line":25,"column":34}},"13":{"start":{"line":27,"column":8},"end":{"line":31,"column":9}},"14":{"start":{"line":34,"column":6},"end":{"line":34,"column":15}},"15":{"start":{"line":39,"column":0},"end":{"line":39,"column":33}}},"fnMap":{"0":{"name":"(anonymous_0)","decl":{"start":{"line":4,"column":21},"end":{"line":4,"column":22}},"loc":{"start":{"line":4,"column":47},"end":{"line":36,"column":3}},"line":4}},"branchMap":{"0":{"loc":{"start":{"line":13,"column":8},"end":{"line":15,"column":9}},"type":"if","locations":[{"start":{"line":13,"column":8},"end":{"line":15,"column":9}},{"start":{"line":13,"column":8},"end":{"line":15,"column":9}}],"line":13},"1":{"loc":{"start":{"line":17,"column":6},"end":{"line":32,"column":7}},"type":"if","locations":[{"start":{"line":17,"column":6},"end":{"line":32,"column":7}},{"start":{"line":17,"column":6},"end":{"line":32,"column":7}}],"line":17}},"s":{"0":1,"1":1,"2":0,"3":0,"4":0,"5":0,"6":0,"7":0,"8":0,"9":0,"10":0,"11":0,"12":0,"13":0,"14":0,"15":1},"f":{"0":0},"b":{"0":[0,0],"1":[0,0]},"_coverageSchema":"1a1c01bbd47fc00a2c39e90264f33305004495a9","hash":"9717d244c9a218442365f1cc092782c4ec28792d"}
,"C:\\Users\\Majapahit\\Desktop\\Overgeek\\controllers\\subscriptionController.js": {"path":"C:\\Users\\Majapahit\\Desktop\\Overgeek\\controllers\\subscriptionController.js","statementMap":{"0":{"start":{"line":1,"column":25},"end":{"line":1,"column":46}},"1":{"start":{"line":2,"column":14},"end":{"line":2,"column":39}},"2":{"start":{"line":5,"column":27},"end":{"line":19,"column":3}},"3":{"start":{"line":6,"column":4},"end":{"line":18,"column":5}},"4":{"start":{"line":7,"column":6},"end":{"line":7,"column":33}},"5":{"start":{"line":9,"column":43},"end":{"line":9,"column":51}},"6":{"start":{"line":10,"column":31},"end":{"line":10,"column":59}},"7":{"start":{"line":12,"column":19},"end":{"line":12,"column":62}},"8":{"start":{"line":14,"column":6},"end":{"line":14,"column":33}},"9":{"start":{"line":15,"column":6},"end":{"line":15,"column":38}},"10":{"start":{"line":17,"column":6},"end":{"line":17,"column":15}},"11":{"start":{"line":21,"column":32},"end":{"line":35,"column":3}},"12":{"start":{"line":22,"column":4},"end":{"line":34,"column":5}},"13":{"start":{"line":23,"column":31},"end":{"line":23,"column":63}},"14":{"start":{"line":24,"column":6},"end":{"line":30,"column":7}},"15":{"start":{"line":25,"column":8},"end":{"line":25,"column":58}},"16":{"start":{"line":27,"column":21},"end":{"line":27,"column":49}},"17":{"start":{"line":28,"column":8},"end":{"line":28,"column":34}},"18":{"start":{"line":29,"column":8},"end":{"line":29,"column":62}},"19":{"start":{"line":33,"column":6},"end":{"line":33,"column":15}},"20":{"start":{"line":37,"column":28},"end":{"line":71,"column":3}},"21":{"start":{"line":38,"column":4},"end":{"line":70,"column":5}},"22":{"start":{"line":39,"column":6},"end":{"line":39,"column":33}},"23":{"start":{"line":41,"column":23},"end":{"line":41,"column":66}},"24":{"start":{"line":42,"column":6},"end":{"line":48,"column":7}},"25":{"start":{"line":43,"column":8},"end":{"line":47,"column":9}},"26":{"start":{"line":50,"column":43},"end":{"line":50,"column":51}},"27":{"start":{"line":51,"column":31},"end":{"line":51,"column":59}},"28":{"start":{"line":53,"column":19},"end":{"line":58,"column":8}},"29":{"start":{"line":59,"column":6},"end":{"line":67,"column":7}},"30":{"start":{"line":60,"column":8},"end":{"line":60,"column":34}},"31":{"start":{"line":62,"column":8},"end":{"line":66,"column":9}},"32":{"start":{"line":69,"column":6},"end":{"line":69,"column":15}},"33":{"start":{"line":73,"column":30},"end":{"line":104,"column":3}},"34":{"start":{"line":74,"column":4},"end":{"line":103,"column":5}},"35":{"start":{"line":75,"column":6},"end":{"line":75,"column":33}},"36":{"start":{"line":77,"column":23},"end":{"line":77,"column":66}},"37":{"start":{"line":78,"column":6},"end":{"line":84,"column":7}},"38":{"start":{"line":79,"column":8},"end":{"line":83,"column":9}},"39":{"start":{"line":86,"column":19},"end":{"line":90,"column":8}},"40":{"start":{"line":92,"column":6},"end":{"line":100,"column":7}},"41":{"start":{"line":93,"column":8},"end":{"line":93,"column":65}},"42":{"start":{"line":95,"column":8},"end":{"line":99,"column":9}},"43":{"start":{"line":102,"column":6},"end":{"line":102,"column":15}},"44":{"start":{"line":107,"column":0},"end":{"line":107,"column":38}}},"fnMap":{"0":{"name":"(anonymous_0)","decl":{"start":{"line":5,"column":27},"end":{"line":5,"column":28}},"loc":{"start":{"line":5,"column":53},"end":{"line":19,"column":3}},"line":5},"1":{"name":"(anonymous_1)","decl":{"start":{"line":21,"column":32},"end":{"line":21,"column":33}},"loc":{"start":{"line":21,"column":58},"end":{"line":35,"column":3}},"line":21},"2":{"name":"(anonymous_2)","decl":{"start":{"line":37,"column":28},"end":{"line":37,"column":29}},"loc":{"start":{"line":37,"column":54},"end":{"line":71,"column":3}},"line":37},"3":{"name":"(anonymous_3)","decl":{"start":{"line":73,"column":30},"end":{"line":73,"column":31}},"loc":{"start":{"line":73,"column":56},"end":{"line":104,"column":3}},"line":73}},"branchMap":{"0":{"loc":{"start":{"line":24,"column":6},"end":{"line":30,"column":7}},"type":"if","locations":[{"start":{"line":24,"column":6},"end":{"line":30,"column":7}},{"start":{"line":24,"column":6},"end":{"line":30,"column":7}}],"line":24},"1":{"loc":{"start":{"line":42,"column":6},"end":{"line":48,"column":7}},"type":"if","locations":[{"start":{"line":42,"column":6},"end":{"line":48,"column":7}},{"start":{"line":42,"column":6},"end":{"line":48,"column":7}}],"line":42},"2":{"loc":{"start":{"line":59,"column":6},"end":{"line":67,"column":7}},"type":"if","locations":[{"start":{"line":59,"column":6},"end":{"line":67,"column":7}},{"start":{"line":59,"column":6},"end":{"line":67,"column":7}}],"line":59},"3":{"loc":{"start":{"line":78,"column":6},"end":{"line":84,"column":7}},"type":"if","locations":[{"start":{"line":78,"column":6},"end":{"line":84,"column":7}},{"start":{"line":78,"column":6},"end":{"line":84,"column":7}}],"line":78},"4":{"loc":{"start":{"line":92,"column":6},"end":{"line":100,"column":7}},"type":"if","locations":[{"start":{"line":92,"column":6},"end":{"line":100,"column":7}},{"start":{"line":92,"column":6},"end":{"line":100,"column":7}}],"line":92}},"s":{"0":1,"1":1,"2":1,"3":0,"4":0,"5":0,"6":0,"7":0,"8":0,"9":0,"10":0,"11":1,"12":0,"13":0,"14":0,"15":0,"16":0,"17":0,"18":0,"19":0,"20":1,"21":0,"22":0,"23":0,"24":0,"25":0,"26":0,"27":0,"28":0,"29":0,"30":0,"31":0,"32":0,"33":1,"34":0,"35":0,"36":0,"37":0,"38":0,"39":0,"40":0,"41":0,"42":0,"43":0,"44":1},"f":{"0":0,"1":0,"2":0,"3":0},"b":{"0":[0,0],"1":[0,0],"2":[0,0],"3":[0,0],"4":[0,0]},"_coverageSchema":"1a1c01bbd47fc00a2c39e90264f33305004495a9","hash":"4d77443e7d29db5735217eeaa0e780a68a3f70ac"}
,"C:\\Users\\Majapahit\\Desktop\\Overgeek\\controllers\\userController.js": {"path":"C:\\Users\\Majapahit\\Desktop\\Overgeek\\controllers\\userController.js","statementMap":{"0":{"start":{"line":1,"column":31},"end":{"line":1,"column":51}},"1":{"start":{"line":2,"column":18},"end":{"line":2,"column":49}},"2":{"start":{"line":3,"column":28},"end":{"line":3,"column":56}},"3":{"start":{"line":4,"column":26},"end":{"line":4,"column":51}},"4":{"start":{"line":5,"column":14},"end":{"line":5,"column":39}},"5":{"start":{"line":8,"column":20},"end":{"line":34,"column":3}},"6":{"start":{"line":9,"column":4},"end":{"line":33,"column":5}},"7":{"start":{"line":10,"column":6},"end":{"line":10,"column":30}},"8":{"start":{"line":12,"column":23},"end":{"line":20,"column":7}},"9":{"start":{"line":22,"column":19},"end":{"line":22,"column":46}},"10":{"start":{"line":24,"column":6},"end":{"line":30,"column":9}},"11":{"start":{"line":32,"column":6},"end":{"line":32,"column":16}},"12":{"start":{"line":36,"column":17},"end":{"line":98,"column":3}},"13":{"start":{"line":37,"column":4},"end":{"line":97,"column":5}},"14":{"start":{"line":38,"column":6},"end":{"line":38,"column":30}},"15":{"start":{"line":40,"column":34},"end":{"line":40,"column":42}},"16":{"start":{"line":41,"column":17},"end":{"line":45,"column":8}},"17":{"start":{"line":47,"column":6},"end":{"line":53,"column":7}},"18":{"start":{"line":48,"column":8},"end":{"line":52,"column":11}},"19":{"start":{"line":55,"column":6},"end":{"line":61,"column":7}},"20":{"start":{"line":56,"column":8},"end":{"line":60,"column":10}},"21":{"start":{"line":63,"column":6},"end":{"line":72,"column":7}},"22":{"start":{"line":64,"column":26},"end":{"line":71,"column":10}},"23":{"start":{"line":74,"column":31},"end":{"line":74,"column":71}},"24":{"start":{"line":75,"column":6},"end":{"line":81,"column":7}},"25":{"start":{"line":76,"column":8},"end":{"line":80,"column":10}},"26":{"start":{"line":83,"column":27},"end":{"line":90,"column":8}},"27":{"start":{"line":92,"column":6},"end":{"line":94,"column":9}},"28":{"start":{"line":96,"column":6},"end":{"line":96,"column":16}},"29":{"start":{"line":100,"column":20},"end":{"line":141,"column":3}},"30":{"start":{"line":101,"column":4},"end":{"line":140,"column":5}},"31":{"start":{"line":102,"column":6},"end":{"line":102,"column":30}},"32":{"start":{"line":104,"column":23},"end":{"line":108,"column":8}},"33":{"start":{"line":110,"column":32},"end":{"line":110,"column":60}},"34":{"start":{"line":111,"column":6},"end":{"line":116,"column":7}},"35":{"start":{"line":111,"column":19},"end":{"line":111,"column":20}},"36":{"start":{"line":113,"column":8},"end":{"line":115,"column":9}},"37":{"start":{"line":114,"column":10},"end":{"line":114,"column":47}},"38":{"start":{"line":117,"column":6},"end":{"line":121,"column":8}},"39":{"start":{"line":123,"column":26},"end":{"line":123,"column":45}},"40":{"start":{"line":125,"column":19},"end":{"line":129,"column":7}},"41":{"start":{"line":131,"column":25},"end":{"line":136,"column":8}},"42":{"start":{"line":137,"column":6},"end":{"line":137,"column":39}},"43":{"start":{"line":139,"column":6},"end":{"line":139,"column":16}},"44":{"start":{"line":143,"column":20},"end":{"line":170,"column":3}},"45":{"start":{"line":144,"column":4},"end":{"line":169,"column":5}},"46":{"start":{"line":145,"column":24},"end":{"line":145,"column":48}},"47":{"start":{"line":146,"column":6},"end":{"line":166,"column":7}},"48":{"start":{"line":147,"column":8},"end":{"line":147,"column":51}},"49":{"start":{"line":149,"column":21},"end":{"line":153,"column":10}},"50":{"start":{"line":155,"column":21},"end":{"line":162,"column":9}},"51":{"start":{"line":164,"column":8},"end":{"line":164,"column":35}},"52":{"start":{"line":165,"column":8},"end":{"line":165,"column":54}},"53":{"start":{"line":168,"column":6},"end":{"line":168,"column":16}},"54":{"start":{"line":172,"column":27},"end":{"line":178,"column":3}},"55":{"start":{"line":173,"column":4},"end":{"line":177,"column":5}},"56":{"start":{"line":176,"column":6},"end":{"line":176,"column":15}},"57":{"start":{"line":181,"column":0},"end":{"line":181,"column":32}}},"fnMap":{"0":{"name":"(anonymous_0)","decl":{"start":{"line":8,"column":20},"end":{"line":8,"column":21}},"loc":{"start":{"line":8,"column":46},"end":{"line":34,"column":3}},"line":8},"1":{"name":"(anonymous_1)","decl":{"start":{"line":36,"column":17},"end":{"line":36,"column":18}},"loc":{"start":{"line":36,"column":43},"end":{"line":98,"column":3}},"line":36},"2":{"name":"(anonymous_2)","decl":{"start":{"line":100,"column":20},"end":{"line":100,"column":21}},"loc":{"start":{"line":100,"column":46},"end":{"line":141,"column":3}},"line":100},"3":{"name":"(anonymous_3)","decl":{"start":{"line":143,"column":20},"end":{"line":143,"column":21}},"loc":{"start":{"line":143,"column":46},"end":{"line":170,"column":3}},"line":143},"4":{"name":"(anonymous_4)","decl":{"start":{"line":172,"column":27},"end":{"line":172,"column":28}},"loc":{"start":{"line":172,"column":53},"end":{"line":178,"column":3}},"line":172}},"branchMap":{"0":{"loc":{"start":{"line":47,"column":6},"end":{"line":53,"column":7}},"type":"if","locations":[{"start":{"line":47,"column":6},"end":{"line":53,"column":7}},{"start":{"line":47,"column":6},"end":{"line":53,"column":7}}],"line":47},"1":{"loc":{"start":{"line":55,"column":6},"end":{"line":61,"column":7}},"type":"if","locations":[{"start":{"line":55,"column":6},"end":{"line":61,"column":7}},{"start":{"line":55,"column":6},"end":{"line":61,"column":7}}],"line":55},"2":{"loc":{"start":{"line":63,"column":6},"end":{"line":72,"column":7}},"type":"if","locations":[{"start":{"line":63,"column":6},"end":{"line":72,"column":7}},{"start":{"line":63,"column":6},"end":{"line":72,"column":7}}],"line":63},"3":{"loc":{"start":{"line":75,"column":6},"end":{"line":81,"column":7}},"type":"if","locations":[{"start":{"line":75,"column":6},"end":{"line":81,"column":7}},{"start":{"line":75,"column":6},"end":{"line":81,"column":7}}],"line":75},"4":{"loc":{"start":{"line":113,"column":8},"end":{"line":115,"column":9}},"type":"if","locations":[{"start":{"line":113,"column":8},"end":{"line":115,"column":9}},{"start":{"line":113,"column":8},"end":{"line":115,"column":9}}],"line":113},"5":{"loc":{"start":{"line":146,"column":6},"end":{"line":166,"column":7}},"type":"if","locations":[{"start":{"line":146,"column":6},"end":{"line":166,"column":7}},{"start":{"line":146,"column":6},"end":{"line":166,"column":7}}],"line":146}},"s":{"0":1,"1":1,"2":1,"3":1,"4":1,"5":1,"6":0,"7":0,"8":0,"9":0,"10":0,"11":0,"12":1,"13":0,"14":0,"15":0,"16":0,"17":0,"18":0,"19":0,"20":0,"21":0,"22":0,"23":0,"24":0,"25":0,"26":0,"27":0,"28":0,"29":1,"30":0,"31":0,"32":0,"33":0,"34":0,"35":0,"36":0,"37":0,"38":0,"39":0,"40":0,"41":0,"42":0,"43":0,"44":1,"45":0,"46":0,"47":0,"48":0,"49":0,"50":0,"51":0,"52":0,"53":0,"54":1,"55":0,"56":0,"57":1},"f":{"0":0,"1":0,"2":0,"3":0,"4":0},"b":{"0":[0,0],"1":[0,0],"2":[0,0],"3":[0,0],"4":[0,0],"5":[0,0]},"_coverageSchema":"1a1c01bbd47fc00a2c39e90264f33305004495a9","hash":"1104949926ad60ce4b2725cdfcae66de02bac41f"}
,"C:\\Users\\Majapahit\\Desktop\\Overgeek\\controllers\\videoController.js": {"path":"C:\\Users\\Majapahit\\Desktop\\Overgeek\\controllers\\videoController.js","statementMap":{"0":{"start":{"line":1,"column":19},"end":{"line":1,"column":40}},"1":{"start":{"line":2,"column":11},"end":{"line":2,"column":24}},"2":{"start":{"line":3,"column":14},"end":{"line":3,"column":33}},"3":{"start":{"line":6,"column":25},"end":{"line":20,"column":3}},"4":{"start":{"line":7,"column":4},"end":{"line":19,"column":5}},"5":{"start":{"line":8,"column":25},"end":{"line":8,"column":50}},"6":{"start":{"line":9,"column":6},"end":{"line":16,"column":7}},"7":{"start":{"line":10,"column":8},"end":{"line":10,"column":53}},"8":{"start":{"line":12,"column":21},"end":{"line":12,"column":42}},"9":{"start":{"line":14,"column":8},"end":{"line":14,"column":34}},"10":{"start":{"line":15,"column":8},"end":{"line":15,"column":55}},"11":{"start":{"line":18,"column":6},"end":{"line":18,"column":15}},"12":{"start":{"line":22,"column":24},"end":{"line":43,"column":3}},"13":{"start":{"line":23,"column":4},"end":{"line":42,"column":5}},"14":{"start":{"line":24,"column":27},"end":{"line":24,"column":51}},"15":{"start":{"line":25,"column":6},"end":{"line":39,"column":7}},"16":{"start":{"line":26,"column":8},"end":{"line":30,"column":11}},"17":{"start":{"line":27,"column":10},"end":{"line":29,"column":11}},"18":{"start":{"line":28,"column":12},"end":{"line":28,"column":52}},"19":{"start":{"line":32,"column":21},"end":{"line":36,"column":10}},"20":{"start":{"line":37,"column":8},"end":{"line":37,"column":54}},"21":{"start":{"line":38,"column":8},"end":{"line":38,"column":34}},"22":{"start":{"line":41,"column":6},"end":{"line":41,"column":15}},"23":{"start":{"line":45,"column":20},"end":{"line":64,"column":3}},"24":{"start":{"line":46,"column":4},"end":{"line":63,"column":5}},"25":{"start":{"line":47,"column":6},"end":{"line":47,"column":32}},"26":{"start":{"line":48,"column":6},"end":{"line":48,"column":31}},"27":{"start":{"line":50,"column":48},"end":{"line":50,"column":56}},"28":{"start":{"line":51,"column":19},"end":{"line":57,"column":8}},"29":{"start":{"line":59,"column":6},"end":{"line":59,"column":32}},"30":{"start":{"line":61,"column":6},"end":{"line":61,"column":22}},"31":{"start":{"line":62,"column":6},"end":{"line":62,"column":15}},"32":{"start":{"line":66,"column":23},"end":{"line":98,"column":3}},"33":{"start":{"line":67,"column":4},"end":{"line":97,"column":5}},"34":{"start":{"line":68,"column":6},"end":{"line":68,"column":32}},"35":{"start":{"line":69,"column":6},"end":{"line":69,"column":31}},"36":{"start":{"line":71,"column":23},"end":{"line":71,"column":59}},"37":{"start":{"line":72,"column":6},"end":{"line":78,"column":7}},"38":{"start":{"line":73,"column":8},"end":{"line":77,"column":9}},"39":{"start":{"line":80,"column":19},"end":{"line":84,"column":8}},"40":{"start":{"line":86,"column":6},"end":{"line":94,"column":7}},"41":{"start":{"line":87,"column":8},"end":{"line":87,"column":62}},"42":{"start":{"line":89,"column":8},"end":{"line":93,"column":9}},"43":{"start":{"line":96,"column":6},"end":{"line":96,"column":15}},"44":{"start":{"line":100,"column":21},"end":{"line":127,"column":3}},"45":{"start":{"line":101,"column":4},"end":{"line":126,"column":5}},"46":{"start":{"line":102,"column":6},"end":{"line":102,"column":32}},"47":{"start":{"line":103,"column":6},"end":{"line":103,"column":31}},"48":{"start":{"line":105,"column":23},"end":{"line":105,"column":59}},"49":{"start":{"line":106,"column":6},"end":{"line":112,"column":7}},"50":{"start":{"line":107,"column":8},"end":{"line":111,"column":9}},"51":{"start":{"line":114,"column":48},"end":{"line":114,"column":56}},"52":{"start":{"line":115,"column":24},"end":{"line":115,"column":57}},"53":{"start":{"line":117,"column":19},"end":{"line":122,"column":8}},"54":{"start":{"line":123,"column":6},"end":{"line":123,"column":32}},"55":{"start":{"line":125,"column":6},"end":{"line":125,"column":15}},"56":{"start":{"line":130,"column":0},"end":{"line":130,"column":32}}},"fnMap":{"0":{"name":"(anonymous_0)","decl":{"start":{"line":6,"column":25},"end":{"line":6,"column":26}},"loc":{"start":{"line":6,"column":51},"end":{"line":20,"column":3}},"line":6},"1":{"name":"(anonymous_1)","decl":{"start":{"line":22,"column":24},"end":{"line":22,"column":25}},"loc":{"start":{"line":22,"column":50},"end":{"line":43,"column":3}},"line":22},"2":{"name":"(anonymous_2)","decl":{"start":{"line":26,"column":29},"end":{"line":26,"column":30}},"loc":{"start":{"line":26,"column":34},"end":{"line":30,"column":9}},"line":26},"3":{"name":"(anonymous_3)","decl":{"start":{"line":45,"column":20},"end":{"line":45,"column":21}},"loc":{"start":{"line":45,"column":46},"end":{"line":64,"column":3}},"line":45},"4":{"name":"(anonymous_4)","decl":{"start":{"line":66,"column":23},"end":{"line":66,"column":24}},"loc":{"start":{"line":66,"column":49},"end":{"line":98,"column":3}},"line":66},"5":{"name":"(anonymous_5)","decl":{"start":{"line":100,"column":21},"end":{"line":100,"column":22}},"loc":{"start":{"line":100,"column":47},"end":{"line":127,"column":3}},"line":100}},"branchMap":{"0":{"loc":{"start":{"line":9,"column":6},"end":{"line":16,"column":7}},"type":"if","locations":[{"start":{"line":9,"column":6},"end":{"line":16,"column":7}},{"start":{"line":9,"column":6},"end":{"line":16,"column":7}}],"line":9},"1":{"loc":{"start":{"line":25,"column":6},"end":{"line":39,"column":7}},"type":"if","locations":[{"start":{"line":25,"column":6},"end":{"line":39,"column":7}},{"start":{"line":25,"column":6},"end":{"line":39,"column":7}}],"line":25},"2":{"loc":{"start":{"line":27,"column":10},"end":{"line":29,"column":11}},"type":"if","locations":[{"start":{"line":27,"column":10},"end":{"line":29,"column":11}},{"start":{"line":27,"column":10},"end":{"line":29,"column":11}}],"line":27},"3":{"loc":{"start":{"line":72,"column":6},"end":{"line":78,"column":7}},"type":"if","locations":[{"start":{"line":72,"column":6},"end":{"line":78,"column":7}},{"start":{"line":72,"column":6},"end":{"line":78,"column":7}}],"line":72},"4":{"loc":{"start":{"line":86,"column":6},"end":{"line":94,"column":7}},"type":"if","locations":[{"start":{"line":86,"column":6},"end":{"line":94,"column":7}},{"start":{"line":86,"column":6},"end":{"line":94,"column":7}}],"line":86},"5":{"loc":{"start":{"line":106,"column":6},"end":{"line":112,"column":7}},"type":"if","locations":[{"start":{"line":106,"column":6},"end":{"line":112,"column":7}},{"start":{"line":106,"column":6},"end":{"line":112,"column":7}}],"line":106}},"s":{"0":1,"1":1,"2":1,"3":1,"4":0,"5":0,"6":0,"7":0,"8":0,"9":0,"10":0,"11":0,"12":1,"13":0,"14":0,"15":0,"16":0,"17":0,"18":0,"19":0,"20":0,"21":0,"22":0,"23":1,"24":0,"25":0,"26":0,"27":0,"28":0,"29":0,"30":0,"31":0,"32":1,"33":0,"34":0,"35":0,"36":0,"37":0,"38":0,"39":0,"40":0,"41":0,"42":0,"43":0,"44":1,"45":0,"46":0,"47":0,"48":0,"49":0,"50":0,"51":0,"52":0,"53":0,"54":0,"55":0,"56":1},"f":{"0":0,"1":0,"2":0,"3":0,"4":0,"5":0},"b":{"0":[0,0],"1":[0,0],"2":[0,0],"3":[0,0],"4":[0,0],"5":[0,0]},"_coverageSchema":"1a1c01bbd47fc00a2c39e90264f33305004495a9","hash":"662e579624287c25c9d054e96ae1cb258b5b650c"}
,"C:\\Users\\Majapahit\\Desktop\\Overgeek\\helpers\\bcrypt.js": {"path":"C:\\Users\\Majapahit\\Desktop\\Overgeek\\helpers\\bcrypt.js","statementMap":{"0":{"start":{"line":1,"column":15},"end":{"line":1,"column":32}},"1":{"start":{"line":4,"column":15},"end":{"line":4,"column":37}},"2":{"start":{"line":5,"column":2},"end":{"line":5,"column":40}},"3":{"start":{"line":9,"column":2},"end":{"line":9,"column":53}},"4":{"start":{"line":12,"column":0},"end":{"line":12,"column":50}}},"fnMap":{"0":{"name":"hashPassword","decl":{"start":{"line":3,"column":9},"end":{"line":3,"column":21}},"loc":{"start":{"line":3,"column":32},"end":{"line":6,"column":1}},"line":3},"1":{"name":"comparePassword","decl":{"start":{"line":8,"column":9},"end":{"line":8,"column":24}},"loc":{"start":{"line":8,"column":51},"end":{"line":10,"column":1}},"line":8}},"branchMap":{},"s":{"0":1,"1":0,"2":0,"3":0,"4":1},"f":{"0":0,"1":0},"b":{},"_coverageSchema":"1a1c01bbd47fc00a2c39e90264f33305004495a9","hash":"250b4a9dc7513ea173edf9a269ceb2a66d73f8e7"}
,"C:\\Users\\Majapahit\\Desktop\\Overgeek\\helpers\\countDate.js": {"path":"C:\\Users\\Majapahit\\Desktop\\Overgeek\\helpers\\countDate.js","statementMap":{"0":{"start":{"line":2,"column":16},"end":{"line":2,"column":26}},"1":{"start":{"line":3,"column":13},"end":{"line":3,"column":84}},"2":{"start":{"line":4,"column":14},"end":{"line":4,"column":85}},"3":{"start":{"line":5,"column":12},"end":{"line":5,"column":83}},"4":{"start":{"line":6,"column":2},"end":{"line":12,"column":3}},"5":{"start":{"line":7,"column":4},"end":{"line":7,"column":14}},"6":{"start":{"line":8,"column":9},"end":{"line":12,"column":3}},"7":{"start":{"line":9,"column":4},"end":{"line":9,"column":14}},"8":{"start":{"line":10,"column":9},"end":{"line":12,"column":3}},"9":{"start":{"line":11,"column":4},"end":{"line":11,"column":13}},"10":{"start":{"line":13,"column":2},"end":{"line":13,"column":35}},"11":{"start":{"line":16,"column":0},"end":{"line":16,"column":26}}},"fnMap":{"0":{"name":"countDate","decl":{"start":{"line":1,"column":9},"end":{"line":1,"column":18}},"loc":{"start":{"line":1,"column":25},"end":{"line":14,"column":1}},"line":1}},"branchMap":{"0":{"loc":{"start":{"line":6,"column":2},"end":{"line":12,"column":3}},"type":"if","locations":[{"start":{"line":6,"column":2},"end":{"line":12,"column":3}},{"start":{"line":6,"column":2},"end":{"line":12,"column":3}}],"line":6},"1":{"loc":{"start":{"line":8,"column":9},"end":{"line":12,"column":3}},"type":"if","locations":[{"start":{"line":8,"column":9},"end":{"line":12,"column":3}},{"start":{"line":8,"column":9},"end":{"line":12,"column":3}}],"line":8},"2":{"loc":{"start":{"line":10,"column":9},"end":{"line":12,"column":3}},"type":"if","locations":[{"start":{"line":10,"column":9},"end":{"line":12,"column":3}},{"start":{"line":10,"column":9},"end":{"line":12,"column":3}}],"line":10}},"s":{"0":0,"1":0,"2":0,"3":0,"4":0,"5":0,"6":0,"7":0,"8":0,"9":0,"10":0,"11":1},"f":{"0":0},"b":{"0":[0,0],"1":[0,0],"2":[0,0]},"_coverageSchema":"1a1c01bbd47fc00a2c39e90264f33305004495a9","hash":"2f84f99420769dd7f793adafc3328ef253162bcd"}
,"C:\\Users\\Majapahit\\Desktop\\Overgeek\\helpers\\dateFormat.js": {"path":"C:\\Users\\Majapahit\\Desktop\\Overgeek\\helpers\\dateFormat.js","statementMap":{"0":{"start":{"line":3,"column":13},"end":{"line":3,"column":58}},"1":{"start":{"line":4,"column":14},"end":{"line":4,"column":73}},"2":{"start":{"line":5,"column":12},"end":{"line":5,"column":71}},"3":{"start":{"line":6,"column":2},"end":{"line":6,"column":31}},"4":{"start":{"line":7,"column":2},"end":{"line":7,"column":35}},"5":{"start":{"line":10,"column":0},"end":{"line":10,"column":27}}},"fnMap":{"0":{"name":"dateFormat","decl":{"start":{"line":1,"column":9},"end":{"line":1,"column":19}},"loc":{"start":{"line":1,"column":29},"end":{"line":8,"column":1}},"line":1}},"branchMap":{},"s":{"0":0,"1":0,"2":0,"3":0,"4":0,"5":1},"f":{"0":0},"b":{},"_coverageSchema":"1a1c01bbd47fc00a2c39e90264f33305004495a9","hash":"1f0db38c2d06e514cb6e8b07707e8f98498647ff"}
,"C:\\Users\\Majapahit\\Desktop\\Overgeek\\helpers\\jwt.js": {"path":"C:\\Users\\Majapahit\\Desktop\\Overgeek\\helpers\\jwt.js","statementMap":{"0":{"start":{"line":1,"column":12},"end":{"line":1,"column":35}},"1":{"start":{"line":4,"column":2},"end":{"line":4,"column":46}},"2":{"start":{"line":7,"column":0},"end":{"line":7,"column":34}}},"fnMap":{"0":{"name":"generateToken","decl":{"start":{"line":3,"column":9},"end":{"line":3,"column":22}},"loc":{"start":{"line":3,"column":32},"end":{"line":5,"column":1}},"line":3}},"branchMap":{},"s":{"0":1,"1":1,"2":1},"f":{"0":1},"b":{},"_coverageSchema":"1a1c01bbd47fc00a2c39e90264f33305004495a9","hash":"13acd5cc76a3bf8deb8bb5c5089c7ef2d0123020"}
,"C:\\Users\\Majapahit\\Desktop\\Overgeek\\helpers\\randomId.js": {"path":"C:\\Users\\Majapahit\\Desktop\\Overgeek\\helpers\\randomId.js","statementMap":{"0":{"start":{"line":2,"column":2},"end":{"line":2,"column":62}},"1":{"start":{"line":5,"column":0},"end":{"line":7,"column":1}}},"fnMap":{"0":{"name":"randomId","decl":{"start":{"line":1,"column":9},"end":{"line":1,"column":17}},"loc":{"start":{"line":1,"column":25},"end":{"line":3,"column":1}},"line":1}},"branchMap":{"0":{"loc":{"start":{"line":2,"column":49},"end":{"line":2,"column":61}},"type":"binary-expr","locations":[{"start":{"line":2,"column":49},"end":{"line":2,"column":55}},{"start":{"line":2,"column":59},"end":{"line":2,"column":61}}],"line":2}},"s":{"0":0,"1":1},"f":{"0":0},"b":{"0":[0,0]},"_coverageSchema":"1a1c01bbd47fc00a2c39e90264f33305004495a9","hash":"ac5c4c5837ae9e1c2ca783c963f1648043af8204"}
,"C:\\Users\\Majapahit\\Desktop\\Overgeek\\middlewares\\authenticate.js": {"path":"C:\\Users\\Majapahit\\Desktop\\Overgeek\\middlewares\\authenticate.js","statementMap":{"0":{"start":{"line":1,"column":12},"end":{"line":1,"column":35}},"1":{"start":{"line":2,"column":17},"end":{"line":2,"column":38}},"2":{"start":{"line":4,"column":21},"end":{"line":29,"column":1}},"3":{"start":{"line":5,"column":2},"end":{"line":28,"column":3}},"4":{"start":{"line":6,"column":18},"end":{"line":6,"column":42}},"5":{"start":{"line":7,"column":20},"end":{"line":7,"column":57}},"6":{"start":{"line":10,"column":15},"end":{"line":14,"column":6}},"7":{"start":{"line":16,"column":4},"end":{"line":22,"column":5}},"8":{"start":{"line":17,"column":6},"end":{"line":21,"column":7}},"9":{"start":{"line":24,"column":4},"end":{"line":24,"column":25}},"10":{"start":{"line":25,"column":4},"end":{"line":25,"column":10}},"11":{"start":{"line":27,"column":4},"end":{"line":27,"column":13}},"12":{"start":{"line":31,"column":0},"end":{"line":31,"column":29}}},"fnMap":{"0":{"name":"(anonymous_0)","decl":{"start":{"line":4,"column":21},"end":{"line":4,"column":22}},"loc":{"start":{"line":4,"column":53},"end":{"line":29,"column":1}},"line":4}},"branchMap":{"0":{"loc":{"start":{"line":16,"column":4},"end":{"line":22,"column":5}},"type":"if","locations":[{"start":{"line":16,"column":4},"end":{"line":22,"column":5}},{"start":{"line":16,"column":4},"end":{"line":22,"column":5}}],"line":16}},"s":{"0":1,"1":1,"2":1,"3":12,"4":12,"5":12,"6":8,"7":8,"8":0,"9":8,"10":8,"11":4,"12":1},"f":{"0":12},"b":{"0":[0,8]},"_coverageSchema":"1a1c01bbd47fc00a2c39e90264f33305004495a9","hash":"0ed18fb11d753617b03ad7b2c1aa11392327148a"}
,"C:\\Users\\Majapahit\\Desktop\\Overgeek\\middlewares\\authorize.js": {"path":"C:\\Users\\Majapahit\\Desktop\\Overgeek\\middlewares\\authorize.js","statementMap":{"0":{"start":{"line":1,"column":17},"end":{"line":1,"column":38}},"1":{"start":{"line":3,"column":18},"end":{"line":31,"column":1}},"2":{"start":{"line":4,"column":2},"end":{"line":30,"column":3}},"3":{"start":{"line":5,"column":17},"end":{"line":9,"column":6}},"4":{"start":{"line":11,"column":4},"end":{"line":17,"column":5}},"5":{"start":{"line":12,"column":6},"end":{"line":16,"column":7}},"6":{"start":{"line":19,"column":4},"end":{"line":25,"column":5}},"7":{"start":{"line":20,"column":6},"end":{"line":24,"column":7}},"8":{"start":{"line":26,"column":4},"end":{"line":26,"column":10}},"9":{"start":{"line":28,"column":4},"end":{"line":28,"column":20}},"10":{"start":{"line":29,"column":4},"end":{"line":29,"column":13}},"11":{"start":{"line":33,"column":0},"end":{"line":33,"column":26}}},"fnMap":{"0":{"name":"(anonymous_0)","decl":{"start":{"line":3,"column":18},"end":{"line":3,"column":19}},"loc":{"start":{"line":3,"column":44},"end":{"line":31,"column":1}},"line":3}},"branchMap":{"0":{"loc":{"start":{"line":11,"column":4},"end":{"line":17,"column":5}},"type":"if","locations":[{"start":{"line":11,"column":4},"end":{"line":17,"column":5}},{"start":{"line":11,"column":4},"end":{"line":17,"column":5}}],"line":11},"1":{"loc":{"start":{"line":19,"column":4},"end":{"line":25,"column":5}},"type":"if","locations":[{"start":{"line":19,"column":4},"end":{"line":25,"column":5}},{"start":{"line":19,"column":4},"end":{"line":25,"column":5}}],"line":19}},"s":{"0":1,"1":1,"2":8,"3":8,"4":8,"5":0,"6":8,"7":0,"8":8,"9":0,"10":0,"11":1},"f":{"0":8},"b":{"0":[0,8],"1":[0,8]},"_coverageSchema":"1a1c01bbd47fc00a2c39e90264f33305004495a9","hash":"4fb31b5ec4e16d2799c71fe017965e76d5a5fec9"}
,"C:\\Users\\Majapahit\\Desktop\\Overgeek\\middlewares\\errorHandler.js": {"path":"C:\\Users\\Majapahit\\Desktop\\Overgeek\\middlewares\\errorHandler.js","statementMap":{"0":{"start":{"line":1,"column":21},"end":{"line":26,"column":1}},"1":{"start":{"line":2,"column":2},"end":{"line":24,"column":3}},"2":{"start":{"line":3,"column":4},"end":{"line":5,"column":6}},"3":{"start":{"line":7,"column":7},"end":{"line":24,"column":3}},"4":{"start":{"line":8,"column":21},"end":{"line":8,"column":53}},"5":{"start":{"line":8,"column":42},"end":{"line":8,"column":52}},"6":{"start":{"line":9,"column":4},"end":{"line":11,"column":6}},"7":{"start":{"line":13,"column":7},"end":{"line":24,"column":3}},"8":{"start":{"line":14,"column":21},"end":{"line":14,"column":53}},"9":{"start":{"line":14,"column":42},"end":{"line":14,"column":52}},"10":{"start":{"line":15,"column":4},"end":{"line":17,"column":6}},"11":{"start":{"line":19,"column":7},"end":{"line":24,"column":3}},"12":{"start":{"line":20,"column":4},"end":{"line":20,"column":56}},"13":{"start":{"line":22,"column":4},"end":{"line":22,"column":20}},"14":{"start":{"line":23,"column":4},"end":{"line":23,"column":62}},"15":{"start":{"line":25,"column":2},"end":{"line":25,"column":63}},"16":{"start":{"line":28,"column":0},"end":{"line":28,"column":29}}},"fnMap":{"0":{"name":"(anonymous_0)","decl":{"start":{"line":1,"column":21},"end":{"line":1,"column":22}},"loc":{"start":{"line":1,"column":52},"end":{"line":26,"column":1}},"line":1},"1":{"name":"(anonymous_1)","decl":{"start":{"line":8,"column":36},"end":{"line":8,"column":37}},"loc":{"start":{"line":8,"column":42},"end":{"line":8,"column":52}},"line":8},"2":{"name":"(anonymous_2)","decl":{"start":{"line":14,"column":36},"end":{"line":14,"column":37}},"loc":{"start":{"line":14,"column":42},"end":{"line":14,"column":52}},"line":14}},"branchMap":{"0":{"loc":{"start":{"line":2,"column":2},"end":{"line":24,"column":3}},"type":"if","locations":[{"start":{"line":2,"column":2},"end":{"line":24,"column":3}},{"start":{"line":2,"column":2},"end":{"line":24,"column":3}}],"line":2},"1":{"loc":{"start":{"line":7,"column":7},"end":{"line":24,"column":3}},"type":"if","locations":[{"start":{"line":7,"column":7},"end":{"line":24,"column":3}},{"start":{"line":7,"column":7},"end":{"line":24,"column":3}}],"line":7},"2":{"loc":{"start":{"line":13,"column":7},"end":{"line":24,"column":3}},"type":"if","locations":[{"start":{"line":13,"column":7},"end":{"line":24,"column":3}},{"start":{"line":13,"column":7},"end":{"line":24,"column":3}}],"line":13},"3":{"loc":{"start":{"line":19,"column":7},"end":{"line":24,"column":3}},"type":"if","locations":[{"start":{"line":19,"column":7},"end":{"line":24,"column":3}},{"start":{"line":19,"column":7},"end":{"line":24,"column":3}}],"line":19}},"s":{"0":1,"1":9,"2":3,"3":6,"4":0,"5":0,"6":0,"7":6,"8":2,"9":2,"10":2,"11":4,"12":4,"13":0,"14":0,"15":6,"16":1},"f":{"0":9,"1":0,"2":2},"b":{"0":[3,6],"1":[0,6],"2":[2,4],"3":[4,0]},"_coverageSchema":"1a1c01bbd47fc00a2c39e90264f33305004495a9","hash":"fc354f239ce07b4f0c8f70eae7a817ce8cdfd655"}
,"C:\\Users\\Majapahit\\Desktop\\Overgeek\\models\\index.js": {"path":"C:\\Users\\Majapahit\\Desktop\\Overgeek\\models\\index.js","statementMap":{"0":{"start":{"line":3,"column":11},"end":{"line":3,"column":24}},"1":{"start":{"line":4,"column":13},"end":{"line":4,"column":28}},"2":{"start":{"line":5,"column":18},"end":{"line":5,"column":38}},"3":{"start":{"line":6,"column":17},"end":{"line":6,"column":42}},"4":{"start":{"line":7,"column":12},"end":{"line":7,"column":49}},"5":{"start":{"line":8,"column":15},"end":{"line":8,"column":63}},"6":{"start":{"line":9,"column":11},"end":{"line":9,"column":13}},"7":{"start":{"line":12,"column":0},"end":{"line":16,"column":1}},"8":{"start":{"line":13,"column":2},"end":{"line":13,"column":74}},"9":{"start":{"line":15,"column":2},"end":{"line":15,"column":87}},"10":{"start":{"line":18,"column":0},"end":{"line":26,"column":5}},"11":{"start":{"line":21,"column":4},"end":{"line":21,"column":90}},"12":{"start":{"line":24,"column":18},"end":{"line":24,"column":85}},"13":{"start":{"line":25,"column":4},"end":{"line":25,"column":27}},"14":{"start":{"line":28,"column":0},"end":{"line":32,"column":3}},"15":{"start":{"line":29,"column":2},"end":{"line":31,"column":3}},"16":{"start":{"line":30,"column":4},"end":{"line":30,"column":32}},"17":{"start":{"line":34,"column":0},"end":{"line":34,"column":25}},"18":{"start":{"line":35,"column":0},"end":{"line":35,"column":25}},"19":{"start":{"line":37,"column":0},"end":{"line":37,"column":20}}},"fnMap":{"0":{"name":"(anonymous_0)","decl":{"start":{"line":20,"column":10},"end":{"line":20,"column":11}},"loc":{"start":{"line":20,"column":18},"end":{"line":22,"column":3}},"line":20},"1":{"name":"(anonymous_1)","decl":{"start":{"line":23,"column":11},"end":{"line":23,"column":12}},"loc":{"start":{"line":23,"column":19},"end":{"line":26,"column":3}},"line":23},"2":{"name":"(anonymous_2)","decl":{"start":{"line":28,"column":24},"end":{"line":28,"column":25}},"loc":{"start":{"line":28,"column":37},"end":{"line":32,"column":1}},"line":28}},"branchMap":{"0":{"loc":{"start":{"line":7,"column":12},"end":{"line":7,"column":49}},"type":"binary-expr","locations":[{"start":{"line":7,"column":12},"end":{"line":7,"column":32}},{"start":{"line":7,"column":36},"end":{"line":7,"column":49}}],"line":7},"1":{"loc":{"start":{"line":12,"column":0},"end":{"line":16,"column":1}},"type":"if","locations":[{"start":{"line":12,"column":0},"end":{"line":16,"column":1}},{"start":{"line":12,"column":0},"end":{"line":16,"column":1}}],"line":12},"2":{"loc":{"start":{"line":21,"column":11},"end":{"line":21,"column":89}},"type":"binary-expr","locations":[{"start":{"line":21,"column":12},"end":{"line":21,"column":35}},{"start":{"line":21,"column":41},"end":{"line":21,"column":58}},{"start":{"line":21,"column":64},"end":{"line":21,"column":88}}],"line":21},"3":{"loc":{"start":{"line":29,"column":2},"end":{"line":31,"column":3}},"type":"if","locations":[{"start":{"line":29,"column":2},"end":{"line":31,"column":3}},{"start":{"line":29,"column":2},"end":{"line":31,"column":3}}],"line":29}},"s":{"0":1,"1":1,"2":1,"3":1,"4":1,"5":1,"6":1,"7":1,"8":0,"9":1,"10":1,"11":8,"12":7,"13":7,"14":1,"15":7,"16":7,"17":1,"18":1,"19":1},"f":{"0":8,"1":7,"2":7},"b":{"0":[1,0],"1":[0,1],"2":[8,8,7],"3":[7,0]},"_coverageSchema":"1a1c01bbd47fc00a2c39e90264f33305004495a9","hash":"918819b8d90f3e4f80c2830afbcd22ec9d694a92"}
,"C:\\Users\\Majapahit\\Desktop\\Overgeek\\models\\lecturer.js": {"path":"C:\\Users\\Majapahit\\Desktop\\Overgeek\\models\\lecturer.js","statementMap":{"0":{"start":{"line":4,"column":4},"end":{"line":4,"column":24}},"1":{"start":{"line":5,"column":0},"end":{"line":31,"column":2}},"2":{"start":{"line":14,"column":6},"end":{"line":14,"column":65}},"3":{"start":{"line":15,"column":6},"end":{"line":15,"column":64}},"4":{"start":{"line":18,"column":2},"end":{"line":29,"column":5}},"5":{"start":{"line":30,"column":2},"end":{"line":30,"column":18}}},"fnMap":{"0":{"name":"(anonymous_0)","decl":{"start":{"line":5,"column":17},"end":{"line":5,"column":18}},"loc":{"start":{"line":5,"column":43},"end":{"line":31,"column":1}},"line":5},"1":{"name":"(anonymous_1)","decl":{"start":{"line":12,"column":4},"end":{"line":12,"column":5}},"loc":{"start":{"line":12,"column":29},"end":{"line":16,"column":5}},"line":12}},"branchMap":{},"s":{"0":1,"1":1,"2":1,"3":1,"4":1,"5":1},"f":{"0":1,"1":1},"b":{},"_coverageSchema":"1a1c01bbd47fc00a2c39e90264f33305004495a9","hash":"9d20e1f27ef28622494e2886d72720afc31528a4"}
,"C:\\Users\\Majapahit\\Desktop\\Overgeek\\models\\payment.js": {"path":"C:\\Users\\Majapahit\\Desktop\\Overgeek\\models\\payment.js","statementMap":{"0":{"start":{"line":4,"column":4},"end":{"line":4,"column":24}},"1":{"start":{"line":5,"column":0},"end":{"line":30,"column":2}},"2":{"start":{"line":14,"column":6},"end":{"line":14,"column":60}},"3":{"start":{"line":17,"column":2},"end":{"line":28,"column":5}},"4":{"start":{"line":29,"column":2},"end":{"line":29,"column":17}}},"fnMap":{"0":{"name":"(anonymous_0)","decl":{"start":{"line":5,"column":17},"end":{"line":5,"column":18}},"loc":{"start":{"line":5,"column":43},"end":{"line":30,"column":1}},"line":5},"1":{"name":"(anonymous_1)","decl":{"start":{"line":12,"column":4},"end":{"line":12,"column":5}},"loc":{"start":{"line":12,"column":29},"end":{"line":15,"column":5}},"line":12}},"branchMap":{},"s":{"0":1,"1":1,"2":1,"3":1,"4":1},"f":{"0":1,"1":1},"b":{},"_coverageSchema":"1a1c01bbd47fc00a2c39e90264f33305004495a9","hash":"defa40ebf329d9ee30963c47506e227e48b2cf2d"}
,"C:\\Users\\Majapahit\\Desktop\\Overgeek\\models\\rating.js": {"path":"C:\\Users\\Majapahit\\Desktop\\Overgeek\\models\\rating.js","statementMap":{"0":{"start":{"line":4,"column":4},"end":{"line":4,"column":24}},"1":{"start":{"line":5,"column":0},"end":{"line":27,"column":2}},"2":{"start":{"line":14,"column":6},"end":{"line":14,"column":59}},"3":{"start":{"line":15,"column":6},"end":{"line":15,"column":67}},"4":{"start":{"line":18,"column":2},"end":{"line":25,"column":5}},"5":{"start":{"line":26,"column":2},"end":{"line":26,"column":16}}},"fnMap":{"0":{"name":"(anonymous_0)","decl":{"start":{"line":5,"column":17},"end":{"line":5,"column":18}},"loc":{"start":{"line":5,"column":43},"end":{"line":27,"column":1}},"line":5},"1":{"name":"(anonymous_1)","decl":{"start":{"line":12,"column":4},"end":{"line":12,"column":5}},"loc":{"start":{"line":12,"column":29},"end":{"line":16,"column":5}},"line":12}},"branchMap":{},"s":{"0":1,"1":1,"2":1,"3":1,"4":1,"5":1},"f":{"0":1,"1":1},"b":{},"_coverageSchema":"1a1c01bbd47fc00a2c39e90264f33305004495a9","hash":"7c0a8dc34757adb715c419919a981e29a0fdd5c0"}
,"C:\\Users\\Majapahit\\Desktop\\Overgeek\\models\\subscription.js": {"path":"C:\\Users\\Majapahit\\Desktop\\Overgeek\\models\\subscription.js","statementMap":{"0":{"start":{"line":4,"column":4},"end":{"line":4,"column":24}},"1":{"start":{"line":5,"column":0},"end":{"line":26,"column":2}},"2":{"start":{"line":16,"column":2},"end":{"line":24,"column":5}},"3":{"start":{"line":25,"column":2},"end":{"line":25,"column":22}}},"fnMap":{"0":{"name":"(anonymous_0)","decl":{"start":{"line":5,"column":17},"end":{"line":5,"column":18}},"loc":{"start":{"line":5,"column":43},"end":{"line":26,"column":1}},"line":5},"1":{"name":"(anonymous_1)","decl":{"start":{"line":12,"column":4},"end":{"line":12,"column":5}},"loc":{"start":{"line":12,"column":29},"end":{"line":14,"column":5}},"line":12}},"branchMap":{},"s":{"0":1,"1":1,"2":1,"3":1},"f":{"0":1,"1":1},"b":{},"_coverageSchema":"1a1c01bbd47fc00a2c39e90264f33305004495a9","hash":"0fd7b601e1741af3a8214b728bde3a1ac2b59c84"}
,"C:\\Users\\Majapahit\\Desktop\\Overgeek\\models\\transaction.js": {"path":"C:\\Users\\Majapahit\\Desktop\\Overgeek\\models\\transaction.js","statementMap":{"0":{"start":{"line":4,"column":4},"end":{"line":4,"column":24}},"1":{"start":{"line":5,"column":0},"end":{"line":26,"column":2}},"2":{"start":{"line":14,"column":6},"end":{"line":14,"column":64}},"3":{"start":{"line":17,"column":2},"end":{"line":24,"column":5}},"4":{"start":{"line":25,"column":2},"end":{"line":25,"column":21}}},"fnMap":{"0":{"name":"(anonymous_0)","decl":{"start":{"line":5,"column":17},"end":{"line":5,"column":18}},"loc":{"start":{"line":5,"column":43},"end":{"line":26,"column":1}},"line":5},"1":{"name":"(anonymous_1)","decl":{"start":{"line":12,"column":4},"end":{"line":12,"column":5}},"loc":{"start":{"line":12,"column":29},"end":{"line":15,"column":5}},"line":12}},"branchMap":{},"s":{"0":1,"1":1,"2":1,"3":1,"4":1},"f":{"0":1,"1":1},"b":{},"_coverageSchema":"1a1c01bbd47fc00a2c39e90264f33305004495a9","hash":"33b60de95244255882e09c16fef85ff827b131fc"}
,"C:\\Users\\Majapahit\\Desktop\\Overgeek\\models\\user.js": {"path":"C:\\Users\\Majapahit\\Desktop\\Overgeek\\models\\user.js","statementMap":{"0":{"start":{"line":2,"column":25},"end":{"line":2,"column":53}},"1":{"start":{"line":5,"column":4},"end":{"line":5,"column":24}},"2":{"start":{"line":6,"column":0},"end":{"line":93,"column":2}},"3":{"start":{"line":15,"column":6},"end":{"line":15,"column":56}},"4":{"start":{"line":16,"column":6},"end":{"line":16,"column":62}},"5":{"start":{"line":17,"column":6},"end":{"line":17,"column":57}},"6":{"start":{"line":20,"column":2},"end":{"line":91,"column":5}},"7":{"start":{"line":88,"column":8},"end":{"line":88,"column":51}},"8":{"start":{"line":92,"column":2},"end":{"line":92,"column":14}}},"fnMap":{"0":{"name":"(anonymous_0)","decl":{"start":{"line":6,"column":17},"end":{"line":6,"column":18}},"loc":{"start":{"line":6,"column":43},"end":{"line":93,"column":1}},"line":6},"1":{"name":"(anonymous_1)","decl":{"start":{"line":13,"column":4},"end":{"line":13,"column":5}},"loc":{"start":{"line":13,"column":29},"end":{"line":18,"column":5}},"line":13},"2":{"name":"(anonymous_2)","decl":{"start":{"line":87,"column":20},"end":{"line":87,"column":21}},"loc":{"start":{"line":87,"column":35},"end":{"line":89,"column":7}},"line":87}},"branchMap":{},"s":{"0":1,"1":1,"2":1,"3":1,"4":1,"5":1,"6":1,"7":0,"8":1},"f":{"0":1,"1":1,"2":0},"b":{},"_coverageSchema":"1a1c01bbd47fc00a2c39e90264f33305004495a9","hash":"27e47c69b3a9b3c18591a6b8d9819cea5af3a778"}
,"C:\\Users\\Majapahit\\Desktop\\Overgeek\\models\\video.js": {"path":"C:\\Users\\Majapahit\\Desktop\\Overgeek\\models\\video.js","statementMap":{"0":{"start":{"line":4,"column":4},"end":{"line":4,"column":24}},"1":{"start":{"line":5,"column":0},"end":{"line":28,"column":2}},"2":{"start":{"line":14,"column":6},"end":{"line":14,"column":66}},"3":{"start":{"line":17,"column":2},"end":{"line":26,"column":5}},"4":{"start":{"line":27,"column":2},"end":{"line":27,"column":15}}},"fnMap":{"0":{"name":"(anonymous_0)","decl":{"start":{"line":5,"column":17},"end":{"line":5,"column":18}},"loc":{"start":{"line":5,"column":43},"end":{"line":28,"column":1}},"line":5},"1":{"name":"(anonymous_1)","decl":{"start":{"line":12,"column":4},"end":{"line":12,"column":5}},"loc":{"start":{"line":12,"column":29},"end":{"line":15,"column":5}},"line":12}},"branchMap":{},"s":{"0":1,"1":1,"2":1,"3":1,"4":1},"f":{"0":1,"1":1},"b":{},"_coverageSchema":"1a1c01bbd47fc00a2c39e90264f33305004495a9","hash":"b229b67718c42e276492802253c2465767e4f00d"}
,"C:\\Users\\Majapahit\\Desktop\\Overgeek\\redis\\index.js": {"path":"C:\\Users\\Majapahit\\Desktop\\Overgeek\\redis\\index.js","statementMap":{"0":{"start":{"line":1,"column":14},"end":{"line":1,"column":32}},"1":{"start":{"line":2,"column":14},"end":{"line":2,"column":25}},"2":{"start":{"line":4,"column":0},"end":{"line":4,"column":22}}},"fnMap":{},"branchMap":{},"s":{"0":1,"1":1,"2":1},"f":{},"b":{},"_coverageSchema":"1a1c01bbd47fc00a2c39e90264f33305004495a9","hash":"3284b88ac23a250963b542c8627bc199b62a626a"}
,"C:\\Users\\Majapahit\\Desktop\\Overgeek\\routes\\cloudStorageRouter.js": {"path":"C:\\Users\\Majapahit\\Desktop\\Overgeek\\routes\\cloudStorageRouter.js","statementMap":{"0":{"start":{"line":1,"column":15},"end":{"line":1,"column":42}},"1":{"start":{"line":2,"column":58},"end":{"line":2,"column":90}},"2":{"start":{"line":3,"column":11},"end":{"line":3,"column":24}},"3":{"start":{"line":5,"column":0},"end":{"line":10,"column":2}},"4":{"start":{"line":6,"column":14},"end":{"line":6,"column":28}},"5":{"start":{"line":7,"column":20},"end":{"line":7,"column":38}},"6":{"start":{"line":9,"column":2},"end":{"line":9,"column":21}},"7":{"start":{"line":12,"column":0},"end":{"line":23,"column":2}},"8":{"start":{"line":13,"column":15},"end":{"line":13,"column":23}},"9":{"start":{"line":16,"column":17},"end":{"line":16,"column":39}},"10":{"start":{"line":17,"column":2},"end":{"line":17,"column":29}},"11":{"start":{"line":18,"column":2},"end":{"line":18,"column":30}},"12":{"start":{"line":19,"column":2},"end":{"line":19,"column":22}},"13":{"start":{"line":20,"column":2},"end":{"line":20,"column":43}},"14":{"start":{"line":22,"column":2},"end":{"line":22,"column":64}},"15":{"start":{"line":25,"column":0},"end":{"line":36,"column":2}},"16":{"start":{"line":26,"column":15},"end":{"line":26,"column":23}},"17":{"start":{"line":29,"column":17},"end":{"line":29,"column":39}},"18":{"start":{"line":30,"column":2},"end":{"line":30,"column":29}},"19":{"start":{"line":31,"column":2},"end":{"line":31,"column":30}},"20":{"start":{"line":32,"column":2},"end":{"line":32,"column":22}},"21":{"start":{"line":33,"column":2},"end":{"line":33,"column":43}},"22":{"start":{"line":35,"column":2},"end":{"line":35,"column":64}},"23":{"start":{"line":38,"column":0},"end":{"line":38,"column":24}}},"fnMap":{"0":{"name":"(anonymous_0)","decl":{"start":{"line":5,"column":25},"end":{"line":5,"column":26}},"loc":{"start":{"line":5,"column":39},"end":{"line":10,"column":1}},"line":5},"1":{"name":"(anonymous_1)","decl":{"start":{"line":12,"column":59},"end":{"line":12,"column":60}},"loc":{"start":{"line":12,"column":79},"end":{"line":23,"column":1}},"line":12},"2":{"name":"(anonymous_2)","decl":{"start":{"line":25,"column":59},"end":{"line":25,"column":60}},"loc":{"start":{"line":25,"column":79},"end":{"line":36,"column":1}},"line":25}},"branchMap":{},"s":{"0":1,"1":1,"2":1,"3":1,"4":0,"5":0,"6":0,"7":1,"8":0,"9":0,"10":0,"11":0,"12":0,"13":0,"14":0,"15":1,"16":0,"17":0,"18":0,"19":0,"20":0,"21":0,"22":0,"23":1},"f":{"0":0,"1":0,"2":0},"b":{},"_coverageSchema":"1a1c01bbd47fc00a2c39e90264f33305004495a9","hash":"8dae795726af9d198a6a85550ecd38d981b90fa2"}
,"C:\\Users\\Majapahit\\Desktop\\Overgeek\\routes\\index.js": {"path":"C:\\Users\\Majapahit\\Desktop\\Overgeek\\routes\\index.js","statementMap":{"0":{"start":{"line":1,"column":16},"end":{"line":1,"column":34}},"1":{"start":{"line":2,"column":15},"end":{"line":2,"column":31}},"2":{"start":{"line":3,"column":19},"end":{"line":3,"column":42}},"3":{"start":{"line":4,"column":23},"end":{"line":4,"column":50}},"4":{"start":{"line":5,"column":20},"end":{"line":5,"column":44}},"5":{"start":{"line":6,"column":21},"end":{"line":6,"column":46}},"6":{"start":{"line":7,"column":22},"end":{"line":7,"column":49}},"7":{"start":{"line":8,"column":27},"end":{"line":8,"column":58}},"8":{"start":{"line":9,"column":27},"end":{"line":9,"column":58}},"9":{"start":{"line":11,"column":0},"end":{"line":11,"column":38}},"10":{"start":{"line":12,"column":0},"end":{"line":12,"column":40}},"11":{"start":{"line":13,"column":0},"end":{"line":13,"column":41}},"12":{"start":{"line":14,"column":0},"end":{"line":14,"column":35}},"13":{"start":{"line":15,"column":0},"end":{"line":15,"column":36}},"14":{"start":{"line":16,"column":0},"end":{"line":16,"column":48}},"15":{"start":{"line":17,"column":0},"end":{"line":17,"column":27}},"16":{"start":{"line":19,"column":0},"end":{"line":19,"column":23}}},"fnMap":{},"branchMap":{},"s":{"0":1,"1":1,"2":1,"3":1,"4":1,"5":1,"6":1,"7":1,"8":1,"9":1,"10":1,"11":1,"12":1,"13":1,"14":1,"15":1,"16":1},"f":{},"b":{},"_coverageSchema":"1a1c01bbd47fc00a2c39e90264f33305004495a9","hash":"795f5de1767fdf16ffa1ae31c8919ca44d5b9616"}
,"C:\\Users\\Majapahit\\Desktop\\Overgeek\\routes\\lecturerRouter.js": {"path":"C:\\Users\\Majapahit\\Desktop\\Overgeek\\routes\\lecturerRouter.js","statementMap":{"0":{"start":{"line":1,"column":16},"end":{"line":1,"column":34}},"1":{"start":{"line":2,"column":15},"end":{"line":2,"column":31}},"2":{"start":{"line":3,"column":27},"end":{"line":3,"column":71}},"3":{"start":{"line":4,"column":21},"end":{"line":4,"column":59}},"4":{"start":{"line":5,"column":18},"end":{"line":5,"column":53}},"5":{"start":{"line":7,"column":0},"end":{"line":7,"column":58}},"6":{"start":{"line":8,"column":0},"end":{"line":8,"column":51}},"7":{"start":{"line":9,"column":0},"end":{"line":9,"column":55}},"8":{"start":{"line":11,"column":0},"end":{"line":11,"column":73}},"9":{"start":{"line":12,"column":0},"end":{"line":12,"column":76}},"10":{"start":{"line":13,"column":0},"end":{"line":13,"column":81}},"11":{"start":{"line":16,"column":0},"end":{"line":16,"column":23}}},"fnMap":{},"branchMap":{},"s":{"0":1,"1":1,"2":1,"3":1,"4":1,"5":1,"6":1,"7":1,"8":1,"9":1,"10":1,"11":1},"f":{},"b":{},"_coverageSchema":"1a1c01bbd47fc00a2c39e90264f33305004495a9","hash":"e93fed049597792fdb5b1e23b8f48ded218a2b4b"}
,"C:\\Users\\Majapahit\\Desktop\\Overgeek\\routes\\paymentsRouter.js": {"path":"C:\\Users\\Majapahit\\Desktop\\Overgeek\\routes\\paymentsRouter.js","statementMap":{"0":{"start":{"line":1,"column":16},"end":{"line":1,"column":34}},"1":{"start":{"line":2,"column":15},"end":{"line":2,"column":31}},"2":{"start":{"line":3,"column":21},"end":{"line":3,"column":59}},"3":{"start":{"line":4,"column":27},"end":{"line":4,"column":70}},"4":{"start":{"line":6,"column":0},"end":{"line":6,"column":63}},"5":{"start":{"line":7,"column":0},"end":{"line":7,"column":66}},"6":{"start":{"line":9,"column":0},"end":{"line":9,"column":65}},"7":{"start":{"line":10,"column":0},"end":{"line":10,"column":44}},"8":{"start":{"line":14,"column":0},"end":{"line":14,"column":23}}},"fnMap":{},"branchMap":{},"s":{"0":1,"1":1,"2":1,"3":1,"4":1,"5":1,"6":1,"7":1,"8":1},"f":{},"b":{},"_coverageSchema":"1a1c01bbd47fc00a2c39e90264f33305004495a9","hash":"0a7cb9b281b85a2da8e17bc21bede27be791e3ef"}
,"C:\\Users\\Majapahit\\Desktop\\Overgeek\\routes\\ratingRouter.js": {"path":"C:\\Users\\Majapahit\\Desktop\\Overgeek\\routes\\ratingRouter.js","statementMap":{"0":{"start":{"line":1,"column":16},"end":{"line":1,"column":34}},"1":{"start":{"line":2,"column":15},"end":{"line":2,"column":31}},"2":{"start":{"line":3,"column":25},"end":{"line":3,"column":67}},"3":{"start":{"line":4,"column":21},"end":{"line":4,"column":59}},"4":{"start":{"line":6,"column":0},"end":{"line":6,"column":61}},"5":{"start":{"line":8,"column":0},"end":{"line":8,"column":23}}},"fnMap":{},"branchMap":{},"s":{"0":1,"1":1,"2":1,"3":1,"4":1,"5":1},"f":{},"b":{},"_coverageSchema":"1a1c01bbd47fc00a2c39e90264f33305004495a9","hash":"7d6f6c52832ad7cc05a42d7f5e742e7bc3a1cff2"}
,"C:\\Users\\Majapahit\\Desktop\\Overgeek\\routes\\subscriptionRouter.js": {"path":"C:\\Users\\Majapahit\\Desktop\\Overgeek\\routes\\subscriptionRouter.js","statementMap":{"0":{"start":{"line":1,"column":16},"end":{"line":1,"column":34}},"1":{"start":{"line":2,"column":15},"end":{"line":2,"column":31}},"2":{"start":{"line":3,"column":30},"end":{"line":3,"column":78}},"3":{"start":{"line":4,"column":21},"end":{"line":4,"column":59}},"4":{"start":{"line":5,"column":18},"end":{"line":5,"column":53}},"5":{"start":{"line":7,"column":0},"end":{"line":7,"column":59}},"6":{"start":{"line":8,"column":0},"end":{"line":8,"column":83}},"7":{"start":{"line":9,"column":0},"end":{"line":9,"column":88}},"8":{"start":{"line":10,"column":0},"end":{"line":10,"column":80}},"9":{"start":{"line":12,"column":0},"end":{"line":12,"column":23}}},"fnMap":{},"branchMap":{},"s":{"0":1,"1":1,"2":1,"3":1,"4":1,"5":1,"6":1,"7":1,"8":1,"9":1},"f":{},"b":{},"_coverageSchema":"1a1c01bbd47fc00a2c39e90264f33305004495a9","hash":"54a0b0bf0b26ffb5aef859db1792f36b5db1ccf9"}
,"C:\\Users\\Majapahit\\Desktop\\Overgeek\\routes\\userRouter.js": {"path":"C:\\Users\\Majapahit\\Desktop\\Overgeek\\routes\\userRouter.js","statementMap":{"0":{"start":{"line":1,"column":16},"end":{"line":1,"column":34}},"1":{"start":{"line":2,"column":15},"end":{"line":2,"column":31}},"2":{"start":{"line":3,"column":23},"end":{"line":3,"column":63}},"3":{"start":{"line":4,"column":21},"end":{"line":4,"column":59}},"4":{"start":{"line":5,"column":18},"end":{"line":5,"column":53}},"5":{"start":{"line":7,"column":0},"end":{"line":7,"column":49}},"6":{"start":{"line":8,"column":0},"end":{"line":8,"column":43}},"7":{"start":{"line":10,"column":0},"end":{"line":10,"column":59}},"8":{"start":{"line":12,"column":0},"end":{"line":12,"column":70}},"9":{"start":{"line":14,"column":0},"end":{"line":14,"column":23}}},"fnMap":{},"branchMap":{},"s":{"0":1,"1":1,"2":1,"3":1,"4":1,"5":1,"6":1,"7":1,"8":1,"9":1},"f":{},"b":{},"_coverageSchema":"1a1c01bbd47fc00a2c39e90264f33305004495a9","hash":"1617d8b6ab3768548e45ac36ce46e482442d12dd"}
,"C:\\Users\\Majapahit\\Desktop\\Overgeek\\routes\\videoRouter.js": {"path":"C:\\Users\\Majapahit\\Desktop\\Overgeek\\routes\\videoRouter.js","statementMap":{"0":{"start":{"line":1,"column":16},"end":{"line":1,"column":34}},"1":{"start":{"line":2,"column":15},"end":{"line":2,"column":31}},"2":{"start":{"line":3,"column":24},"end":{"line":3,"column":65}},"3":{"start":{"line":4,"column":21},"end":{"line":4,"column":59}},"4":{"start":{"line":5,"column":18},"end":{"line":5,"column":53}},"5":{"start":{"line":7,"column":0},"end":{"line":7,"column":46}},"6":{"start":{"line":8,"column":0},"end":{"line":8,"column":48}},"7":{"start":{"line":9,"column":0},"end":{"line":9,"column":70}},"8":{"start":{"line":10,"column":0},"end":{"line":10,"column":70}},"9":{"start":{"line":11,"column":0},"end":{"line":11,"column":75}},"10":{"start":{"line":13,"column":0},"end":{"line":13,"column":23}}},"fnMap":{},"branchMap":{},"s":{"0":1,"1":1,"2":1,"3":1,"4":1,"5":1,"6":1,"7":1,"8":1,"9":1,"10":1},"f":{},"b":{},"_coverageSchema":"1a1c01bbd47fc00a2c39e90264f33305004495a9","hash":"bd299b109ff1c9db2a6e3e98add211ae070326f9"}
}
