{"C:\\Users\\Majapahit\\Desktop\\Overgeek\\app.js": {"path":"C:\\Users\\Majapahit\\Desktop\\Overgeek\\app.js","statementMap":{"0":{"start":{"line":1,"column":0},"end":{"line":3,"column":1}},"1":{"start":{"line":2,"column":2},"end":{"line":2,"column":28}},"2":{"start":{"line":4,"column":16},"end":{"line":4,"column":34}},"3":{"start":{"line":5,"column":12},"end":{"line":5,"column":21}},"4":{"start":{"line":6,"column":15},"end":{"line":6,"column":40}},"5":{"start":{"line":7,"column":13},"end":{"line":7,"column":28}},"6":{"start":{"line":8,"column":21},"end":{"line":8,"column":58}},"7":{"start":{"line":10,"column":0},"end":{"line":10,"column":15}},"8":{"start":{"line":12,"column":0},"end":{"line":12,"column":47}},"9":{"start":{"line":13,"column":0},"end":{"line":13,"column":23}},"10":{"start":{"line":15,"column":0},"end":{"line":15,"column":15}},"11":{"start":{"line":17,"column":0},"end":{"line":17,"column":21}},"12":{"start":{"line":19,"column":0},"end":{"line":19,"column":20}}},"fnMap":{},"branchMap":{"0":{"loc":{"start":{"line":1,"column":0},"end":{"line":3,"column":1}},"type":"if","locations":[{"start":{"line":1,"column":0},"end":{"line":3,"column":1}},{"start":{"line":1,"column":0},"end":{"line":3,"column":1}}],"line":1}},"s":{"0":1,"1":1,"2":1,"3":1,"4":1,"5":1,"6":1,"7":1,"8":1,"9":1,"10":1,"11":1,"12":1},"f":{},"b":{"0":[1,0]},"_coverageSchema":"1a1c01bbd47fc00a2c39e90264f33305004495a9","hash":"1d3ebfbc7d31d6842c5f71bf6d1e89319fa2ca76"}
,"C:\\Users\\Majapahit\\Desktop\\Overgeek\\cloudStorage\\index.js": {"path":"C:\\Users\\Majapahit\\Desktop\\Overgeek\\cloudStorage\\index.js","statementMap":{"0":{"start":{"line":1,"column":11},"end":{"line":1,"column":24}},"1":{"start":{"line":2,"column":13},"end":{"line":2,"column":28}},"2":{"start":{"line":3,"column":19},"end":{"line":3,"column":44}},"3":{"start":{"line":4,"column":15},"end":{"line":4,"column":32}},"4":{"start":{"line":5,"column":15},"end":{"line":5,"column":43}},"5":{"start":{"line":7,"column":38},"end":{"line":7,"column":53}},"6":{"start":{"line":9,"column":0},"end":{"line":9,"column":66}}},"fnMap":{},"branchMap":{},"s":{"0":1,"1":1,"2":1,"3":1,"4":1,"5":1,"6":1},"f":{},"b":{},"_coverageSchema":"1a1c01bbd47fc00a2c39e90264f33305004495a9","hash":"f5dc82dbbc16bc17df17b7665e22a2fa63a657f8"}
,"C:\\Users\\Majapahit\\Desktop\\Overgeek\\cloudStorage\\s3.js": {"path":"C:\\Users\\Majapahit\\Desktop\\Overgeek\\cloudStorage\\s3.js","statementMap":{"0":{"start":{"line":1,"column":11},"end":{"line":1,"column":24}},"1":{"start":{"line":2,"column":11},"end":{"line":2,"column":40}},"2":{"start":{"line":4,"column":19},"end":{"line":4,"column":46}},"3":{"start":{"line":5,"column":15},"end":{"line":5,"column":44}},"4":{"start":{"line":6,"column":20},"end":{"line":6,"column":46}},"5":{"start":{"line":7,"column":24},"end":{"line":7,"column":50}},"6":{"start":{"line":9,"column":11},"end":{"line":13,"column":2}},"7":{"start":{"line":17,"column":21},"end":{"line":17,"column":51}},"8":{"start":{"line":19,"column":23},"end":{"line":23,"column":3}},"9":{"start":{"line":25,"column":2},"end":{"line":25,"column":42}},"10":{"start":{"line":27,"column":0},"end":{"line":27,"column":31}},"11":{"start":{"line":31,"column":25},"end":{"line":34,"column":3}},"12":{"start":{"line":36,"column":2},"end":{"line":36,"column":56}},"13":{"start":{"line":38,"column":0},"end":{"line":38,"column":37}}},"fnMap":{"0":{"name":"uploadFile","decl":{"start":{"line":16,"column":9},"end":{"line":16,"column":19}},"loc":{"start":{"line":16,"column":26},"end":{"line":26,"column":1}},"line":16},"1":{"name":"getFileStream","decl":{"start":{"line":30,"column":9},"end":{"line":30,"column":22}},"loc":{"start":{"line":30,"column":32},"end":{"line":37,"column":1}},"line":30}},"branchMap":{},"s":{"0":1,"1":1,"2":1,"3":1,"4":1,"5":1,"6":1,"7":0,"8":0,"9":0,"10":1,"11":0,"12":0,"13":1},"f":{"0":0,"1":0},"b":{},"_coverageSchema":"1a1c01bbd47fc00a2c39e90264f33305004495a9","hash":"73093ba2440837c9156da8aadfad1d732a46fddd"}
,"C:\\Users\\Majapahit\\Desktop\\Overgeek\\config\\config.js": {"path":"C:\\Users\\Majapahit\\Desktop\\Overgeek\\config\\config.js","statementMap":{"0":{"start":{"line":1,"column":12},"end":{"line":1,"column":32}},"1":{"start":{"line":3,"column":0},"end":{"line":3,"column":72}},"2":{"start":{"line":3,"column":45},"end":{"line":3,"column":72}},"3":{"start":{"line":5,"column":16},"end":{"line":5,"column":33}},"4":{"start":{"line":7,"column":17},"end":{"line":7,"column":54}},"5":{"start":{"line":8,"column":17},"end":{"line":8,"column":54}},"6":{"start":{"line":9,"column":17},"end":{"line":9,"column":50}},"7":{"start":{"line":10,"column":13},"end":{"line":10,"column":46}},"8":{"start":{"line":11,"column":16},"end":{"line":11,"column":52}},"9":{"start":{"line":13,"column":0},"end":{"line":35,"column":1}}},"fnMap":{},"branchMap":{"0":{"loc":{"start":{"line":3,"column":0},"end":{"line":3,"column":72}},"type":"if","locations":[{"start":{"line":3,"column":0},"end":{"line":3,"column":72}},{"start":{"line":3,"column":0},"end":{"line":3,"column":72}}],"line":3},"1":{"loc":{"start":{"line":3,"column":4},"end":{"line":3,"column":43}},"type":"binary-expr","locations":[{"start":{"line":3,"column":4},"end":{"line":3,"column":25}},{"start":{"line":3,"column":29},"end":{"line":3,"column":43}}],"line":3}},"s":{"0":1,"1":1,"2":1,"3":1,"4":1,"5":1,"6":1,"7":1,"8":1,"9":1},"f":{},"b":{"0":[1,0],"1":[1,1]},"_coverageSchema":"1a1c01bbd47fc00a2c39e90264f33305004495a9","hash":"636fb84e6535d1620e70e0e74c6e376f7305f724"}
,"C:\\Users\\Majapahit\\Desktop\\Overgeek\\controllers\\lecturerController.js": {"path":"C:\\Users\\Majapahit\\Desktop\\Overgeek\\controllers\\lecturerController.js","statementMap":{"0":{"start":{"line":1,"column":36},"end":{"line":1,"column":57}},"1":{"start":{"line":2,"column":11},"end":{"line":2,"column":24}},"2":{"start":{"line":5,"column":27},"end":{"line":45,"column":3}},"3":{"start":{"line":6,"column":4},"end":{"line":44,"column":5}},"4":{"start":{"line":7,"column":19},"end":{"line":15,"column":8}},"5":{"start":{"line":16,"column":19},"end":{"line":16,"column":21}},"6":{"start":{"line":17,"column":6},"end":{"line":39,"column":7}},"7":{"start":{"line":17,"column":19},"end":{"line":17,"column":20}},"8":{"start":{"line":18,"column":29},"end":{"line":18,"column":30}},"9":{"start":{"line":19,"column":8},"end":{"line":21,"column":9}},"10":{"start":{"line":19,"column":21},"end":{"line":19,"column":22}},"11":{"start":{"line":20,"column":10},"end":{"line":20,"column":64}},"12":{"start":{"line":22,"column":8},"end":{"line":26,"column":9}},"13":{"start":{"line":23,"column":10},"end":{"line":23,"column":28}},"14":{"start":{"line":25,"column":10},"end":{"line":25,"column":61}},"15":{"start":{"line":27,"column":8},"end":{"line":38,"column":10}},"16":{"start":{"line":41,"column":6},"end":{"line":41,"column":34}},"17":{"start":{"line":43,"column":6},"end":{"line":43,"column":15}},"18":{"start":{"line":47,"column":28},"end":{"line":96,"column":3}},"19":{"start":{"line":48,"column":4},"end":{"line":95,"column":5}},"20":{"start":{"line":49,"column":19},"end":{"line":59,"column":8}},"21":{"start":{"line":61,"column":6},"end":{"line":67,"column":7}},"22":{"start":{"line":62,"column":8},"end":{"line":66,"column":9}},"23":{"start":{"line":68,"column":19},"end":{"line":68,"column":21}},"24":{"start":{"line":69,"column":27},"end":{"line":69,"column":28}},"25":{"start":{"line":70,"column":6},"end":{"line":72,"column":7}},"26":{"start":{"line":70,"column":19},"end":{"line":70,"column":20}},"27":{"start":{"line":71,"column":8},"end":{"line":71,"column":59}},"28":{"start":{"line":74,"column":6},"end":{"line":78,"column":7}},"29":{"start":{"line":75,"column":8},"end":{"line":75,"column":26}},"30":{"start":{"line":77,"column":8},"end":{"line":77,"column":56}},"31":{"start":{"line":79,"column":6},"end":{"line":90,"column":8}},"32":{"start":{"line":92,"column":6},"end":{"line":92,"column":34}},"33":{"start":{"line":94,"column":6},"end":{"line":94,"column":15}},"34":{"start":{"line":98,"column":23},"end":{"line":112,"column":3}},"35":{"start":{"line":99,"column":4},"end":{"line":111,"column":5}},"36":{"start":{"line":100,"column":23},"end":{"line":100,"column":60}},"37":{"start":{"line":101,"column":20},"end":{"line":101,"column":38}},"38":{"start":{"line":103,"column":60},"end":{"line":103,"column":68}},"39":{"start":{"line":104,"column":27},"end":{"line":104,"column":78}},"40":{"start":{"line":106,"column":19},"end":{"line":106,"column":54}},"41":{"start":{"line":108,"column":6},"end":{"line":108,"column":32}},"42":{"start":{"line":110,"column":6},"end":{"line":110,"column":15}},"43":{"start":{"line":114,"column":24},"end":{"line":150,"column":3}},"44":{"start":{"line":115,"column":4},"end":{"line":149,"column":5}},"45":{"start":{"line":116,"column":23},"end":{"line":116,"column":60}},"46":{"start":{"line":117,"column":20},"end":{"line":117,"column":38}},"47":{"start":{"line":119,"column":23},"end":{"line":119,"column":62}},"48":{"start":{"line":120,"column":6},"end":{"line":126,"column":7}},"49":{"start":{"line":121,"column":8},"end":{"line":125,"column":9}},"50":{"start":{"line":128,"column":60},"end":{"line":128,"column":68}},"51":{"start":{"line":129,"column":27},"end":{"line":129,"column":78}},"52":{"start":{"line":131,"column":19},"end":{"line":136,"column":8}},"53":{"start":{"line":138,"column":6},"end":{"line":146,"column":7}},"54":{"start":{"line":139,"column":8},"end":{"line":139,"column":34}},"55":{"start":{"line":141,"column":8},"end":{"line":145,"column":9}},"56":{"start":{"line":148,"column":6},"end":{"line":148,"column":15}},"57":{"start":{"line":152,"column":26},"end":{"line":181,"column":3}},"58":{"start":{"line":153,"column":4},"end":{"line":180,"column":5}},"59":{"start":{"line":154,"column":23},"end":{"line":154,"column":62}},"60":{"start":{"line":155,"column":6},"end":{"line":161,"column":7}},"61":{"start":{"line":156,"column":8},"end":{"line":160,"column":9}},"62":{"start":{"line":163,"column":19},"end":{"line":167,"column":8}},"63":{"start":{"line":169,"column":6},"end":{"line":177,"column":7}},"64":{"start":{"line":170,"column":8},"end":{"line":170,"column":65}},"65":{"start":{"line":172,"column":8},"end":{"line":176,"column":9}},"66":{"start":{"line":179,"column":6},"end":{"line":179,"column":15}},"67":{"start":{"line":183,"column":30},"end":{"line":226,"column":3}},"68":{"start":{"line":184,"column":4},"end":{"line":225,"column":5}},"69":{"start":{"line":185,"column":19},"end":{"line":195,"column":8}},"70":{"start":{"line":196,"column":19},"end":{"line":196,"column":21}},"71":{"start":{"line":198,"column":6},"end":{"line":220,"column":7}},"72":{"start":{"line":198,"column":19},"end":{"line":198,"column":20}},"73":{"start":{"line":199,"column":29},"end":{"line":199,"column":30}},"74":{"start":{"line":200,"column":8},"end":{"line":202,"column":9}},"75":{"start":{"line":200,"column":21},"end":{"line":200,"column":22}},"76":{"start":{"line":201,"column":10},"end":{"line":201,"column":64}},"77":{"start":{"line":203,"column":8},"end":{"line":207,"column":9}},"78":{"start":{"line":204,"column":10},"end":{"line":204,"column":28}},"79":{"start":{"line":206,"column":10},"end":{"line":206,"column":61}},"80":{"start":{"line":208,"column":8},"end":{"line":219,"column":10}},"81":{"start":{"line":222,"column":6},"end":{"line":222,"column":34}},"82":{"start":{"line":224,"column":6},"end":{"line":224,"column":15}},"83":{"start":{"line":229,"column":0},"end":{"line":229,"column":35}}},"fnMap":{"0":{"name":"(anonymous_0)","decl":{"start":{"line":5,"column":27},"end":{"line":5,"column":28}},"loc":{"start":{"line":5,"column":53},"end":{"line":45,"column":3}},"line":5},"1":{"name":"(anonymous_1)","decl":{"start":{"line":47,"column":28},"end":{"line":47,"column":29}},"loc":{"start":{"line":47,"column":54},"end":{"line":96,"column":3}},"line":47},"2":{"name":"(anonymous_2)","decl":{"start":{"line":98,"column":23},"end":{"line":98,"column":24}},"loc":{"start":{"line":98,"column":49},"end":{"line":112,"column":3}},"line":98},"3":{"name":"(anonymous_3)","decl":{"start":{"line":114,"column":24},"end":{"line":114,"column":25}},"loc":{"start":{"line":114,"column":50},"end":{"line":150,"column":3}},"line":114},"4":{"name":"(anonymous_4)","decl":{"start":{"line":152,"column":26},"end":{"line":152,"column":27}},"loc":{"start":{"line":152,"column":52},"end":{"line":181,"column":3}},"line":152},"5":{"name":"(anonymous_5)","decl":{"start":{"line":183,"column":30},"end":{"line":183,"column":31}},"loc":{"start":{"line":183,"column":57},"end":{"line":226,"column":3}},"line":183}},"branchMap":{"0":{"loc":{"start":{"line":22,"column":8},"end":{"line":26,"column":9}},"type":"if","locations":[{"start":{"line":22,"column":8},"end":{"line":26,"column":9}},{"start":{"line":22,"column":8},"end":{"line":26,"column":9}}],"line":22},"1":{"loc":{"start":{"line":61,"column":6},"end":{"line":67,"column":7}},"type":"if","locations":[{"start":{"line":61,"column":6},"end":{"line":67,"column":7}},{"start":{"line":61,"column":6},"end":{"line":67,"column":7}}],"line":61},"2":{"loc":{"start":{"line":74,"column":6},"end":{"line":78,"column":7}},"type":"if","locations":[{"start":{"line":74,"column":6},"end":{"line":78,"column":7}},{"start":{"line":74,"column":6},"end":{"line":78,"column":7}}],"line":74},"3":{"loc":{"start":{"line":120,"column":6},"end":{"line":126,"column":7}},"type":"if","locations":[{"start":{"line":120,"column":6},"end":{"line":126,"column":7}},{"start":{"line":120,"column":6},"end":{"line":126,"column":7}}],"line":120},"4":{"loc":{"start":{"line":138,"column":6},"end":{"line":146,"column":7}},"type":"if","locations":[{"start":{"line":138,"column":6},"end":{"line":146,"column":7}},{"start":{"line":138,"column":6},"end":{"line":146,"column":7}}],"line":138},"5":{"loc":{"start":{"line":155,"column":6},"end":{"line":161,"column":7}},"type":"if","locations":[{"start":{"line":155,"column":6},"end":{"line":161,"column":7}},{"start":{"line":155,"column":6},"end":{"line":161,"column":7}}],"line":155},"6":{"loc":{"start":{"line":169,"column":6},"end":{"line":177,"column":7}},"type":"if","locations":[{"start":{"line":169,"column":6},"end":{"line":177,"column":7}},{"start":{"line":169,"column":6},"end":{"line":177,"column":7}}],"line":169},"7":{"loc":{"start":{"line":203,"column":8},"end":{"line":207,"column":9}},"type":"if","locations":[{"start":{"line":203,"column":8},"end":{"line":207,"column":9}},{"start":{"line":203,"column":8},"end":{"line":207,"column":9}}],"line":203}},"s":{"0":1,"1":1,"2":1,"3":0,"4":0,"5":0,"6":0,"7":0,"8":0,"9":0,"10":0,"11":0,"12":0,"13":0,"14":0,"15":0,"16":0,"17":0,"18":1,"19":0,"20":0,"21":0,"22":0,"23":0,"24":0,"25":0,"26":0,"27":0,"28":0,"29":0,"30":0,"31":0,"32":0,"33":0,"34":1,"35":2,"36":2,"37":2,"38":2,"39":2,"40":2,"41":1,"42":1,"43":1,"44":2,"45":2,"46":2,"47":2,"48":2,"49":0,"50":2,"51":2,"52":2,"53":1,"54":1,"55":0,"56":1,"57":1,"58":0,"59":0,"60":0,"61":0,"62":0,"63":0,"64":0,"65":0,"66":0,"67":1,"68":0,"69":0,"70":0,"71":0,"72":0,"73":0,"74":0,"75":0,"76":0,"77":0,"78":0,"79":0,"80":0,"81":0,"82":0,"83":1},"f":{"0":0,"1":0,"2":2,"3":2,"4":0,"5":0},"b":{"0":[0,0],"1":[0,0],"2":[0,0],"3":[0,2],"4":[1,0],"5":[0,0],"6":[0,0],"7":[0,0]},"_coverageSchema":"1a1c01bbd47fc00a2c39e90264f33305004495a9","hash":"f84430a65f2f1e3e09e0d088bae41111858eb532"}
,"C:\\Users\\Majapahit\\Desktop\\Overgeek\\controllers\\paymentController.js": {"path":"C:\\Users\\Majapahit\\Desktop\\Overgeek\\controllers\\paymentController.js","statementMap":{"0":{"start":{"line":1,"column":14},"end":{"line":1,"column":30}},"1":{"start":{"line":2,"column":53},"end":{"line":2,"column":73}},"2":{"start":{"line":3,"column":19},"end":{"line":3,"column":49}},"3":{"start":{"line":4,"column":24},"end":{"line":4,"column":51}},"4":{"start":{"line":5,"column":18},"end":{"line":5,"column":49}},"5":{"start":{"line":6,"column":19},"end":{"line":6,"column":51}},"6":{"start":{"line":10,"column":19},"end":{"line":10,"column":64}},"7":{"start":{"line":12,"column":4},"end":{"line":41,"column":6}},"8":{"start":{"line":37,"column":6},"end":{"line":37,"column":37}},"9":{"start":{"line":40,"column":6},"end":{"line":40,"column":22}},"10":{"start":{"line":44,"column":25},"end":{"line":71,"column":3}},"11":{"start":{"line":45,"column":4},"end":{"line":70,"column":5}},"12":{"start":{"line":47,"column":32},"end":{"line":47,"column":60}},"13":{"start":{"line":48,"column":6},"end":{"line":52,"column":7}},"14":{"start":{"line":48,"column":19},"end":{"line":48,"column":20}},"15":{"start":{"line":49,"column":8},"end":{"line":51,"column":9}},"16":{"start":{"line":50,"column":10},"end":{"line":50,"column":47}},"17":{"start":{"line":53,"column":31},"end":{"line":57,"column":8}},"18":{"start":{"line":58,"column":26},"end":{"line":65,"column":8}},"19":{"start":{"line":66,"column":6},"end":{"line":66,"column":39}},"20":{"start":{"line":68,"column":6},"end":{"line":68,"column":22}},"21":{"start":{"line":69,"column":6},"end":{"line":69,"column":15}},"22":{"start":{"line":74,"column":4},"end":{"line":74,"column":32}},"23":{"start":{"line":75,"column":4},"end":{"line":77,"column":5}},"24":{"start":{"line":81,"column":4},"end":{"line":98,"column":6}},"25":{"start":{"line":94,"column":6},"end":{"line":94,"column":37}},"26":{"start":{"line":97,"column":6},"end":{"line":97,"column":22}},"27":{"start":{"line":100,"column":16},"end":{"line":151,"column":3}},"28":{"start":{"line":101,"column":4},"end":{"line":101,"column":36}},"29":{"start":{"line":102,"column":4},"end":{"line":149,"column":5}},"30":{"start":{"line":103,"column":26},"end":{"line":105,"column":9}},"31":{"start":{"line":106,"column":23},"end":{"line":110,"column":8}},"32":{"start":{"line":112,"column":32},"end":{"line":112,"column":60}},"33":{"start":{"line":113,"column":6},"end":{"line":117,"column":7}},"34":{"start":{"line":113,"column":19},"end":{"line":113,"column":20}},"35":{"start":{"line":114,"column":8},"end":{"line":116,"column":9}},"36":{"start":{"line":115,"column":10},"end":{"line":115,"column":47}},"37":{"start":{"line":118,"column":6},"end":{"line":118,"column":38}},"38":{"start":{"line":119,"column":31},"end":{"line":123,"column":8}},"39":{"start":{"line":125,"column":26},"end":{"line":125,"column":45}},"40":{"start":{"line":127,"column":19},"end":{"line":131,"column":7}},"41":{"start":{"line":133,"column":25},"end":{"line":138,"column":8}},"42":{"start":{"line":139,"column":30},"end":{"line":143,"column":8}},"43":{"start":{"line":144,"column":6},"end":{"line":144,"column":43}},"44":{"start":{"line":147,"column":6},"end":{"line":147,"column":22}},"45":{"start":{"line":148,"column":6},"end":{"line":148,"column":15}},"46":{"start":{"line":155,"column":13},"end":{"line":155,"column":35}},"47":{"start":{"line":156,"column":19},"end":{"line":156,"column":21}},"48":{"start":{"line":157,"column":4},"end":{"line":188,"column":6}},"49":{"start":{"line":161,"column":6},"end":{"line":179,"column":7}},"50":{"start":{"line":162,"column":8},"end":{"line":162,"column":46}},"51":{"start":{"line":163,"column":8},"end":{"line":163,"column":44}},"52":{"start":{"line":164,"column":8},"end":{"line":175,"column":10}},"53":{"start":{"line":178,"column":8},"end":{"line":178,"column":40}},"54":{"start":{"line":182,"column":6},"end":{"line":182,"column":37}},"55":{"start":{"line":183,"column":6},"end":{"line":184,"column":7}},"56":{"start":{"line":187,"column":6},"end":{"line":187,"column":22}},"57":{"start":{"line":192,"column":0},"end":{"line":192,"column":34}}},"fnMap":{"0":{"name":"(anonymous_0)","decl":{"start":{"line":9,"column":2},"end":{"line":9,"column":3}},"loc":{"start":{"line":9,"column":36},"end":{"line":42,"column":3}},"line":9},"1":{"name":"(anonymous_1)","decl":{"start":{"line":36,"column":10},"end":{"line":36,"column":11}},"loc":{"start":{"line":36,"column":18},"end":{"line":38,"column":5}},"line":36},"2":{"name":"(anonymous_2)","decl":{"start":{"line":39,"column":11},"end":{"line":39,"column":12}},"loc":{"start":{"line":39,"column":18},"end":{"line":41,"column":5}},"line":39},"3":{"name":"(anonymous_3)","decl":{"start":{"line":44,"column":25},"end":{"line":44,"column":26}},"loc":{"start":{"line":44,"column":50},"end":{"line":71,"column":3}},"line":44},"4":{"name":"(anonymous_4)","decl":{"start":{"line":73,"column":2},"end":{"line":73,"column":3}},"loc":{"start":{"line":73,"column":29},"end":{"line":78,"column":3}},"line":73},"5":{"name":"(anonymous_5)","decl":{"start":{"line":80,"column":2},"end":{"line":80,"column":3}},"loc":{"start":{"line":80,"column":30},"end":{"line":99,"column":3}},"line":80},"6":{"name":"(anonymous_6)","decl":{"start":{"line":93,"column":10},"end":{"line":93,"column":11}},"loc":{"start":{"line":93,"column":18},"end":{"line":95,"column":5}},"line":93},"7":{"name":"(anonymous_7)","decl":{"start":{"line":96,"column":11},"end":{"line":96,"column":12}},"loc":{"start":{"line":96,"column":18},"end":{"line":98,"column":5}},"line":96},"8":{"name":"(anonymous_8)","decl":{"start":{"line":100,"column":16},"end":{"line":100,"column":17}},"loc":{"start":{"line":100,"column":42},"end":{"line":151,"column":3}},"line":100},"9":{"name":"(anonymous_9)","decl":{"start":{"line":154,"column":2},"end":{"line":154,"column":3}},"loc":{"start":{"line":154,"column":36},"end":{"line":189,"column":3}},"line":154},"10":{"name":"(anonymous_10)","decl":{"start":{"line":160,"column":10},"end":{"line":160,"column":11}},"loc":{"start":{"line":160,"column":18},"end":{"line":180,"column":5}},"line":160},"11":{"name":"(anonymous_11)","decl":{"start":{"line":181,"column":10},"end":{"line":181,"column":11}},"loc":{"start":{"line":181,"column":18},"end":{"line":185,"column":5}},"line":181},"12":{"name":"(anonymous_12)","decl":{"start":{"line":186,"column":11},"end":{"line":186,"column":12}},"loc":{"start":{"line":186,"column":18},"end":{"line":188,"column":5}},"line":186}},"branchMap":{"0":{"loc":{"start":{"line":49,"column":8},"end":{"line":51,"column":9}},"type":"if","locations":[{"start":{"line":49,"column":8},"end":{"line":51,"column":9}},{"start":{"line":49,"column":8},"end":{"line":51,"column":9}}],"line":49},"1":{"loc":{"start":{"line":75,"column":4},"end":{"line":77,"column":5}},"type":"if","locations":[{"start":{"line":75,"column":4},"end":{"line":77,"column":5}},{"start":{"line":75,"column":4},"end":{"line":77,"column":5}}],"line":75},"2":{"loc":{"start":{"line":114,"column":8},"end":{"line":116,"column":9}},"type":"if","locations":[{"start":{"line":114,"column":8},"end":{"line":116,"column":9}},{"start":{"line":114,"column":8},"end":{"line":116,"column":9}}],"line":114},"3":{"loc":{"start":{"line":161,"column":6},"end":{"line":179,"column":7}},"type":"if","locations":[{"start":{"line":161,"column":6},"end":{"line":179,"column":7}},{"start":{"line":161,"column":6},"end":{"line":179,"column":7}}],"line":161},"4":{"loc":{"start":{"line":183,"column":6},"end":{"line":184,"column":7}},"type":"if","locations":[{"start":{"line":183,"column":6},"end":{"line":184,"column":7}},{"start":{"line":183,"column":6},"end":{"line":184,"column":7}}],"line":183}},"s":{"0":1,"1":1,"2":1,"3":1,"4":1,"5":1,"6":0,"7":0,"8":0,"9":0,"10":1,"11":0,"12":0,"13":0,"14":0,"15":0,"16":0,"17":0,"18":0,"19":0,"20":0,"21":0,"22":0,"23":0,"24":0,"25":0,"26":0,"27":1,"28":0,"29":0,"30":0,"31":0,"32":0,"33":0,"34":0,"35":0,"36":0,"37":0,"38":0,"39":0,"40":0,"41":0,"42":0,"43":0,"44":0,"45":0,"46":0,"47":0,"48":0,"49":0,"50":0,"51":0,"52":0,"53":0,"54":0,"55":0,"56":0,"57":1},"f":{"0":0,"1":0,"2":0,"3":0,"4":0,"5":0,"6":0,"7":0,"8":0,"9":0,"10":0,"11":0,"12":0},"b":{"0":[0,0],"1":[0,0],"2":[0,0],"3":[0,0],"4":[0,0]},"_coverageSchema":"1a1c01bbd47fc00a2c39e90264f33305004495a9","hash":"bc9f084379187194e800e6e09e50fb7817b6f62b"}
,"C:\\Users\\Majapahit\\Desktop\\Overgeek\\controllers\\ratingController.js": {"path":"C:\\Users\\Majapahit\\Desktop\\Overgeek\\controllers\\ratingController.js","statementMap":{"0":{"start":{"line":1,"column":19},"end":{"line":1,"column":40}},"1":{"start":{"line":4,"column":21},"end":{"line":36,"column":3}},"2":{"start":{"line":5,"column":4},"end":{"line":35,"column":5}},"3":{"start":{"line":6,"column":25},"end":{"line":10,"column":8}},"4":{"start":{"line":11,"column":20},"end":{"line":11,"column":37}},"5":{"start":{"line":12,"column":6},"end":{"line":16,"column":7}},"6":{"start":{"line":12,"column":19},"end":{"line":12,"column":20}},"7":{"start":{"line":13,"column":8},"end":{"line":15,"column":9}},"8":{"start":{"line":14,"column":10},"end":{"line":14,"column":19}},"9":{"start":{"line":17,"column":6},"end":{"line":32,"column":7}},"10":{"start":{"line":18,"column":27},"end":{"line":22,"column":9}},"11":{"start":{"line":23,"column":21},"end":{"line":23,"column":52}},"12":{"start":{"line":25,"column":8},"end":{"line":25,"column":34}},"13":{"start":{"line":27,"column":8},"end":{"line":31,"column":9}},"14":{"start":{"line":34,"column":6},"end":{"line":34,"column":15}},"15":{"start":{"line":39,"column":0},"end":{"line":39,"column":33}}},"fnMap":{"0":{"name":"(anonymous_0)","decl":{"start":{"line":4,"column":21},"end":{"line":4,"column":22}},"loc":{"start":{"line":4,"column":47},"end":{"line":36,"column":3}},"line":4}},"branchMap":{"0":{"loc":{"start":{"line":13,"column":8},"end":{"line":15,"column":9}},"type":"if","locations":[{"start":{"line":13,"column":8},"end":{"line":15,"column":9}},{"start":{"line":13,"column":8},"end":{"line":15,"column":9}}],"line":13},"1":{"loc":{"start":{"line":17,"column":6},"end":{"line":32,"column":7}},"type":"if","locations":[{"start":{"line":17,"column":6},"end":{"line":32,"column":7}},{"start":{"line":17,"column":6},"end":{"line":32,"column":7}}],"line":17}},"s":{"0":1,"1":1,"2":0,"3":0,"4":0,"5":0,"6":0,"7":0,"8":0,"9":0,"10":0,"11":0,"12":0,"13":0,"14":0,"15":1},"f":{"0":0},"b":{"0":[0,0],"1":[0,0]},"_coverageSchema":"1a1c01bbd47fc00a2c39e90264f33305004495a9","hash":"9717d244c9a218442365f1cc092782c4ec28792d"}
,"C:\\Users\\Majapahit\\Desktop\\Overgeek\\controllers\\subscriptionController.js": {"path":"C:\\Users\\Majapahit\\Desktop\\Overgeek\\controllers\\subscriptionController.js","statementMap":{"0":{"start":{"line":1,"column":25},"end":{"line":1,"column":46}},"1":{"start":{"line":4,"column":27},"end":{"line":15,"column":3}},"2":{"start":{"line":5,"column":4},"end":{"line":14,"column":5}},"3":{"start":{"line":6,"column":43},"end":{"line":6,"column":51}},"4":{"start":{"line":7,"column":31},"end":{"line":7,"column":59}},"5":{"start":{"line":9,"column":19},"end":{"line":9,"column":62}},"6":{"start":{"line":11,"column":6},"end":{"line":11,"column":32}},"7":{"start":{"line":13,"column":6},"end":{"line":13,"column":15}},"8":{"start":{"line":17,"column":32},"end":{"line":25,"column":3}},"9":{"start":{"line":18,"column":4},"end":{"line":24,"column":5}},"10":{"start":{"line":19,"column":19},"end":{"line":19,"column":47}},"11":{"start":{"line":21,"column":6},"end":{"line":21,"column":32}},"12":{"start":{"line":23,"column":6},"end":{"line":23,"column":15}},"13":{"start":{"line":27,"column":28},"end":{"line":59,"column":3}},"14":{"start":{"line":28,"column":4},"end":{"line":58,"column":5}},"15":{"start":{"line":29,"column":23},"end":{"line":29,"column":66}},"16":{"start":{"line":30,"column":6},"end":{"line":36,"column":7}},"17":{"start":{"line":31,"column":8},"end":{"line":35,"column":9}},"18":{"start":{"line":38,"column":43},"end":{"line":38,"column":51}},"19":{"start":{"line":39,"column":31},"end":{"line":39,"column":59}},"20":{"start":{"line":41,"column":19},"end":{"line":46,"column":8}},"21":{"start":{"line":47,"column":6},"end":{"line":55,"column":7}},"22":{"start":{"line":48,"column":8},"end":{"line":48,"column":34}},"23":{"start":{"line":50,"column":8},"end":{"line":54,"column":9}},"24":{"start":{"line":57,"column":6},"end":{"line":57,"column":15}},"25":{"start":{"line":61,"column":30},"end":{"line":90,"column":3}},"26":{"start":{"line":62,"column":4},"end":{"line":89,"column":5}},"27":{"start":{"line":63,"column":23},"end":{"line":63,"column":66}},"28":{"start":{"line":64,"column":6},"end":{"line":70,"column":7}},"29":{"start":{"line":65,"column":8},"end":{"line":69,"column":9}},"30":{"start":{"line":72,"column":19},"end":{"line":76,"column":8}},"31":{"start":{"line":78,"column":6},"end":{"line":86,"column":7}},"32":{"start":{"line":79,"column":8},"end":{"line":79,"column":65}},"33":{"start":{"line":81,"column":8},"end":{"line":85,"column":9}},"34":{"start":{"line":88,"column":6},"end":{"line":88,"column":15}},"35":{"start":{"line":93,"column":0},"end":{"line":93,"column":38}}},"fnMap":{"0":{"name":"(anonymous_0)","decl":{"start":{"line":4,"column":27},"end":{"line":4,"column":28}},"loc":{"start":{"line":4,"column":53},"end":{"line":15,"column":3}},"line":4},"1":{"name":"(anonymous_1)","decl":{"start":{"line":17,"column":32},"end":{"line":17,"column":33}},"loc":{"start":{"line":17,"column":58},"end":{"line":25,"column":3}},"line":17},"2":{"name":"(anonymous_2)","decl":{"start":{"line":27,"column":28},"end":{"line":27,"column":29}},"loc":{"start":{"line":27,"column":54},"end":{"line":59,"column":3}},"line":27},"3":{"name":"(anonymous_3)","decl":{"start":{"line":61,"column":30},"end":{"line":61,"column":31}},"loc":{"start":{"line":61,"column":56},"end":{"line":90,"column":3}},"line":61}},"branchMap":{"0":{"loc":{"start":{"line":30,"column":6},"end":{"line":36,"column":7}},"type":"if","locations":[{"start":{"line":30,"column":6},"end":{"line":36,"column":7}},{"start":{"line":30,"column":6},"end":{"line":36,"column":7}}],"line":30},"1":{"loc":{"start":{"line":47,"column":6},"end":{"line":55,"column":7}},"type":"if","locations":[{"start":{"line":47,"column":6},"end":{"line":55,"column":7}},{"start":{"line":47,"column":6},"end":{"line":55,"column":7}}],"line":47},"2":{"loc":{"start":{"line":64,"column":6},"end":{"line":70,"column":7}},"type":"if","locations":[{"start":{"line":64,"column":6},"end":{"line":70,"column":7}},{"start":{"line":64,"column":6},"end":{"line":70,"column":7}}],"line":64},"3":{"loc":{"start":{"line":78,"column":6},"end":{"line":86,"column":7}},"type":"if","locations":[{"start":{"line":78,"column":6},"end":{"line":86,"column":7}},{"start":{"line":78,"column":6},"end":{"line":86,"column":7}}],"line":78}},"s":{"0":1,"1":1,"2":0,"3":0,"4":0,"5":0,"6":0,"7":0,"8":1,"9":0,"10":0,"11":0,"12":0,"13":1,"14":0,"15":0,"16":0,"17":0,"18":0,"19":0,"20":0,"21":0,"22":0,"23":0,"24":0,"25":1,"26":0,"27":0,"28":0,"29":0,"30":0,"31":0,"32":0,"33":0,"34":0,"35":1},"f":{"0":0,"1":0,"2":0,"3":0},"b":{"0":[0,0],"1":[0,0],"2":[0,0],"3":[0,0]},"_coverageSchema":"1a1c01bbd47fc00a2c39e90264f33305004495a9","hash":"b6834856391e3e44d3a10f6bac9dcc9cf64f4c0d"}
,"C:\\Users\\Majapahit\\Desktop\\Overgeek\\controllers\\userController.js": {"path":"C:\\Users\\Majapahit\\Desktop\\Overgeek\\controllers\\userController.js","statementMap":{"0":{"start":{"line":1,"column":31},"end":{"line":1,"column":51}},"1":{"start":{"line":2,"column":18},"end":{"line":2,"column":49}},"2":{"start":{"line":3,"column":28},"end":{"line":3,"column":56}},"3":{"start":{"line":4,"column":26},"end":{"line":4,"column":51}},"4":{"start":{"line":7,"column":20},"end":{"line":31,"column":3}},"5":{"start":{"line":8,"column":4},"end":{"line":30,"column":5}},"6":{"start":{"line":9,"column":23},"end":{"line":17,"column":7}},"7":{"start":{"line":19,"column":19},"end":{"line":19,"column":46}},"8":{"start":{"line":21,"column":6},"end":{"line":27,"column":9}},"9":{"start":{"line":29,"column":6},"end":{"line":29,"column":16}},"10":{"start":{"line":33,"column":17},"end":{"line":93,"column":3}},"11":{"start":{"line":34,"column":4},"end":{"line":92,"column":5}},"12":{"start":{"line":35,"column":34},"end":{"line":35,"column":42}},"13":{"start":{"line":36,"column":17},"end":{"line":40,"column":8}},"14":{"start":{"line":42,"column":6},"end":{"line":48,"column":7}},"15":{"start":{"line":43,"column":8},"end":{"line":47,"column":11}},"16":{"start":{"line":50,"column":6},"end":{"line":56,"column":7}},"17":{"start":{"line":51,"column":8},"end":{"line":55,"column":10}},"18":{"start":{"line":58,"column":6},"end":{"line":67,"column":7}},"19":{"start":{"line":59,"column":26},"end":{"line":66,"column":10}},"20":{"start":{"line":69,"column":31},"end":{"line":69,"column":71}},"21":{"start":{"line":70,"column":6},"end":{"line":76,"column":7}},"22":{"start":{"line":71,"column":8},"end":{"line":75,"column":10}},"23":{"start":{"line":78,"column":27},"end":{"line":85,"column":8}},"24":{"start":{"line":87,"column":6},"end":{"line":89,"column":9}},"25":{"start":{"line":91,"column":6},"end":{"line":91,"column":16}},"26":{"start":{"line":95,"column":20},"end":{"line":134,"column":3}},"27":{"start":{"line":96,"column":4},"end":{"line":133,"column":5}},"28":{"start":{"line":97,"column":23},"end":{"line":101,"column":8}},"29":{"start":{"line":103,"column":32},"end":{"line":103,"column":60}},"30":{"start":{"line":104,"column":6},"end":{"line":109,"column":7}},"31":{"start":{"line":104,"column":19},"end":{"line":104,"column":20}},"32":{"start":{"line":106,"column":8},"end":{"line":108,"column":9}},"33":{"start":{"line":107,"column":10},"end":{"line":107,"column":47}},"34":{"start":{"line":110,"column":6},"end":{"line":114,"column":8}},"35":{"start":{"line":116,"column":26},"end":{"line":116,"column":45}},"36":{"start":{"line":118,"column":19},"end":{"line":122,"column":7}},"37":{"start":{"line":124,"column":25},"end":{"line":129,"column":8}},"38":{"start":{"line":130,"column":6},"end":{"line":130,"column":39}},"39":{"start":{"line":132,"column":6},"end":{"line":132,"column":16}},"40":{"start":{"line":136,"column":20},"end":{"line":157,"column":3}},"41":{"start":{"line":137,"column":4},"end":{"line":156,"column":5}},"42":{"start":{"line":138,"column":19},"end":{"line":142,"column":8}},"43":{"start":{"line":144,"column":19},"end":{"line":151,"column":7}},"44":{"start":{"line":153,"column":6},"end":{"line":153,"column":33}},"45":{"start":{"line":155,"column":6},"end":{"line":155,"column":16}},"46":{"start":{"line":159,"column":27},"end":{"line":165,"column":3}},"47":{"start":{"line":160,"column":4},"end":{"line":164,"column":5}},"48":{"start":{"line":163,"column":6},"end":{"line":163,"column":15}},"49":{"start":{"line":168,"column":0},"end":{"line":168,"column":32}}},"fnMap":{"0":{"name":"(anonymous_0)","decl":{"start":{"line":7,"column":20},"end":{"line":7,"column":21}},"loc":{"start":{"line":7,"column":46},"end":{"line":31,"column":3}},"line":7},"1":{"name":"(anonymous_1)","decl":{"start":{"line":33,"column":17},"end":{"line":33,"column":18}},"loc":{"start":{"line":33,"column":43},"end":{"line":93,"column":3}},"line":33},"2":{"name":"(anonymous_2)","decl":{"start":{"line":95,"column":20},"end":{"line":95,"column":21}},"loc":{"start":{"line":95,"column":46},"end":{"line":134,"column":3}},"line":95},"3":{"name":"(anonymous_3)","decl":{"start":{"line":136,"column":20},"end":{"line":136,"column":21}},"loc":{"start":{"line":136,"column":46},"end":{"line":157,"column":3}},"line":136},"4":{"name":"(anonymous_4)","decl":{"start":{"line":159,"column":27},"end":{"line":159,"column":28}},"loc":{"start":{"line":159,"column":53},"end":{"line":165,"column":3}},"line":159}},"branchMap":{"0":{"loc":{"start":{"line":42,"column":6},"end":{"line":48,"column":7}},"type":"if","locations":[{"start":{"line":42,"column":6},"end":{"line":48,"column":7}},{"start":{"line":42,"column":6},"end":{"line":48,"column":7}}],"line":42},"1":{"loc":{"start":{"line":50,"column":6},"end":{"line":56,"column":7}},"type":"if","locations":[{"start":{"line":50,"column":6},"end":{"line":56,"column":7}},{"start":{"line":50,"column":6},"end":{"line":56,"column":7}}],"line":50},"2":{"loc":{"start":{"line":58,"column":6},"end":{"line":67,"column":7}},"type":"if","locations":[{"start":{"line":58,"column":6},"end":{"line":67,"column":7}},{"start":{"line":58,"column":6},"end":{"line":67,"column":7}}],"line":58},"3":{"loc":{"start":{"line":70,"column":6},"end":{"line":76,"column":7}},"type":"if","locations":[{"start":{"line":70,"column":6},"end":{"line":76,"column":7}},{"start":{"line":70,"column":6},"end":{"line":76,"column":7}}],"line":70},"4":{"loc":{"start":{"line":106,"column":8},"end":{"line":108,"column":9}},"type":"if","locations":[{"start":{"line":106,"column":8},"end":{"line":108,"column":9}},{"start":{"line":106,"column":8},"end":{"line":108,"column":9}}],"line":106}},"s":{"0":1,"1":1,"2":1,"3":1,"4":1,"5":0,"6":0,"7":0,"8":0,"9":0,"10":1,"11":0,"12":0,"13":0,"14":0,"15":0,"16":0,"17":0,"18":0,"19":0,"20":0,"21":0,"22":0,"23":0,"24":0,"25":0,"26":1,"27":0,"28":0,"29":0,"30":0,"31":0,"32":0,"33":0,"34":0,"35":0,"36":0,"37":0,"38":0,"39":0,"40":1,"41":0,"42":0,"43":0,"44":0,"45":0,"46":1,"47":0,"48":0,"49":1},"f":{"0":0,"1":0,"2":0,"3":0,"4":0},"b":{"0":[0,0],"1":[0,0],"2":[0,0],"3":[0,0],"4":[0,0]},"_coverageSchema":"1a1c01bbd47fc00a2c39e90264f33305004495a9","hash":"b3587c8f3a3d47d59ceef1feaf9378f5dd635088"}
,"C:\\Users\\Majapahit\\Desktop\\Overgeek\\controllers\\videoController.js": {"path":"C:\\Users\\Majapahit\\Desktop\\Overgeek\\controllers\\videoController.js","statementMap":{"0":{"start":{"line":1,"column":19},"end":{"line":1,"column":40}},"1":{"start":{"line":2,"column":11},"end":{"line":2,"column":24}},"2":{"start":{"line":5,"column":25},"end":{"line":13,"column":3}},"3":{"start":{"line":6,"column":4},"end":{"line":12,"column":5}},"4":{"start":{"line":7,"column":19},"end":{"line":7,"column":40}},"5":{"start":{"line":9,"column":6},"end":{"line":9,"column":32}},"6":{"start":{"line":11,"column":6},"end":{"line":11,"column":15}},"7":{"start":{"line":15,"column":24},"end":{"line":27,"column":3}},"8":{"start":{"line":16,"column":4},"end":{"line":26,"column":5}},"9":{"start":{"line":17,"column":19},"end":{"line":21,"column":8}},"10":{"start":{"line":23,"column":6},"end":{"line":23,"column":32}},"11":{"start":{"line":25,"column":6},"end":{"line":25,"column":15}},"12":{"start":{"line":29,"column":20},"end":{"line":48,"column":3}},"13":{"start":{"line":30,"column":4},"end":{"line":47,"column":5}},"14":{"start":{"line":31,"column":21},"end":{"line":31,"column":58}},"15":{"start":{"line":32,"column":18},"end":{"line":32,"column":34}},"16":{"start":{"line":34,"column":43},"end":{"line":34,"column":51}},"17":{"start":{"line":35,"column":19},"end":{"line":41,"column":8}},"18":{"start":{"line":43,"column":6},"end":{"line":43,"column":32}},"19":{"start":{"line":45,"column":6},"end":{"line":45,"column":22}},"20":{"start":{"line":46,"column":6},"end":{"line":46,"column":15}},"21":{"start":{"line":50,"column":23},"end":{"line":79,"column":3}},"22":{"start":{"line":51,"column":4},"end":{"line":78,"column":5}},"23":{"start":{"line":52,"column":23},"end":{"line":52,"column":59}},"24":{"start":{"line":53,"column":6},"end":{"line":59,"column":7}},"25":{"start":{"line":54,"column":8},"end":{"line":58,"column":9}},"26":{"start":{"line":61,"column":19},"end":{"line":65,"column":8}},"27":{"start":{"line":67,"column":6},"end":{"line":75,"column":7}},"28":{"start":{"line":68,"column":8},"end":{"line":68,"column":62}},"29":{"start":{"line":70,"column":8},"end":{"line":74,"column":9}},"30":{"start":{"line":77,"column":6},"end":{"line":77,"column":15}},"31":{"start":{"line":81,"column":21},"end":{"line":108,"column":3}},"32":{"start":{"line":82,"column":4},"end":{"line":107,"column":5}},"33":{"start":{"line":83,"column":21},"end":{"line":83,"column":58}},"34":{"start":{"line":84,"column":18},"end":{"line":84,"column":34}},"35":{"start":{"line":86,"column":23},"end":{"line":86,"column":59}},"36":{"start":{"line":87,"column":6},"end":{"line":93,"column":7}},"37":{"start":{"line":88,"column":8},"end":{"line":92,"column":9}},"38":{"start":{"line":95,"column":43},"end":{"line":95,"column":51}},"39":{"start":{"line":96,"column":24},"end":{"line":96,"column":57}},"40":{"start":{"line":98,"column":19},"end":{"line":103,"column":8}},"41":{"start":{"line":104,"column":6},"end":{"line":104,"column":32}},"42":{"start":{"line":106,"column":6},"end":{"line":106,"column":15}},"43":{"start":{"line":111,"column":0},"end":{"line":111,"column":32}}},"fnMap":{"0":{"name":"(anonymous_0)","decl":{"start":{"line":5,"column":25},"end":{"line":5,"column":26}},"loc":{"start":{"line":5,"column":51},"end":{"line":13,"column":3}},"line":5},"1":{"name":"(anonymous_1)","decl":{"start":{"line":15,"column":24},"end":{"line":15,"column":25}},"loc":{"start":{"line":15,"column":50},"end":{"line":27,"column":3}},"line":15},"2":{"name":"(anonymous_2)","decl":{"start":{"line":29,"column":20},"end":{"line":29,"column":21}},"loc":{"start":{"line":29,"column":46},"end":{"line":48,"column":3}},"line":29},"3":{"name":"(anonymous_3)","decl":{"start":{"line":50,"column":23},"end":{"line":50,"column":24}},"loc":{"start":{"line":50,"column":49},"end":{"line":79,"column":3}},"line":50},"4":{"name":"(anonymous_4)","decl":{"start":{"line":81,"column":21},"end":{"line":81,"column":22}},"loc":{"start":{"line":81,"column":47},"end":{"line":108,"column":3}},"line":81}},"branchMap":{"0":{"loc":{"start":{"line":53,"column":6},"end":{"line":59,"column":7}},"type":"if","locations":[{"start":{"line":53,"column":6},"end":{"line":59,"column":7}},{"start":{"line":53,"column":6},"end":{"line":59,"column":7}}],"line":53},"1":{"loc":{"start":{"line":67,"column":6},"end":{"line":75,"column":7}},"type":"if","locations":[{"start":{"line":67,"column":6},"end":{"line":75,"column":7}},{"start":{"line":67,"column":6},"end":{"line":75,"column":7}}],"line":67},"2":{"loc":{"start":{"line":87,"column":6},"end":{"line":93,"column":7}},"type":"if","locations":[{"start":{"line":87,"column":6},"end":{"line":93,"column":7}},{"start":{"line":87,"column":6},"end":{"line":93,"column":7}}],"line":87}},"s":{"0":1,"1":1,"2":1,"3":0,"4":0,"5":0,"6":0,"7":1,"8":0,"9":0,"10":0,"11":0,"12":1,"13":0,"14":0,"15":0,"16":0,"17":0,"18":0,"19":0,"20":0,"21":1,"22":0,"23":0,"24":0,"25":0,"26":0,"27":0,"28":0,"29":0,"30":0,"31":1,"32":0,"33":0,"34":0,"35":0,"36":0,"37":0,"38":0,"39":0,"40":0,"41":0,"42":0,"43":1},"f":{"0":0,"1":0,"2":0,"3":0,"4":0},"b":{"0":[0,0],"1":[0,0],"2":[0,0]},"_coverageSchema":"1a1c01bbd47fc00a2c39e90264f33305004495a9","hash":"320244fa43826331b715b8386e980a315ebb2a43"}
,"C:\\Users\\Majapahit\\Desktop\\Overgeek\\helpers\\bcrypt.js": {"path":"C:\\Users\\Majapahit\\Desktop\\Overgeek\\helpers\\bcrypt.js","statementMap":{"0":{"start":{"line":1,"column":15},"end":{"line":1,"column":32}},"1":{"start":{"line":4,"column":15},"end":{"line":4,"column":37}},"2":{"start":{"line":5,"column":2},"end":{"line":5,"column":40}},"3":{"start":{"line":9,"column":2},"end":{"line":9,"column":53}},"4":{"start":{"line":12,"column":0},"end":{"line":12,"column":50}}},"fnMap":{"0":{"name":"hashPassword","decl":{"start":{"line":3,"column":9},"end":{"line":3,"column":21}},"loc":{"start":{"line":3,"column":32},"end":{"line":6,"column":1}},"line":3},"1":{"name":"comparePassword","decl":{"start":{"line":8,"column":9},"end":{"line":8,"column":24}},"loc":{"start":{"line":8,"column":51},"end":{"line":10,"column":1}},"line":8}},"branchMap":{},"s":{"0":1,"1":0,"2":0,"3":0,"4":1},"f":{"0":0,"1":0},"b":{},"_coverageSchema":"1a1c01bbd47fc00a2c39e90264f33305004495a9","hash":"250b4a9dc7513ea173edf9a269ceb2a66d73f8e7"}
,"C:\\Users\\Majapahit\\Desktop\\Overgeek\\helpers\\countDate.js": {"path":"C:\\Users\\Majapahit\\Desktop\\Overgeek\\helpers\\countDate.js","statementMap":{"0":{"start":{"line":2,"column":16},"end":{"line":2,"column":26}},"1":{"start":{"line":3,"column":13},"end":{"line":3,"column":84}},"2":{"start":{"line":4,"column":14},"end":{"line":4,"column":85}},"3":{"start":{"line":5,"column":12},"end":{"line":5,"column":83}},"4":{"start":{"line":6,"column":2},"end":{"line":12,"column":3}},"5":{"start":{"line":7,"column":4},"end":{"line":7,"column":14}},"6":{"start":{"line":8,"column":9},"end":{"line":12,"column":3}},"7":{"start":{"line":9,"column":4},"end":{"line":9,"column":14}},"8":{"start":{"line":10,"column":9},"end":{"line":12,"column":3}},"9":{"start":{"line":11,"column":4},"end":{"line":11,"column":13}},"10":{"start":{"line":13,"column":2},"end":{"line":13,"column":35}},"11":{"start":{"line":16,"column":0},"end":{"line":16,"column":26}}},"fnMap":{"0":{"name":"countDate","decl":{"start":{"line":1,"column":9},"end":{"line":1,"column":18}},"loc":{"start":{"line":1,"column":25},"end":{"line":14,"column":1}},"line":1}},"branchMap":{"0":{"loc":{"start":{"line":6,"column":2},"end":{"line":12,"column":3}},"type":"if","locations":[{"start":{"line":6,"column":2},"end":{"line":12,"column":3}},{"start":{"line":6,"column":2},"end":{"line":12,"column":3}}],"line":6},"1":{"loc":{"start":{"line":8,"column":9},"end":{"line":12,"column":3}},"type":"if","locations":[{"start":{"line":8,"column":9},"end":{"line":12,"column":3}},{"start":{"line":8,"column":9},"end":{"line":12,"column":3}}],"line":8},"2":{"loc":{"start":{"line":10,"column":9},"end":{"line":12,"column":3}},"type":"if","locations":[{"start":{"line":10,"column":9},"end":{"line":12,"column":3}},{"start":{"line":10,"column":9},"end":{"line":12,"column":3}}],"line":10}},"s":{"0":0,"1":0,"2":0,"3":0,"4":0,"5":0,"6":0,"7":0,"8":0,"9":0,"10":0,"11":1},"f":{"0":0},"b":{"0":[0,0],"1":[0,0],"2":[0,0]},"_coverageSchema":"1a1c01bbd47fc00a2c39e90264f33305004495a9","hash":"2f84f99420769dd7f793adafc3328ef253162bcd"}
,"C:\\Users\\Majapahit\\Desktop\\Overgeek\\helpers\\dateFormat.js": {"path":"C:\\Users\\Majapahit\\Desktop\\Overgeek\\helpers\\dateFormat.js","statementMap":{"0":{"start":{"line":3,"column":13},"end":{"line":3,"column":58}},"1":{"start":{"line":4,"column":14},"end":{"line":4,"column":73}},"2":{"start":{"line":5,"column":12},"end":{"line":5,"column":71}},"3":{"start":{"line":6,"column":2},"end":{"line":6,"column":31}},"4":{"start":{"line":7,"column":2},"end":{"line":7,"column":35}},"5":{"start":{"line":10,"column":0},"end":{"line":10,"column":27}}},"fnMap":{"0":{"name":"dateFormat","decl":{"start":{"line":1,"column":9},"end":{"line":1,"column":19}},"loc":{"start":{"line":1,"column":29},"end":{"line":8,"column":1}},"line":1}},"branchMap":{},"s":{"0":0,"1":0,"2":0,"3":0,"4":0,"5":1},"f":{"0":0},"b":{},"_coverageSchema":"1a1c01bbd47fc00a2c39e90264f33305004495a9","hash":"1f0db38c2d06e514cb6e8b07707e8f98498647ff"}
,"C:\\Users\\Majapahit\\Desktop\\Overgeek\\helpers\\deleteLecturers.js": {"path":"C:\\Users\\Majapahit\\Desktop\\Overgeek\\helpers\\deleteLecturers.js","statementMap":{"0":{"start":{"line":1,"column":21},"end":{"line":1,"column":41}},"1":{"start":{"line":3,"column":23},"end":{"line":5,"column":1}},"2":{"start":{"line":4,"column":2},"end":{"line":4,"column":40}},"3":{"start":{"line":7,"column":0},"end":{"line":7,"column":32}}},"fnMap":{"0":{"name":"(anonymous_0)","decl":{"start":{"line":3,"column":23},"end":{"line":3,"column":24}},"loc":{"start":{"line":3,"column":29},"end":{"line":5,"column":1}},"line":3}},"branchMap":{},"s":{"0":1,"1":1,"2":0,"3":1},"f":{"0":0},"b":{},"_coverageSchema":"1a1c01bbd47fc00a2c39e90264f33305004495a9","hash":"7e37b5543802910ab7c729750c9a5e6a18f124a3"}
,"C:\\Users\\Majapahit\\Desktop\\Overgeek\\helpers\\jwt.js": {"path":"C:\\Users\\Majapahit\\Desktop\\Overgeek\\helpers\\jwt.js","statementMap":{"0":{"start":{"line":1,"column":12},"end":{"line":1,"column":35}},"1":{"start":{"line":4,"column":2},"end":{"line":4,"column":46}},"2":{"start":{"line":7,"column":0},"end":{"line":7,"column":34}}},"fnMap":{"0":{"name":"generateToken","decl":{"start":{"line":3,"column":9},"end":{"line":3,"column":22}},"loc":{"start":{"line":3,"column":32},"end":{"line":5,"column":1}},"line":3}},"branchMap":{},"s":{"0":1,"1":1,"2":1},"f":{"0":1},"b":{},"_coverageSchema":"1a1c01bbd47fc00a2c39e90264f33305004495a9","hash":"13acd5cc76a3bf8deb8bb5c5089c7ef2d0123020"}
,"C:\\Users\\Majapahit\\Desktop\\Overgeek\\helpers\\randomId.js": {"path":"C:\\Users\\Majapahit\\Desktop\\Overgeek\\helpers\\randomId.js","statementMap":{"0":{"start":{"line":2,"column":2},"end":{"line":2,"column":62}},"1":{"start":{"line":5,"column":0},"end":{"line":7,"column":1}}},"fnMap":{"0":{"name":"randomId","decl":{"start":{"line":1,"column":9},"end":{"line":1,"column":17}},"loc":{"start":{"line":1,"column":25},"end":{"line":3,"column":1}},"line":1}},"branchMap":{"0":{"loc":{"start":{"line":2,"column":49},"end":{"line":2,"column":61}},"type":"binary-expr","locations":[{"start":{"line":2,"column":49},"end":{"line":2,"column":55}},{"start":{"line":2,"column":59},"end":{"line":2,"column":61}}],"line":2}},"s":{"0":0,"1":1},"f":{"0":0},"b":{"0":[0,0]},"_coverageSchema":"1a1c01bbd47fc00a2c39e90264f33305004495a9","hash":"ac5c4c5837ae9e1c2ca783c963f1648043af8204"}
,"C:\\Users\\Majapahit\\Desktop\\Overgeek\\middlewares\\authenticate.js": {"path":"C:\\Users\\Majapahit\\Desktop\\Overgeek\\middlewares\\authenticate.js","statementMap":{"0":{"start":{"line":1,"column":12},"end":{"line":1,"column":35}},"1":{"start":{"line":2,"column":17},"end":{"line":2,"column":38}},"2":{"start":{"line":4,"column":21},"end":{"line":30,"column":1}},"3":{"start":{"line":5,"column":2},"end":{"line":29,"column":3}},"4":{"start":{"line":6,"column":18},"end":{"line":6,"column":42}},"5":{"start":{"line":7,"column":20},"end":{"line":7,"column":57}},"6":{"start":{"line":10,"column":15},"end":{"line":14,"column":6}},"7":{"start":{"line":16,"column":4},"end":{"line":22,"column":5}},"8":{"start":{"line":17,"column":6},"end":{"line":21,"column":7}},"9":{"start":{"line":24,"column":4},"end":{"line":24,"column":25}},"10":{"start":{"line":26,"column":4},"end":{"line":26,"column":10}},"11":{"start":{"line":28,"column":4},"end":{"line":28,"column":13}},"12":{"start":{"line":32,"column":0},"end":{"line":32,"column":29}}},"fnMap":{"0":{"name":"(anonymous_0)","decl":{"start":{"line":4,"column":21},"end":{"line":4,"column":22}},"loc":{"start":{"line":4,"column":53},"end":{"line":30,"column":1}},"line":4}},"branchMap":{"0":{"loc":{"start":{"line":16,"column":4},"end":{"line":22,"column":5}},"type":"if","locations":[{"start":{"line":16,"column":4},"end":{"line":22,"column":5}},{"start":{"line":16,"column":4},"end":{"line":22,"column":5}}],"line":16}},"s":{"0":1,"1":1,"2":1,"3":8,"4":8,"5":8,"6":6,"7":6,"8":2,"9":4,"10":4,"11":4,"12":1},"f":{"0":8},"b":{"0":[2,4]},"_coverageSchema":"1a1c01bbd47fc00a2c39e90264f33305004495a9","hash":"5e71da23cd517174e26ed02a5e8447e35a7a4f09"}
,"C:\\Users\\Majapahit\\Desktop\\Overgeek\\middlewares\\authorize.js": {"path":"C:\\Users\\Majapahit\\Desktop\\Overgeek\\middlewares\\authorize.js","statementMap":{"0":{"start":{"line":1,"column":17},"end":{"line":1,"column":38}},"1":{"start":{"line":3,"column":18},"end":{"line":31,"column":1}},"2":{"start":{"line":4,"column":2},"end":{"line":30,"column":3}},"3":{"start":{"line":5,"column":17},"end":{"line":9,"column":6}},"4":{"start":{"line":11,"column":4},"end":{"line":17,"column":5}},"5":{"start":{"line":12,"column":6},"end":{"line":16,"column":7}},"6":{"start":{"line":19,"column":4},"end":{"line":25,"column":5}},"7":{"start":{"line":20,"column":6},"end":{"line":24,"column":7}},"8":{"start":{"line":26,"column":4},"end":{"line":26,"column":10}},"9":{"start":{"line":28,"column":4},"end":{"line":28,"column":20}},"10":{"start":{"line":29,"column":4},"end":{"line":29,"column":13}},"11":{"start":{"line":33,"column":0},"end":{"line":33,"column":26}}},"fnMap":{"0":{"name":"(anonymous_0)","decl":{"start":{"line":3,"column":18},"end":{"line":3,"column":19}},"loc":{"start":{"line":3,"column":44},"end":{"line":31,"column":1}},"line":3}},"branchMap":{"0":{"loc":{"start":{"line":11,"column":4},"end":{"line":17,"column":5}},"type":"if","locations":[{"start":{"line":11,"column":4},"end":{"line":17,"column":5}},{"start":{"line":11,"column":4},"end":{"line":17,"column":5}}],"line":11},"1":{"loc":{"start":{"line":19,"column":4},"end":{"line":25,"column":5}},"type":"if","locations":[{"start":{"line":19,"column":4},"end":{"line":25,"column":5}},{"start":{"line":19,"column":4},"end":{"line":25,"column":5}}],"line":19}},"s":{"0":1,"1":1,"2":4,"3":4,"4":4,"5":0,"6":4,"7":0,"8":4,"9":0,"10":0,"11":1},"f":{"0":4},"b":{"0":[0,4],"1":[0,4]},"_coverageSchema":"1a1c01bbd47fc00a2c39e90264f33305004495a9","hash":"4fb31b5ec4e16d2799c71fe017965e76d5a5fec9"}
,"C:\\Users\\Majapahit\\Desktop\\Overgeek\\middlewares\\errorHandler.js": {"path":"C:\\Users\\Majapahit\\Desktop\\Overgeek\\middlewares\\errorHandler.js","statementMap":{"0":{"start":{"line":1,"column":21},"end":{"line":26,"column":1}},"1":{"start":{"line":2,"column":2},"end":{"line":24,"column":3}},"2":{"start":{"line":3,"column":4},"end":{"line":5,"column":6}},"3":{"start":{"line":7,"column":7},"end":{"line":24,"column":3}},"4":{"start":{"line":8,"column":21},"end":{"line":8,"column":53}},"5":{"start":{"line":8,"column":42},"end":{"line":8,"column":52}},"6":{"start":{"line":9,"column":4},"end":{"line":11,"column":6}},"7":{"start":{"line":13,"column":7},"end":{"line":24,"column":3}},"8":{"start":{"line":14,"column":21},"end":{"line":14,"column":53}},"9":{"start":{"line":14,"column":42},"end":{"line":14,"column":52}},"10":{"start":{"line":15,"column":4},"end":{"line":17,"column":6}},"11":{"start":{"line":19,"column":7},"end":{"line":24,"column":3}},"12":{"start":{"line":20,"column":4},"end":{"line":20,"column":56}},"13":{"start":{"line":22,"column":4},"end":{"line":22,"column":20}},"14":{"start":{"line":23,"column":4},"end":{"line":23,"column":62}},"15":{"start":{"line":25,"column":2},"end":{"line":25,"column":63}},"16":{"start":{"line":28,"column":0},"end":{"line":28,"column":29}}},"fnMap":{"0":{"name":"(anonymous_0)","decl":{"start":{"line":1,"column":21},"end":{"line":1,"column":22}},"loc":{"start":{"line":1,"column":52},"end":{"line":26,"column":1}},"line":1},"1":{"name":"(anonymous_1)","decl":{"start":{"line":8,"column":36},"end":{"line":8,"column":37}},"loc":{"start":{"line":8,"column":42},"end":{"line":8,"column":52}},"line":8},"2":{"name":"(anonymous_2)","decl":{"start":{"line":14,"column":36},"end":{"line":14,"column":37}},"loc":{"start":{"line":14,"column":42},"end":{"line":14,"column":52}},"line":14}},"branchMap":{"0":{"loc":{"start":{"line":2,"column":2},"end":{"line":24,"column":3}},"type":"if","locations":[{"start":{"line":2,"column":2},"end":{"line":24,"column":3}},{"start":{"line":2,"column":2},"end":{"line":24,"column":3}}],"line":2},"1":{"loc":{"start":{"line":7,"column":7},"end":{"line":24,"column":3}},"type":"if","locations":[{"start":{"line":7,"column":7},"end":{"line":24,"column":3}},{"start":{"line":7,"column":7},"end":{"line":24,"column":3}}],"line":7},"2":{"loc":{"start":{"line":13,"column":7},"end":{"line":24,"column":3}},"type":"if","locations":[{"start":{"line":13,"column":7},"end":{"line":24,"column":3}},{"start":{"line":13,"column":7},"end":{"line":24,"column":3}}],"line":13},"3":{"loc":{"start":{"line":19,"column":7},"end":{"line":24,"column":3}},"type":"if","locations":[{"start":{"line":19,"column":7},"end":{"line":24,"column":3}},{"start":{"line":19,"column":7},"end":{"line":24,"column":3}}],"line":19}},"s":{"0":1,"1":6,"2":2,"3":4,"4":0,"5":0,"6":0,"7":4,"8":2,"9":2,"10":2,"11":2,"12":2,"13":0,"14":0,"15":4,"16":1},"f":{"0":6,"1":0,"2":2},"b":{"0":[2,4],"1":[0,4],"2":[2,2],"3":[2,0]},"_coverageSchema":"1a1c01bbd47fc00a2c39e90264f33305004495a9","hash":"fc354f239ce07b4f0c8f70eae7a817ce8cdfd655"}
,"C:\\Users\\Majapahit\\Desktop\\Overgeek\\models\\index.js": {"path":"C:\\Users\\Majapahit\\Desktop\\Overgeek\\models\\index.js","statementMap":{"0":{"start":{"line":3,"column":11},"end":{"line":3,"column":24}},"1":{"start":{"line":4,"column":13},"end":{"line":4,"column":28}},"2":{"start":{"line":5,"column":18},"end":{"line":5,"column":38}},"3":{"start":{"line":6,"column":17},"end":{"line":6,"column":42}},"4":{"start":{"line":7,"column":12},"end":{"line":7,"column":49}},"5":{"start":{"line":8,"column":15},"end":{"line":8,"column":63}},"6":{"start":{"line":9,"column":11},"end":{"line":9,"column":13}},"7":{"start":{"line":12,"column":0},"end":{"line":16,"column":1}},"8":{"start":{"line":13,"column":2},"end":{"line":13,"column":74}},"9":{"start":{"line":15,"column":2},"end":{"line":15,"column":87}},"10":{"start":{"line":18,"column":0},"end":{"line":26,"column":5}},"11":{"start":{"line":21,"column":4},"end":{"line":21,"column":90}},"12":{"start":{"line":24,"column":18},"end":{"line":24,"column":85}},"13":{"start":{"line":25,"column":4},"end":{"line":25,"column":27}},"14":{"start":{"line":28,"column":0},"end":{"line":32,"column":3}},"15":{"start":{"line":29,"column":2},"end":{"line":31,"column":3}},"16":{"start":{"line":30,"column":4},"end":{"line":30,"column":32}},"17":{"start":{"line":34,"column":0},"end":{"line":34,"column":25}},"18":{"start":{"line":35,"column":0},"end":{"line":35,"column":25}},"19":{"start":{"line":37,"column":0},"end":{"line":37,"column":20}}},"fnMap":{"0":{"name":"(anonymous_0)","decl":{"start":{"line":20,"column":10},"end":{"line":20,"column":11}},"loc":{"start":{"line":20,"column":18},"end":{"line":22,"column":3}},"line":20},"1":{"name":"(anonymous_1)","decl":{"start":{"line":23,"column":11},"end":{"line":23,"column":12}},"loc":{"start":{"line":23,"column":19},"end":{"line":26,"column":3}},"line":23},"2":{"name":"(anonymous_2)","decl":{"start":{"line":28,"column":24},"end":{"line":28,"column":25}},"loc":{"start":{"line":28,"column":37},"end":{"line":32,"column":1}},"line":28}},"branchMap":{"0":{"loc":{"start":{"line":7,"column":12},"end":{"line":7,"column":49}},"type":"binary-expr","locations":[{"start":{"line":7,"column":12},"end":{"line":7,"column":32}},{"start":{"line":7,"column":36},"end":{"line":7,"column":49}}],"line":7},"1":{"loc":{"start":{"line":12,"column":0},"end":{"line":16,"column":1}},"type":"if","locations":[{"start":{"line":12,"column":0},"end":{"line":16,"column":1}},{"start":{"line":12,"column":0},"end":{"line":16,"column":1}}],"line":12},"2":{"loc":{"start":{"line":21,"column":11},"end":{"line":21,"column":89}},"type":"binary-expr","locations":[{"start":{"line":21,"column":12},"end":{"line":21,"column":35}},{"start":{"line":21,"column":41},"end":{"line":21,"column":58}},{"start":{"line":21,"column":64},"end":{"line":21,"column":88}}],"line":21},"3":{"loc":{"start":{"line":29,"column":2},"end":{"line":31,"column":3}},"type":"if","locations":[{"start":{"line":29,"column":2},"end":{"line":31,"column":3}},{"start":{"line":29,"column":2},"end":{"line":31,"column":3}}],"line":29}},"s":{"0":1,"1":1,"2":1,"3":1,"4":1,"5":1,"6":1,"7":1,"8":0,"9":1,"10":1,"11":8,"12":7,"13":7,"14":1,"15":7,"16":7,"17":1,"18":1,"19":1},"f":{"0":8,"1":7,"2":7},"b":{"0":[1,0],"1":[0,1],"2":[8,8,7],"3":[7,0]},"_coverageSchema":"1a1c01bbd47fc00a2c39e90264f33305004495a9","hash":"918819b8d90f3e4f80c2830afbcd22ec9d694a92"}
,"C:\\Users\\Majapahit\\Desktop\\Overgeek\\models\\lecturer.js": {"path":"C:\\Users\\Majapahit\\Desktop\\Overgeek\\models\\lecturer.js","statementMap":{"0":{"start":{"line":4,"column":4},"end":{"line":4,"column":24}},"1":{"start":{"line":5,"column":0},"end":{"line":31,"column":2}},"2":{"start":{"line":14,"column":6},"end":{"line":14,"column":65}},"3":{"start":{"line":15,"column":6},"end":{"line":15,"column":64}},"4":{"start":{"line":18,"column":2},"end":{"line":29,"column":5}},"5":{"start":{"line":30,"column":2},"end":{"line":30,"column":18}}},"fnMap":{"0":{"name":"(anonymous_0)","decl":{"start":{"line":5,"column":17},"end":{"line":5,"column":18}},"loc":{"start":{"line":5,"column":43},"end":{"line":31,"column":1}},"line":5},"1":{"name":"(anonymous_1)","decl":{"start":{"line":12,"column":4},"end":{"line":12,"column":5}},"loc":{"start":{"line":12,"column":29},"end":{"line":16,"column":5}},"line":12}},"branchMap":{},"s":{"0":1,"1":1,"2":1,"3":1,"4":1,"5":1},"f":{"0":1,"1":1},"b":{},"_coverageSchema":"1a1c01bbd47fc00a2c39e90264f33305004495a9","hash":"9d20e1f27ef28622494e2886d72720afc31528a4"}
,"C:\\Users\\Majapahit\\Desktop\\Overgeek\\models\\payment.js": {"path":"C:\\Users\\Majapahit\\Desktop\\Overgeek\\models\\payment.js","statementMap":{"0":{"start":{"line":4,"column":4},"end":{"line":4,"column":24}},"1":{"start":{"line":5,"column":0},"end":{"line":30,"column":2}},"2":{"start":{"line":14,"column":6},"end":{"line":14,"column":60}},"3":{"start":{"line":17,"column":2},"end":{"line":28,"column":5}},"4":{"start":{"line":29,"column":2},"end":{"line":29,"column":17}}},"fnMap":{"0":{"name":"(anonymous_0)","decl":{"start":{"line":5,"column":17},"end":{"line":5,"column":18}},"loc":{"start":{"line":5,"column":43},"end":{"line":30,"column":1}},"line":5},"1":{"name":"(anonymous_1)","decl":{"start":{"line":12,"column":4},"end":{"line":12,"column":5}},"loc":{"start":{"line":12,"column":29},"end":{"line":15,"column":5}},"line":12}},"branchMap":{},"s":{"0":1,"1":1,"2":1,"3":1,"4":1},"f":{"0":1,"1":1},"b":{},"_coverageSchema":"1a1c01bbd47fc00a2c39e90264f33305004495a9","hash":"defa40ebf329d9ee30963c47506e227e48b2cf2d"}
,"C:\\Users\\Majapahit\\Desktop\\Overgeek\\models\\rating.js": {"path":"C:\\Users\\Majapahit\\Desktop\\Overgeek\\models\\rating.js","statementMap":{"0":{"start":{"line":4,"column":4},"end":{"line":4,"column":24}},"1":{"start":{"line":5,"column":0},"end":{"line":27,"column":2}},"2":{"start":{"line":14,"column":6},"end":{"line":14,"column":59}},"3":{"start":{"line":15,"column":6},"end":{"line":15,"column":67}},"4":{"start":{"line":18,"column":2},"end":{"line":25,"column":5}},"5":{"start":{"line":26,"column":2},"end":{"line":26,"column":16}}},"fnMap":{"0":{"name":"(anonymous_0)","decl":{"start":{"line":5,"column":17},"end":{"line":5,"column":18}},"loc":{"start":{"line":5,"column":43},"end":{"line":27,"column":1}},"line":5},"1":{"name":"(anonymous_1)","decl":{"start":{"line":12,"column":4},"end":{"line":12,"column":5}},"loc":{"start":{"line":12,"column":29},"end":{"line":16,"column":5}},"line":12}},"branchMap":{},"s":{"0":1,"1":1,"2":1,"3":1,"4":1,"5":1},"f":{"0":1,"1":1},"b":{},"_coverageSchema":"1a1c01bbd47fc00a2c39e90264f33305004495a9","hash":"7c0a8dc34757adb715c419919a981e29a0fdd5c0"}
,"C:\\Users\\Majapahit\\Desktop\\Overgeek\\models\\subscription.js": {"path":"C:\\Users\\Majapahit\\Desktop\\Overgeek\\models\\subscription.js","statementMap":{"0":{"start":{"line":4,"column":4},"end":{"line":4,"column":24}},"1":{"start":{"line":5,"column":0},"end":{"line":26,"column":2}},"2":{"start":{"line":16,"column":2},"end":{"line":24,"column":5}},"3":{"start":{"line":25,"column":2},"end":{"line":25,"column":22}}},"fnMap":{"0":{"name":"(anonymous_0)","decl":{"start":{"line":5,"column":17},"end":{"line":5,"column":18}},"loc":{"start":{"line":5,"column":43},"end":{"line":26,"column":1}},"line":5},"1":{"name":"(anonymous_1)","decl":{"start":{"line":12,"column":4},"end":{"line":12,"column":5}},"loc":{"start":{"line":12,"column":29},"end":{"line":14,"column":5}},"line":12}},"branchMap":{},"s":{"0":1,"1":1,"2":1,"3":1},"f":{"0":1,"1":1},"b":{},"_coverageSchema":"1a1c01bbd47fc00a2c39e90264f33305004495a9","hash":"0fd7b601e1741af3a8214b728bde3a1ac2b59c84"}
,"C:\\Users\\Majapahit\\Desktop\\Overgeek\\models\\transaction.js": {"path":"C:\\Users\\Majapahit\\Desktop\\Overgeek\\models\\transaction.js","statementMap":{"0":{"start":{"line":4,"column":4},"end":{"line":4,"column":24}},"1":{"start":{"line":5,"column":0},"end":{"line":26,"column":2}},"2":{"start":{"line":14,"column":6},"end":{"line":14,"column":64}},"3":{"start":{"line":17,"column":2},"end":{"line":24,"column":5}},"4":{"start":{"line":25,"column":2},"end":{"line":25,"column":21}}},"fnMap":{"0":{"name":"(anonymous_0)","decl":{"start":{"line":5,"column":17},"end":{"line":5,"column":18}},"loc":{"start":{"line":5,"column":43},"end":{"line":26,"column":1}},"line":5},"1":{"name":"(anonymous_1)","decl":{"start":{"line":12,"column":4},"end":{"line":12,"column":5}},"loc":{"start":{"line":12,"column":29},"end":{"line":15,"column":5}},"line":12}},"branchMap":{},"s":{"0":1,"1":1,"2":1,"3":1,"4":1},"f":{"0":1,"1":1},"b":{},"_coverageSchema":"1a1c01bbd47fc00a2c39e90264f33305004495a9","hash":"33b60de95244255882e09c16fef85ff827b131fc"}
,"C:\\Users\\Majapahit\\Desktop\\Overgeek\\models\\user.js": {"path":"C:\\Users\\Majapahit\\Desktop\\Overgeek\\models\\user.js","statementMap":{"0":{"start":{"line":2,"column":25},"end":{"line":2,"column":53}},"1":{"start":{"line":5,"column":4},"end":{"line":5,"column":24}},"2":{"start":{"line":6,"column":0},"end":{"line":93,"column":2}},"3":{"start":{"line":15,"column":6},"end":{"line":15,"column":56}},"4":{"start":{"line":16,"column":6},"end":{"line":16,"column":62}},"5":{"start":{"line":17,"column":6},"end":{"line":17,"column":57}},"6":{"start":{"line":20,"column":2},"end":{"line":91,"column":5}},"7":{"start":{"line":88,"column":8},"end":{"line":88,"column":51}},"8":{"start":{"line":92,"column":2},"end":{"line":92,"column":14}}},"fnMap":{"0":{"name":"(anonymous_0)","decl":{"start":{"line":6,"column":17},"end":{"line":6,"column":18}},"loc":{"start":{"line":6,"column":43},"end":{"line":93,"column":1}},"line":6},"1":{"name":"(anonymous_1)","decl":{"start":{"line":13,"column":4},"end":{"line":13,"column":5}},"loc":{"start":{"line":13,"column":29},"end":{"line":18,"column":5}},"line":13},"2":{"name":"(anonymous_2)","decl":{"start":{"line":87,"column":20},"end":{"line":87,"column":21}},"loc":{"start":{"line":87,"column":35},"end":{"line":89,"column":7}},"line":87}},"branchMap":{},"s":{"0":1,"1":1,"2":1,"3":1,"4":1,"5":1,"6":1,"7":0,"8":1},"f":{"0":1,"1":1,"2":0},"b":{},"_coverageSchema":"1a1c01bbd47fc00a2c39e90264f33305004495a9","hash":"27e47c69b3a9b3c18591a6b8d9819cea5af3a778"}
,"C:\\Users\\Majapahit\\Desktop\\Overgeek\\models\\video.js": {"path":"C:\\Users\\Majapahit\\Desktop\\Overgeek\\models\\video.js","statementMap":{"0":{"start":{"line":4,"column":4},"end":{"line":4,"column":24}},"1":{"start":{"line":5,"column":0},"end":{"line":28,"column":2}},"2":{"start":{"line":14,"column":6},"end":{"line":14,"column":66}},"3":{"start":{"line":17,"column":2},"end":{"line":26,"column":5}},"4":{"start":{"line":27,"column":2},"end":{"line":27,"column":15}}},"fnMap":{"0":{"name":"(anonymous_0)","decl":{"start":{"line":5,"column":17},"end":{"line":5,"column":18}},"loc":{"start":{"line":5,"column":43},"end":{"line":28,"column":1}},"line":5},"1":{"name":"(anonymous_1)","decl":{"start":{"line":12,"column":4},"end":{"line":12,"column":5}},"loc":{"start":{"line":12,"column":29},"end":{"line":15,"column":5}},"line":12}},"branchMap":{},"s":{"0":1,"1":1,"2":1,"3":1,"4":1},"f":{"0":1,"1":1},"b":{},"_coverageSchema":"1a1c01bbd47fc00a2c39e90264f33305004495a9","hash":"b229b67718c42e276492802253c2465767e4f00d"}
,"C:\\Users\\Majapahit\\Desktop\\Overgeek\\routes\\cloudStorageRouter.js": {"path":"C:\\Users\\Majapahit\\Desktop\\Overgeek\\routes\\cloudStorageRouter.js","statementMap":{"0":{"start":{"line":1,"column":15},"end":{"line":1,"column":42}},"1":{"start":{"line":2,"column":58},"end":{"line":2,"column":90}},"2":{"start":{"line":3,"column":11},"end":{"line":3,"column":24}},"3":{"start":{"line":5,"column":0},"end":{"line":10,"column":2}},"4":{"start":{"line":6,"column":14},"end":{"line":6,"column":28}},"5":{"start":{"line":7,"column":20},"end":{"line":7,"column":38}},"6":{"start":{"line":9,"column":2},"end":{"line":9,"column":21}},"7":{"start":{"line":12,"column":0},"end":{"line":23,"column":2}},"8":{"start":{"line":13,"column":15},"end":{"line":13,"column":23}},"9":{"start":{"line":16,"column":17},"end":{"line":16,"column":39}},"10":{"start":{"line":17,"column":2},"end":{"line":17,"column":29}},"11":{"start":{"line":18,"column":2},"end":{"line":18,"column":30}},"12":{"start":{"line":19,"column":2},"end":{"line":19,"column":22}},"13":{"start":{"line":20,"column":2},"end":{"line":20,"column":43}},"14":{"start":{"line":22,"column":2},"end":{"line":22,"column":33}},"15":{"start":{"line":25,"column":0},"end":{"line":36,"column":2}},"16":{"start":{"line":26,"column":15},"end":{"line":26,"column":23}},"17":{"start":{"line":29,"column":17},"end":{"line":29,"column":39}},"18":{"start":{"line":30,"column":2},"end":{"line":30,"column":29}},"19":{"start":{"line":31,"column":2},"end":{"line":31,"column":30}},"20":{"start":{"line":32,"column":2},"end":{"line":32,"column":22}},"21":{"start":{"line":33,"column":2},"end":{"line":33,"column":43}},"22":{"start":{"line":35,"column":2},"end":{"line":35,"column":33}},"23":{"start":{"line":38,"column":0},"end":{"line":38,"column":24}}},"fnMap":{"0":{"name":"(anonymous_0)","decl":{"start":{"line":5,"column":25},"end":{"line":5,"column":26}},"loc":{"start":{"line":5,"column":39},"end":{"line":10,"column":1}},"line":5},"1":{"name":"(anonymous_1)","decl":{"start":{"line":12,"column":53},"end":{"line":12,"column":54}},"loc":{"start":{"line":12,"column":73},"end":{"line":23,"column":1}},"line":12},"2":{"name":"(anonymous_2)","decl":{"start":{"line":25,"column":53},"end":{"line":25,"column":54}},"loc":{"start":{"line":25,"column":73},"end":{"line":36,"column":1}},"line":25}},"branchMap":{},"s":{"0":1,"1":1,"2":1,"3":1,"4":0,"5":0,"6":0,"7":1,"8":0,"9":0,"10":0,"11":0,"12":0,"13":0,"14":0,"15":1,"16":0,"17":0,"18":0,"19":0,"20":0,"21":0,"22":0,"23":1},"f":{"0":0,"1":0,"2":0},"b":{},"_coverageSchema":"1a1c01bbd47fc00a2c39e90264f33305004495a9","hash":"f8889b090aea240a3da9c63f14c22a8f8bb694ad"}
,"C:\\Users\\Majapahit\\Desktop\\Overgeek\\routes\\index.js": {"path":"C:\\Users\\Majapahit\\Desktop\\Overgeek\\routes\\index.js","statementMap":{"0":{"start":{"line":1,"column":16},"end":{"line":1,"column":34}},"1":{"start":{"line":2,"column":15},"end":{"line":2,"column":31}},"2":{"start":{"line":3,"column":19},"end":{"line":3,"column":42}},"3":{"start":{"line":4,"column":23},"end":{"line":4,"column":50}},"4":{"start":{"line":5,"column":20},"end":{"line":5,"column":44}},"5":{"start":{"line":6,"column":21},"end":{"line":6,"column":46}},"6":{"start":{"line":7,"column":22},"end":{"line":7,"column":49}},"7":{"start":{"line":8,"column":27},"end":{"line":8,"column":58}},"8":{"start":{"line":9,"column":27},"end":{"line":9,"column":58}},"9":{"start":{"line":11,"column":0},"end":{"line":11,"column":38}},"10":{"start":{"line":12,"column":0},"end":{"line":12,"column":40}},"11":{"start":{"line":13,"column":0},"end":{"line":13,"column":35}},"12":{"start":{"line":14,"column":0},"end":{"line":14,"column":35}},"13":{"start":{"line":15,"column":0},"end":{"line":15,"column":36}},"14":{"start":{"line":16,"column":0},"end":{"line":16,"column":48}},"15":{"start":{"line":17,"column":0},"end":{"line":17,"column":27}},"16":{"start":{"line":19,"column":0},"end":{"line":19,"column":23}}},"fnMap":{},"branchMap":{},"s":{"0":1,"1":1,"2":1,"3":1,"4":1,"5":1,"6":1,"7":1,"8":1,"9":1,"10":1,"11":1,"12":1,"13":1,"14":1,"15":1,"16":1},"f":{},"b":{},"_coverageSchema":"1a1c01bbd47fc00a2c39e90264f33305004495a9","hash":"80e500657716835a60e74c5b8b55bcb40556e81a"}
,"C:\\Users\\Majapahit\\Desktop\\Overgeek\\routes\\lecturerRouter.js": {"path":"C:\\Users\\Majapahit\\Desktop\\Overgeek\\routes\\lecturerRouter.js","statementMap":{"0":{"start":{"line":1,"column":16},"end":{"line":1,"column":34}},"1":{"start":{"line":2,"column":15},"end":{"line":2,"column":31}},"2":{"start":{"line":3,"column":27},"end":{"line":3,"column":71}},"3":{"start":{"line":4,"column":21},"end":{"line":4,"column":59}},"4":{"start":{"line":5,"column":18},"end":{"line":5,"column":53}},"5":{"start":{"line":7,"column":0},"end":{"line":7,"column":58}},"6":{"start":{"line":8,"column":0},"end":{"line":8,"column":51}},"7":{"start":{"line":9,"column":0},"end":{"line":9,"column":55}},"8":{"start":{"line":11,"column":0},"end":{"line":11,"column":73}},"9":{"start":{"line":12,"column":0},"end":{"line":12,"column":76}},"10":{"start":{"line":13,"column":0},"end":{"line":13,"column":81}},"11":{"start":{"line":16,"column":0},"end":{"line":16,"column":23}}},"fnMap":{},"branchMap":{},"s":{"0":1,"1":1,"2":1,"3":1,"4":1,"5":1,"6":1,"7":1,"8":1,"9":1,"10":1,"11":1},"f":{},"b":{},"_coverageSchema":"1a1c01bbd47fc00a2c39e90264f33305004495a9","hash":"e93fed049597792fdb5b1e23b8f48ded218a2b4b"}
,"C:\\Users\\Majapahit\\Desktop\\Overgeek\\routes\\paymentsRouter.js": {"path":"C:\\Users\\Majapahit\\Desktop\\Overgeek\\routes\\paymentsRouter.js","statementMap":{"0":{"start":{"line":1,"column":16},"end":{"line":1,"column":34}},"1":{"start":{"line":2,"column":15},"end":{"line":2,"column":31}},"2":{"start":{"line":3,"column":21},"end":{"line":3,"column":59}},"3":{"start":{"line":4,"column":27},"end":{"line":4,"column":70}},"4":{"start":{"line":6,"column":0},"end":{"line":6,"column":63}},"5":{"start":{"line":7,"column":0},"end":{"line":7,"column":66}},"6":{"start":{"line":9,"column":0},"end":{"line":9,"column":65}},"7":{"start":{"line":10,"column":0},"end":{"line":10,"column":44}},"8":{"start":{"line":14,"column":0},"end":{"line":14,"column":23}}},"fnMap":{},"branchMap":{},"s":{"0":1,"1":1,"2":1,"3":1,"4":1,"5":1,"6":1,"7":1,"8":1},"f":{},"b":{},"_coverageSchema":"1a1c01bbd47fc00a2c39e90264f33305004495a9","hash":"0a7cb9b281b85a2da8e17bc21bede27be791e3ef"}
,"C:\\Users\\Majapahit\\Desktop\\Overgeek\\routes\\ratingRouter.js": {"path":"C:\\Users\\Majapahit\\Desktop\\Overgeek\\routes\\ratingRouter.js","statementMap":{"0":{"start":{"line":1,"column":16},"end":{"line":1,"column":34}},"1":{"start":{"line":2,"column":15},"end":{"line":2,"column":31}},"2":{"start":{"line":3,"column":25},"end":{"line":3,"column":67}},"3":{"start":{"line":4,"column":21},"end":{"line":4,"column":59}},"4":{"start":{"line":6,"column":0},"end":{"line":6,"column":61}},"5":{"start":{"line":8,"column":0},"end":{"line":8,"column":23}}},"fnMap":{},"branchMap":{},"s":{"0":1,"1":1,"2":1,"3":1,"4":1,"5":1},"f":{},"b":{},"_coverageSchema":"1a1c01bbd47fc00a2c39e90264f33305004495a9","hash":"7d6f6c52832ad7cc05a42d7f5e742e7bc3a1cff2"}
,"C:\\Users\\Majapahit\\Desktop\\Overgeek\\routes\\subscriptionRouter.js": {"path":"C:\\Users\\Majapahit\\Desktop\\Overgeek\\routes\\subscriptionRouter.js","statementMap":{"0":{"start":{"line":1,"column":16},"end":{"line":1,"column":34}},"1":{"start":{"line":2,"column":15},"end":{"line":2,"column":31}},"2":{"start":{"line":3,"column":30},"end":{"line":3,"column":78}},"3":{"start":{"line":4,"column":21},"end":{"line":4,"column":59}},"4":{"start":{"line":5,"column":18},"end":{"line":5,"column":53}},"5":{"start":{"line":7,"column":0},"end":{"line":7,"column":59}},"6":{"start":{"line":8,"column":0},"end":{"line":8,"column":83}},"7":{"start":{"line":9,"column":0},"end":{"line":9,"column":88}},"8":{"start":{"line":10,"column":0},"end":{"line":10,"column":80}},"9":{"start":{"line":12,"column":0},"end":{"line":12,"column":23}}},"fnMap":{},"branchMap":{},"s":{"0":1,"1":1,"2":1,"3":1,"4":1,"5":1,"6":1,"7":1,"8":1,"9":1},"f":{},"b":{},"_coverageSchema":"1a1c01bbd47fc00a2c39e90264f33305004495a9","hash":"54a0b0bf0b26ffb5aef859db1792f36b5db1ccf9"}
,"C:\\Users\\Majapahit\\Desktop\\Overgeek\\routes\\userRouter.js": {"path":"C:\\Users\\Majapahit\\Desktop\\Overgeek\\routes\\userRouter.js","statementMap":{"0":{"start":{"line":1,"column":16},"end":{"line":1,"column":34}},"1":{"start":{"line":2,"column":15},"end":{"line":2,"column":31}},"2":{"start":{"line":3,"column":23},"end":{"line":3,"column":63}},"3":{"start":{"line":4,"column":21},"end":{"line":4,"column":59}},"4":{"start":{"line":5,"column":18},"end":{"line":5,"column":53}},"5":{"start":{"line":7,"column":0},"end":{"line":7,"column":49}},"6":{"start":{"line":8,"column":0},"end":{"line":8,"column":43}},"7":{"start":{"line":10,"column":0},"end":{"line":10,"column":59}},"8":{"start":{"line":12,"column":0},"end":{"line":12,"column":70}},"9":{"start":{"line":14,"column":0},"end":{"line":14,"column":23}}},"fnMap":{},"branchMap":{},"s":{"0":1,"1":1,"2":1,"3":1,"4":1,"5":1,"6":1,"7":1,"8":1,"9":1},"f":{},"b":{},"_coverageSchema":"1a1c01bbd47fc00a2c39e90264f33305004495a9","hash":"1617d8b6ab3768548e45ac36ce46e482442d12dd"}
,"C:\\Users\\Majapahit\\Desktop\\Overgeek\\routes\\videoRouter.js": {"path":"C:\\Users\\Majapahit\\Desktop\\Overgeek\\routes\\videoRouter.js","statementMap":{"0":{"start":{"line":1,"column":16},"end":{"line":1,"column":34}},"1":{"start":{"line":2,"column":15},"end":{"line":2,"column":31}},"2":{"start":{"line":3,"column":24},"end":{"line":3,"column":65}},"3":{"start":{"line":4,"column":21},"end":{"line":4,"column":59}},"4":{"start":{"line":5,"column":18},"end":{"line":5,"column":53}},"5":{"start":{"line":7,"column":0},"end":{"line":7,"column":46}},"6":{"start":{"line":8,"column":0},"end":{"line":8,"column":48}},"7":{"start":{"line":9,"column":0},"end":{"line":9,"column":70}},"8":{"start":{"line":10,"column":0},"end":{"line":10,"column":70}},"9":{"start":{"line":11,"column":0},"end":{"line":11,"column":75}},"10":{"start":{"line":13,"column":0},"end":{"line":13,"column":23}}},"fnMap":{},"branchMap":{},"s":{"0":1,"1":1,"2":1,"3":1,"4":1,"5":1,"6":1,"7":1,"8":1,"9":1,"10":1},"f":{},"b":{},"_coverageSchema":"1a1c01bbd47fc00a2c39e90264f33305004495a9","hash":"bd299b109ff1c9db2a6e3e98add211ae070326f9"}
}
