TN:
SF:app.js
FNF:0
FNH:0
DA:1,9
DA:2,9
DA:4,9
DA:5,9
DA:6,9
DA:7,9
DA:8,9
DA:10,9
DA:12,9
DA:13,9
DA:15,9
DA:17,9
DA:19,9
LF:13
LH:13
BRDA:1,0,0,9
BRDA:1,0,1,0
BRF:2
BRH:1
end_of_record
TN:
SF:cloudStorage/index.js
FNF:0
FNH:0
DA:1,9
DA:2,9
DA:3,9
DA:4,9
DA:5,9
DA:7,9
DA:9,9
LF:7
LH:7
BRF:0
BRH:0
end_of_record
TN:
SF:cloudStorage/s3.js
FN:17,uploadFile
FN:31,getFileStream
FNF:2
FNH:1
FNDA:1,uploadFile
FNDA:0,getFileStream
DA:1,9
DA:2,9
DA:3,9
DA:5,9
DA:6,9
DA:7,9
DA:8,9
DA:10,9
DA:18,1
DA:20,1
DA:26,1
DA:28,9
DA:32,0
DA:37,0
DA:39,9
LF:15
LH:13
BRF:0
BRH:0
end_of_record
TN:
SF:config/config.js
FNF:0
FNH:0
DA:1,9
DA:3,9
DA:5,9
DA:7,9
DA:8,9
DA:9,9
DA:10,9
DA:11,9
DA:13,9
LF:9
LH:9
BRDA:3,0,0,9
BRDA:3,0,1,0
BRDA:3,1,0,9
BRDA:3,1,1,9
BRF:4
BRH:3
end_of_record
TN:
SF:controllers/lecturerController.js
FN:6,(anonymous_0)
FN:91,(anonymous_1)
FN:188,(anonymous_2)
FN:207,(anonymous_3)
FN:242,(anonymous_4)
FN:276,(anonymous_5)
FNF:6
FNH:6
FNDA:4,(anonymous_0)
FNDA:7,(anonymous_1)
FNDA:3,(anonymous_2)
FNDA:3,(anonymous_3)
FNDA:2,(anonymous_4)
FNDA:2,(anonymous_5)
DA:1,9
DA:2,9
DA:3,9
DA:6,9
DA:7,4
DA:8,4
DA:9,4
DA:10,4
DA:11,3
DA:13,1
DA:14,1
DA:15,0
DA:16,0
DA:22,1
DA:42,1
DA:43,1
DA:44,3
DA:45,3
DA:47,3
DA:48,5
DA:50,3
DA:51,2
DA:53,1
DA:55,3
DA:56,2
DA:57,1
DA:58,1
DA:59,0
DA:61,1
DA:70,3
DA:83,1
DA:84,1
DA:87,0
DA:91,9
DA:92,7
DA:93,7
DA:94,7
DA:95,7
DA:97,7
DA:98,0
DA:100,7
DA:101,7
DA:102,0
DA:103,0
DA:109,7
DA:133,7
DA:134,3
DA:141,4
DA:142,4
DA:143,4
DA:144,4
DA:145,22
DA:148,4
DA:149,0
DA:151,4
DA:153,4
DA:154,8
DA:155,4
DA:156,4
DA:157,0
DA:159,4
DA:168,4
DA:180,4
DA:181,4
DA:184,3
DA:188,9
DA:189,3
DA:190,3
DA:191,3
DA:193,3
DA:194,3
DA:196,3
DA:197,3
DA:199,3
DA:201,2
DA:203,1
DA:207,9
DA:208,3
DA:209,3
DA:210,3
DA:212,3
DA:213,3
DA:215,3
DA:216,3
DA:217,1
DA:224,2
DA:225,2
DA:227,2
DA:234,1
DA:235,1
DA:238,2
DA:242,9
DA:243,2
DA:244,2
DA:245,2
DA:247,2
DA:248,2
DA:249,1
DA:256,1
DA:262,1
DA:263,1
DA:272,1
DA:276,9
DA:277,2
DA:279,2
DA:280,2
DA:281,2
DA:282,2
DA:284,2
DA:285,1
DA:287,1
DA:288,1
DA:289,0
DA:290,0
DA:296,1
DA:310,1
DA:311,1
DA:312,1
DA:313,1
DA:314,0
DA:316,1
DA:317,1
DA:319,0
DA:321,1
DA:322,0
DA:323,0
DA:324,0
DA:325,0
DA:327,0
DA:336,1
DA:349,1
DA:350,1
DA:351,1
DA:354,0
DA:359,9
LF:135
LH:116
BRDA:10,0,0,3
BRDA:10,0,1,1
BRDA:10,1,0,4
BRDA:10,1,1,3
BRDA:14,2,0,0
BRDA:14,2,1,1
BRDA:50,3,0,2
BRDA:50,3,1,1
BRDA:56,4,0,1
BRDA:56,4,1,1
BRDA:58,5,0,0
BRDA:58,5,1,1
BRDA:58,6,0,1
BRDA:58,6,1,1
BRDA:97,7,0,0
BRDA:97,7,1,7
BRDA:97,8,0,7
BRDA:97,8,1,6
BRDA:97,8,2,6
BRDA:101,9,0,0
BRDA:101,9,1,7
BRDA:133,10,0,3
BRDA:133,10,1,4
BRDA:148,11,0,0
BRDA:148,11,1,4
BRDA:154,12,0,4
BRDA:154,12,1,4
BRDA:156,13,0,0
BRDA:156,13,1,4
BRDA:156,14,0,4
BRDA:156,14,1,4
BRDA:216,15,0,1
BRDA:216,15,1,2
BRDA:234,16,0,1
BRDA:234,16,1,0
BRDA:248,17,0,1
BRDA:248,17,1,1
BRDA:262,18,0,1
BRDA:262,18,1,0
BRDA:284,19,0,1
BRDA:284,19,1,1
BRDA:284,20,0,2
BRDA:284,20,1,1
BRDA:284,20,2,1
BRDA:288,21,0,0
BRDA:288,21,1,1
BRDA:316,22,0,1
BRDA:316,22,1,0
BRDA:322,23,0,0
BRDA:322,23,1,0
BRDA:324,24,0,0
BRDA:324,24,1,0
BRDA:324,25,0,0
BRDA:324,25,1,0
BRF:54
BRH:38
end_of_record
TN:
SF:controllers/paymentController.js
FN:9,(anonymous_0)
FN:36,(anonymous_1)
FN:39,(anonymous_2)
FN:44,(anonymous_3)
FN:100,(anonymous_4)
FN:191,(anonymous_5)
FNF:6
FNH:5
FNDA:2,(anonymous_0)
FNDA:1,(anonymous_1)
FNDA:0,(anonymous_2)
FNDA:2,(anonymous_3)
FNDA:2,(anonymous_4)
FNDA:2,(anonymous_5)
DA:1,9
DA:2,9
DA:3,9
DA:4,9
DA:5,9
DA:6,9
DA:10,2
DA:12,1
DA:37,1
DA:40,0
DA:44,9
DA:45,2
DA:47,2
DA:48,2
DA:49,4
DA:50,1
DA:53,1
DA:58,1
DA:66,1
DA:68,1
DA:69,1
DA:100,9
DA:101,2
DA:102,2
DA:103,2
DA:106,1
DA:112,1
DA:113,1
DA:114,3
DA:115,1
DA:118,1
DA:119,1
DA:125,1
DA:127,1
DA:133,1
DA:139,1
DA:144,1
DA:147,1
DA:148,1
DA:191,9
DA:192,2
DA:193,2
DA:195,2
DA:205,1
DA:211,1
DA:218,1
DA:219,1
DA:220,3
DA:221,1
DA:224,1
DA:230,1
DA:232,1
DA:238,1
DA:245,1
DA:247,1
DA:248,1
DA:254,9
LF:57
LH:56
BRDA:49,0,0,1
BRDA:49,0,1,2
BRDA:114,1,0,1
BRDA:114,1,1,2
BRDA:220,2,0,1
BRDA:220,2,1,2
BRF:6
BRH:6
end_of_record
TN:
SF:controllers/ratingController.js
FN:4,(anonymous_0)
FNF:1
FNH:1
FNDA:2,(anonymous_0)
DA:1,9
DA:4,9
DA:5,2
DA:6,2
DA:11,2
DA:12,2
DA:13,16
DA:14,0
DA:17,2
DA:18,0
DA:23,0
DA:25,0
DA:27,2
DA:34,2
DA:39,9
LF:15
LH:11
BRDA:13,0,0,0
BRDA:13,0,1,16
BRDA:17,1,0,0
BRDA:17,1,1,2
BRF:4
BRH:2
end_of_record
TN:
SF:controllers/subscriptionController.js
FN:5,(anonymous_0)
FN:21,(anonymous_1)
FN:36,(anonymous_2)
FN:72,(anonymous_3)
FNF:4
FNH:4
FNDA:2,(anonymous_0)
FNDA:2,(anonymous_1)
FNDA:2,(anonymous_2)
FNDA:2,(anonymous_3)
DA:1,9
DA:2,9
DA:5,9
DA:6,2
DA:7,2
DA:9,2
DA:10,2
DA:12,2
DA:14,1
DA:15,1
DA:17,1
DA:21,9
DA:22,2
DA:23,2
DA:24,2
DA:25,1
DA:27,1
DA:28,1
DA:29,1
DA:32,0
DA:36,9
DA:37,2
DA:38,2
DA:40,2
DA:41,2
DA:42,1
DA:49,1
DA:50,1
DA:52,1
DA:58,1
DA:59,1
DA:68,1
DA:72,9
DA:73,2
DA:74,2
DA:76,2
DA:77,2
DA:78,1
DA:85,1
DA:91,1
DA:92,1
DA:101,1
DA:106,9
LF:43
LH:42
BRDA:24,0,0,1
BRDA:24,0,1,1
BRDA:41,1,0,1
BRDA:41,1,1,1
BRDA:58,2,0,1
BRDA:58,2,1,0
BRDA:77,3,0,1
BRDA:77,3,1,1
BRDA:91,4,0,1
BRDA:91,4,1,0
BRF:10
BRH:8
end_of_record
TN:
SF:controllers/userController.js
FN:8,(anonymous_0)
FN:49,(anonymous_1)
FN:116,(anonymous_2)
FN:164,(anonymous_3)
FN:194,(anonymous_4)
FNF:5
FNH:4
FNDA:6,(anonymous_0)
FNDA:5,(anonymous_1)
FNDA:5,(anonymous_2)
FNDA:2,(anonymous_3)
FNDA:0,(anonymous_4)
DA:1,9
DA:2,9
DA:3,9
DA:4,9
DA:5,9
DA:8,9
DA:9,6
DA:10,6
DA:12,6
DA:35,6
DA:37,1
DA:45,5
DA:49,9
DA:50,5
DA:51,5
DA:52,5
DA:53,5
DA:54,5
DA:55,5
DA:56,5
DA:62,5
DA:63,4
DA:70,5
DA:71,4
DA:78,1
DA:79,1
DA:92,1
DA:93,1
DA:94,0
DA:101,1
DA:109,1
DA:110,1
DA:112,4
DA:116,9
DA:118,5
DA:119,5
DA:121,5
DA:127,5
DA:128,5
DA:130,15
DA:131,1
DA:135,5
DA:144,1
DA:146,1
DA:152,1
DA:158,1
DA:160,4
DA:164,9
DA:165,2
DA:166,2
DA:167,2
DA:168,2
DA:169,0
DA:171,2
DA:177,2
DA:186,2
DA:187,2
DA:190,0
DA:194,9
DA:195,0
DA:197,0
DA:202,9
LF:62
LH:57
BRDA:62,0,0,4
BRDA:62,0,1,1
BRDA:70,1,0,4
BRDA:70,1,1,1
BRDA:78,2,0,1
BRDA:78,2,1,0
BRDA:93,3,0,0
BRDA:93,3,1,1
BRDA:130,4,0,1
BRDA:130,4,1,14
BRDA:168,5,0,0
BRDA:168,5,1,2
BRDA:168,6,0,2
BRDA:168,6,1,1
BRF:14
BRH:11
end_of_record
TN:
SF:controllers/videoController.js
FN:6,(anonymous_0)
FN:16,(anonymous_1)
FN:29,(anonymous_2)
FN:47,(anonymous_3)
FN:73,(anonymous_4)
FNF:5
FNH:5
FNDA:1,(anonymous_0)
FNDA:2,(anonymous_1)
FNDA:2,(anonymous_2)
FNDA:2,(anonymous_3)
FNDA:2,(anonymous_4)
DA:1,9
DA:2,9
DA:3,9
DA:6,9
DA:7,1
DA:8,1
DA:9,1
DA:12,0
DA:16,9
DA:17,2
DA:18,2
DA:23,1
DA:25,1
DA:29,9
DA:30,2
DA:31,2
DA:32,2
DA:40,1
DA:43,1
DA:47,9
DA:48,2
DA:49,2
DA:51,2
DA:52,1
DA:59,1
DA:65,1
DA:66,1
DA:69,1
DA:73,9
DA:74,2
DA:75,2
DA:77,2
DA:78,1
DA:85,1
DA:86,1
DA:88,1
DA:94,1
DA:96,1
DA:101,9
LF:39
LH:38
BRDA:51,0,0,1
BRDA:51,0,1,1
BRDA:65,1,0,1
BRDA:65,1,1,0
BRDA:77,2,0,1
BRDA:77,2,1,1
BRF:6
BRH:5
end_of_record
TN:
SF:helpers/bcrypt.js
FN:3,hashPassword
FN:8,comparePassword
FNF:2
FNH:2
FNDA:16,hashPassword
FNDA:7,comparePassword
DA:1,9
DA:4,16
DA:5,16
DA:9,7
DA:12,9
LF:5
LH:5
BRF:0
BRH:0
end_of_record
TN:
SF:helpers/countDate.js
FN:1,countDate
FNF:1
FNH:1
FNDA:3,countDate
DA:2,3
DA:3,3
DA:4,3
DA:5,3
DA:6,3
DA:7,2
DA:8,1
DA:9,0
DA:10,1
DA:11,1
DA:13,3
DA:16,9
LF:12
LH:11
BRDA:6,0,0,2
BRDA:6,0,1,1
BRDA:8,1,0,0
BRDA:8,1,1,1
BRDA:10,2,0,1
BRDA:10,2,1,0
BRF:6
BRH:4
end_of_record
TN:
SF:helpers/dateFormat.js
FN:1,dateFormat
FNF:1
FNH:1
FNDA:3,dateFormat
DA:3,3
DA:4,3
DA:5,3
DA:6,3
DA:7,3
DA:10,9
LF:6
LH:6
BRF:0
BRH:0
end_of_record
TN:
SF:helpers/deleteUser.js
FN:3,(anonymous_0)
FNF:1
FNH:1
FNDA:1,(anonymous_0)
DA:1,1
DA:3,1
DA:4,1
DA:7,1
LF:4
LH:4
BRF:0
BRH:0
end_of_record
TN:
SF:helpers/jwt.js
FN:3,generateToken
FNF:1
FNH:1
FNDA:7,generateToken
DA:1,9
DA:4,7
DA:7,9
LF:3
LH:3
BRF:0
BRH:0
end_of_record
TN:
SF:helpers/randomId.js
FN:1,randomId
FNF:1
FNH:1
FNDA:1,randomId
DA:2,1
DA:5,9
LF:2
LH:2
BRDA:2,0,0,1
BRDA:2,0,1,0
BRF:2
BRH:1
end_of_record
TN:
SF:middlewares/authenticate.js
FN:4,(anonymous_0)
FNF:1
FNH:1
FNDA:42,(anonymous_0)
DA:1,9
DA:2,9
DA:4,9
DA:5,42
DA:6,42
DA:7,42
DA:10,35
DA:16,35
DA:17,0
DA:24,35
DA:25,35
DA:27,7
DA:31,9
LF:13
LH:12
BRDA:16,0,0,0
BRDA:16,0,1,35
BRF:2
BRH:1
end_of_record
TN:
SF:middlewares/authorize.js
FN:3,(anonymous_0)
FNF:1
FNH:1
FNDA:25,(anonymous_0)
DA:1,9
DA:3,9
DA:4,25
DA:5,25
DA:11,25
DA:12,0
DA:19,25
DA:20,0
DA:26,25
DA:28,0
DA:29,0
DA:33,9
LF:12
LH:8
BRDA:11,0,0,0
BRDA:11,0,1,25
BRDA:19,1,0,0
BRDA:19,1,1,25
BRF:4
BRH:2
end_of_record
TN:
SF:middlewares/errorHandler.js
FN:1,(anonymous_0)
FN:8,(anonymous_1)
FN:14,(anonymous_2)
FNF:3
FNH:3
FNDA:40,(anonymous_0)
FNDA:1,(anonymous_1)
FNDA:8,(anonymous_2)
DA:1,9
DA:2,40
DA:3,15
DA:7,25
DA:8,1
DA:9,1
DA:13,24
DA:14,8
DA:15,6
DA:19,18
DA:20,7
DA:22,11
DA:23,11
DA:25,25
DA:28,9
LF:15
LH:15
BRDA:2,0,0,15
BRDA:2,0,1,25
BRDA:7,1,0,1
BRDA:7,1,1,24
BRDA:13,2,0,6
BRDA:13,2,1,18
BRDA:19,3,0,7
BRDA:19,3,1,11
BRF:8
BRH:8
end_of_record
TN:
SF:models/index.js
FN:20,(anonymous_0)
FN:23,(anonymous_1)
FN:28,(anonymous_2)
FNF:3
FNH:3
FNDA:72,(anonymous_0)
FNDA:63,(anonymous_1)
FNDA:63,(anonymous_2)
DA:3,9
DA:4,9
DA:5,9
DA:6,9
DA:7,9
DA:8,9
DA:9,9
DA:12,9
DA:13,0
DA:15,9
DA:18,9
DA:21,72
DA:24,63
DA:25,63
DA:28,9
DA:29,63
DA:30,63
DA:34,9
DA:35,9
DA:37,9
LF:20
LH:19
BRDA:7,0,0,9
BRDA:7,0,1,0
BRDA:12,1,0,0
BRDA:12,1,1,9
BRDA:21,2,0,72
BRDA:21,2,1,72
BRDA:21,2,2,63
BRDA:29,3,0,63
BRDA:29,3,1,0
BRF:9
BRH:6
end_of_record
TN:
SF:models/lecturer.js
FN:5,(anonymous_0)
FN:12,(anonymous_1)
FNF:2
FNH:2
FNDA:9,(anonymous_0)
FNDA:9,(anonymous_1)
DA:4,9
DA:5,9
DA:14,9
DA:15,9
DA:18,9
DA:30,9
LF:6
LH:6
BRF:0
BRH:0
end_of_record
TN:
SF:models/payment.js
FN:5,(anonymous_0)
FN:12,(anonymous_1)
FNF:2
FNH:2
FNDA:9,(anonymous_0)
FNDA:9,(anonymous_1)
DA:4,9
DA:5,9
DA:14,9
DA:17,9
DA:29,9
LF:5
LH:5
BRF:0
BRH:0
end_of_record
TN:
SF:models/rating.js
FN:5,(anonymous_0)
FN:12,(anonymous_1)
FNF:2
FNH:2
FNDA:9,(anonymous_0)
FNDA:9,(anonymous_1)
DA:4,9
DA:5,9
DA:14,9
DA:15,9
DA:18,9
DA:26,9
LF:6
LH:6
BRF:0
BRH:0
end_of_record
TN:
SF:models/subscription.js
FN:5,(anonymous_0)
FN:12,(anonymous_1)
FNF:2
FNH:2
FNDA:9,(anonymous_0)
FNDA:9,(anonymous_1)
DA:4,9
DA:5,9
DA:16,9
DA:25,9
LF:4
LH:4
BRF:0
BRH:0
end_of_record
TN:
SF:models/transaction.js
FN:5,(anonymous_0)
FN:12,(anonymous_1)
FNF:2
FNH:2
FNDA:9,(anonymous_0)
FNDA:9,(anonymous_1)
DA:4,9
DA:5,9
DA:14,9
DA:17,9
DA:25,9
LF:5
LH:5
BRF:0
BRH:0
end_of_record
TN:
SF:models/user.js
FN:6,(anonymous_0)
FN:13,(anonymous_1)
FN:87,(anonymous_2)
FNF:3
FNH:3
FNDA:9,(anonymous_0)
FNDA:9,(anonymous_1)
FNDA:2,(anonymous_2)
DA:2,9
DA:5,9
DA:6,9
DA:15,9
DA:16,9
DA:17,9
DA:20,9
DA:88,2
DA:92,9
LF:9
LH:9
BRF:0
BRH:0
end_of_record
TN:
SF:models/video.js
FN:5,(anonymous_0)
FN:12,(anonymous_1)
FNF:2
FNH:2
FNDA:9,(anonymous_0)
FNDA:9,(anonymous_1)
DA:4,9
DA:5,9
DA:14,9
DA:17,9
DA:27,9
LF:5
LH:5
BRF:0
BRH:0
end_of_record
TN:
SF:redis/index.js
FNF:0
FNH:0
DA:1,9
DA:2,9
DA:4,9
LF:3
LH:3
BRF:0
BRH:0
end_of_record
TN:
SF:routes/cloudStorageRouter.js
FN:10,(anonymous_0)
FN:17,(anonymous_1)
FN:30,(anonymous_2)
FNF:3
FNH:1
FNDA:0,(anonymous_0)
FNDA:0,(anonymous_1)
FNDA:1,(anonymous_2)
DA:1,9
DA:7,9
DA:8,9
DA:10,9
DA:11,0
DA:12,0
DA:14,0
DA:17,9
DA:18,0
DA:19,0
DA:21,0
DA:22,0
DA:23,0
DA:24,0
DA:25,0
DA:27,0
DA:30,9
DA:31,1
DA:34,1
DA:35,0
DA:38,0
DA:40,0
DA:43,9
LF:23
LH:9
BRF:0
BRH:0
end_of_record
TN:
SF:routes/index.js
FNF:0
FNH:0
DA:1,9
DA:2,9
DA:3,9
DA:4,9
DA:5,9
DA:6,9
DA:7,9
DA:8,9
DA:9,9
DA:11,9
DA:12,9
DA:13,9
DA:14,9
DA:15,9
DA:16,9
DA:17,9
DA:19,9
LF:17
LH:17
BRF:0
BRH:0
end_of_record
TN:
SF:routes/lecturerRouter.js
FNF:0
FNH:0
DA:1,9
DA:2,9
DA:3,9
DA:4,9
DA:5,9
DA:7,9
DA:8,9
DA:9,9
DA:11,9
DA:12,9
DA:13,9
DA:16,9
LF:12
LH:12
BRF:0
BRH:0
end_of_record
TN:
SF:routes/paymentsRouter.js
FNF:0
FNH:0
DA:1,9
DA:2,9
DA:3,9
DA:4,9
DA:6,9
DA:7,9
DA:10,9
DA:11,9
DA:14,9
LF:9
LH:9
BRF:0
BRH:0
end_of_record
TN:
SF:routes/ratingRouter.js
FNF:0
FNH:0
DA:1,9
DA:2,9
DA:3,9
DA:4,9
DA:6,9
DA:8,9
LF:6
LH:6
BRF:0
BRH:0
end_of_record
TN:
SF:routes/subscriptionRouter.js
FNF:0
FNH:0
DA:1,9
DA:2,9
DA:3,9
DA:4,9
DA:5,9
DA:7,9
DA:8,9
DA:9,9
DA:10,9
DA:12,9
LF:10
LH:10
BRF:0
BRH:0
end_of_record
TN:
SF:routes/userRouter.js
FNF:0
FNH:0
DA:1,9
DA:2,9
DA:3,9
DA:4,9
DA:5,9
DA:7,9
DA:8,9
DA:10,9
DA:12,9
DA:14,9
LF:10
LH:10
BRF:0
BRH:0
end_of_record
TN:
SF:routes/videoRouter.js
FNF:0
FNH:0
DA:1,9
DA:2,9
DA:3,9
DA:4,9
DA:5,9
DA:7,9
DA:8,9
DA:9,9
DA:10,9
DA:11,9
DA:13,9
LF:11
LH:11
BRF:0
BRH:0
end_of_record
