TN:
SF:app.js
FNF:0
FNH:0
DA:1,6
DA:2,6
DA:4,6
DA:5,6
DA:6,6
DA:7,6
DA:8,6
DA:10,6
DA:12,6
DA:13,6
DA:15,6
DA:17,6
DA:19,6
LF:13
LH:13
BRDA:1,0,0,6
BRDA:1,0,1,0
BRF:2
BRH:1
end_of_record
TN:
SF:cloudStorage\index.js
FNF:0
FNH:0
DA:1,6
DA:2,6
DA:3,6
DA:4,6
DA:5,6
DA:7,6
DA:9,6
LF:7
LH:7
BRF:0
BRH:0
end_of_record
TN:
SF:cloudStorage\s3.js
FN:17,uploadFile
FN:31,getFileStream
FNF:2
FNH:0
FNDA:0,uploadFile
FNDA:0,getFileStream
DA:1,6
DA:2,6
DA:3,6
DA:5,6
DA:6,6
DA:7,6
DA:8,6
DA:10,6
DA:18,0
DA:20,0
DA:26,0
DA:28,6
DA:32,0
DA:37,0
DA:39,6
LF:15
LH:10
BRF:0
BRH:0
end_of_record
TN:
SF:config\config.js
FNF:0
FNH:0
DA:1,6
DA:3,6
DA:5,6
DA:7,6
DA:8,6
DA:9,6
DA:10,6
DA:11,6
DA:13,6
LF:9
LH:9
BRDA:3,0,0,6
BRDA:3,0,1,0
BRDA:3,1,0,6
BRDA:3,1,1,6
BRF:4
BRH:3
end_of_record
TN:
SF:controllers\lecturerController.js
FN:5,(anonymous_0)
FN:51,(anonymous_1)
FN:102,(anonymous_2)
FN:118,(anonymous_3)
FN:150,(anonymous_4)
FN:181,(anonymous_5)
FNF:6
FNH:5
FNDA:2,(anonymous_0)
FNDA:2,(anonymous_1)
FNDA:3,(anonymous_2)
FNDA:3,(anonymous_3)
FNDA:2,(anonymous_4)
FNDA:0,(anonymous_5)
DA:1,6
DA:2,6
DA:5,6
DA:6,2
DA:7,2
DA:16,2
DA:18,2
DA:19,79
DA:21,79
DA:22,79
DA:23,2
DA:25,79
DA:26,78
DA:28,1
DA:31,79
DA:45,2
DA:47,0
DA:51,6
DA:52,2
DA:53,2
DA:65,2
DA:66,1
DA:72,1
DA:73,1
DA:74,1
DA:75,2
DA:78,1
DA:79,0
DA:81,1
DA:83,1
DA:96,1
DA:98,1
DA:102,6
DA:103,3
DA:104,3
DA:105,3
DA:107,3
DA:108,3
DA:110,3
DA:112,2
DA:114,1
DA:118,6
DA:119,3
DA:120,3
DA:121,3
DA:123,3
DA:124,3
DA:125,1
DA:132,2
DA:133,2
DA:135,2
DA:142,1
DA:143,1
DA:146,2
DA:150,6
DA:151,2
DA:152,2
DA:153,2
DA:154,1
DA:161,1
DA:167,1
DA:168,1
DA:177,1
DA:181,6
DA:182,0
DA:183,0
DA:194,0
DA:196,0
DA:197,0
DA:198,0
DA:199,0
DA:201,0
DA:202,0
DA:204,0
DA:206,0
DA:220,0
DA:222,0
DA:227,6
LF:78
LH:63
BRDA:25,0,0,78
BRDA:25,0,1,1
BRDA:65,1,0,1
BRDA:65,1,1,1
BRDA:78,2,0,0
BRDA:78,2,1,1
BRDA:124,3,0,1
BRDA:124,3,1,2
BRDA:142,4,0,1
BRDA:142,4,1,0
BRDA:153,5,0,1
BRDA:153,5,1,1
BRDA:167,6,0,1
BRDA:167,6,1,0
BRDA:201,7,0,0
BRDA:201,7,1,0
BRF:16
BRH:11
end_of_record
TN:
SF:controllers\paymentController.js
FN:9,(anonymous_0)
FN:36,(anonymous_1)
FN:39,(anonymous_2)
FN:44,(anonymous_3)
FN:73,(anonymous_4)
FN:80,(anonymous_5)
FN:93,(anonymous_6)
FN:96,(anonymous_7)
FN:100,(anonymous_8)
FN:154,(anonymous_9)
FN:160,(anonymous_10)
FN:181,(anonymous_11)
FN:186,(anonymous_12)
FNF:13
FNH:0
FNDA:0,(anonymous_0)
FNDA:0,(anonymous_1)
FNDA:0,(anonymous_2)
FNDA:0,(anonymous_3)
FNDA:0,(anonymous_4)
FNDA:0,(anonymous_5)
FNDA:0,(anonymous_6)
FNDA:0,(anonymous_7)
FNDA:0,(anonymous_8)
FNDA:0,(anonymous_9)
FNDA:0,(anonymous_10)
FNDA:0,(anonymous_11)
FNDA:0,(anonymous_12)
DA:1,6
DA:2,6
DA:3,6
DA:4,6
DA:5,6
DA:6,6
DA:10,0
DA:12,0
DA:37,0
DA:40,0
DA:44,6
DA:45,0
DA:47,0
DA:48,0
DA:49,0
DA:50,0
DA:53,0
DA:58,0
DA:66,0
DA:68,0
DA:69,0
DA:74,0
DA:75,0
DA:81,0
DA:94,0
DA:97,0
DA:100,6
DA:101,0
DA:102,0
DA:103,0
DA:106,0
DA:112,0
DA:113,0
DA:114,0
DA:115,0
DA:118,0
DA:119,0
DA:125,0
DA:127,0
DA:133,0
DA:139,0
DA:144,0
DA:147,0
DA:148,0
DA:155,0
DA:156,0
DA:157,0
DA:161,0
DA:162,0
DA:163,0
DA:164,0
DA:178,0
DA:182,0
DA:183,0
DA:187,0
DA:192,6
LF:56
LH:9
BRDA:49,0,0,0
BRDA:49,0,1,0
BRDA:75,1,0,0
BRDA:75,1,1,0
BRDA:114,2,0,0
BRDA:114,2,1,0
BRDA:161,3,0,0
BRDA:161,3,1,0
BRDA:183,4,0,0
BRDA:183,4,1,0
BRF:10
BRH:0
end_of_record
TN:
SF:controllers\ratingController.js
FN:4,(anonymous_0)
FNF:1
FNH:1
FNDA:2,(anonymous_0)
DA:1,6
DA:4,6
DA:5,2
DA:6,2
DA:11,2
DA:12,2
DA:13,1
DA:14,0
DA:17,2
DA:18,1
DA:23,1
DA:25,1
DA:27,1
DA:34,1
DA:39,6
LF:15
LH:14
BRDA:13,0,0,0
BRDA:13,0,1,1
BRDA:17,1,0,1
BRDA:17,1,1,1
BRF:4
BRH:3
end_of_record
TN:
SF:controllers\subscriptionController.js
FN:4,(anonymous_0)
FN:17,(anonymous_1)
FN:27,(anonymous_2)
FN:61,(anonymous_3)
FNF:4
FNH:0
FNDA:0,(anonymous_0)
FNDA:0,(anonymous_1)
FNDA:0,(anonymous_2)
FNDA:0,(anonymous_3)
DA:1,6
DA:4,6
DA:5,0
DA:6,0
DA:7,0
DA:9,0
DA:11,0
DA:13,0
DA:17,6
DA:18,0
DA:19,0
DA:21,0
DA:23,0
DA:27,6
DA:28,0
DA:29,0
DA:30,0
DA:31,0
DA:38,0
DA:39,0
DA:41,0
DA:47,0
DA:48,0
DA:50,0
DA:57,0
DA:61,6
DA:62,0
DA:63,0
DA:64,0
DA:65,0
DA:72,0
DA:78,0
DA:79,0
DA:81,0
DA:88,0
DA:93,6
LF:36
LH:6
BRDA:30,0,0,0
BRDA:30,0,1,0
BRDA:47,1,0,0
BRDA:47,1,1,0
BRDA:64,2,0,0
BRDA:64,2,1,0
BRDA:78,3,0,0
BRDA:78,3,1,0
BRF:8
BRH:0
end_of_record
TN:
SF:controllers\userController.js
FN:7,(anonymous_0)
FN:33,(anonymous_1)
FN:95,(anonymous_2)
FN:136,(anonymous_3)
FN:159,(anonymous_4)
FNF:5
FNH:2
FNDA:6,(anonymous_0)
FNDA:5,(anonymous_1)
FNDA:0,(anonymous_2)
FNDA:0,(anonymous_3)
FNDA:0,(anonymous_4)
DA:1,6
DA:2,6
DA:3,6
DA:4,6
DA:7,6
DA:8,6
DA:9,6
DA:19,6
DA:21,1
DA:29,5
DA:33,6
DA:34,5
DA:35,5
DA:36,5
DA:42,5
DA:43,3
DA:50,5
DA:51,3
DA:58,2
DA:59,2
DA:69,2
DA:70,2
DA:71,1
DA:78,1
DA:87,1
DA:91,4
DA:95,6
DA:96,0
DA:97,0
DA:103,0
DA:104,0
DA:106,0
DA:107,0
DA:110,0
DA:116,0
DA:118,0
DA:124,0
DA:130,0
DA:132,0
DA:136,6
DA:137,0
DA:138,0
DA:144,0
DA:153,0
DA:155,0
DA:159,6
DA:160,0
DA:163,0
DA:168,6
LF:49
LH:30
BRDA:42,0,0,3
BRDA:42,0,1,2
BRDA:50,1,0,3
BRDA:50,1,1,2
BRDA:58,2,0,2
BRDA:58,2,1,0
BRDA:70,3,0,1
BRDA:70,3,1,1
BRDA:106,4,0,0
BRDA:106,4,1,0
BRF:10
BRH:7
end_of_record
TN:
SF:controllers\videoController.js
FN:5,(anonymous_0)
FN:15,(anonymous_1)
FN:29,(anonymous_2)
FN:50,(anonymous_3)
FN:81,(anonymous_4)
FNF:5
FNH:0
FNDA:0,(anonymous_0)
FNDA:0,(anonymous_1)
FNDA:0,(anonymous_2)
FNDA:0,(anonymous_3)
FNDA:0,(anonymous_4)
DA:1,6
DA:2,6
DA:5,6
DA:6,0
DA:7,0
DA:9,0
DA:11,0
DA:15,6
DA:16,0
DA:17,0
DA:23,0
DA:25,0
DA:29,6
DA:30,0
DA:31,0
DA:32,0
DA:34,0
DA:35,0
DA:43,0
DA:45,0
DA:46,0
DA:50,6
DA:51,0
DA:52,0
DA:53,0
DA:54,0
DA:61,0
DA:67,0
DA:68,0
DA:70,0
DA:77,0
DA:81,6
DA:82,0
DA:83,0
DA:84,0
DA:86,0
DA:87,0
DA:88,0
DA:95,0
DA:96,0
DA:98,0
DA:104,0
DA:106,0
DA:111,6
LF:44
LH:8
BRDA:53,0,0,0
BRDA:53,0,1,0
BRDA:67,1,0,0
BRDA:67,1,1,0
BRDA:87,2,0,0
BRDA:87,2,1,0
BRF:6
BRH:0
end_of_record
TN:
SF:helpers\bcrypt.js
FN:3,hashPassword
FN:8,comparePassword
FNF:2
FNH:2
FNDA:2,hashPassword
FNDA:2,comparePassword
DA:1,6
DA:4,2
DA:5,2
DA:9,2
DA:12,6
LF:5
LH:5
BRF:0
BRH:0
end_of_record
TN:
SF:helpers\countDate.js
FN:1,countDate
FNF:1
FNH:0
FNDA:0,countDate
DA:2,0
DA:3,0
DA:4,0
DA:5,0
DA:6,0
DA:7,0
DA:8,0
DA:9,0
DA:10,0
DA:11,0
DA:13,0
DA:16,6
LF:12
LH:1
BRDA:6,0,0,0
BRDA:6,0,1,0
BRDA:8,1,0,0
BRDA:8,1,1,0
BRDA:10,2,0,0
BRDA:10,2,1,0
BRF:6
BRH:0
end_of_record
TN:
SF:helpers\dateFormat.js
FN:1,dateFormat
FNF:1
FNH:0
FNDA:0,dateFormat
DA:3,0
DA:4,0
DA:5,0
DA:6,0
DA:7,0
DA:10,6
LF:6
LH:1
BRF:0
BRH:0
end_of_record
TN:
SF:helpers\deleteUser.js
FN:3,(anonymous_0)
FNF:1
FNH:1
FNDA:1,(anonymous_0)
DA:1,1
DA:3,1
DA:4,1
DA:7,1
LF:4
LH:4
BRF:0
BRH:0
end_of_record
TN:
SF:helpers\jwt.js
FN:3,generateToken
FNF:1
FNH:1
FNDA:4,generateToken
DA:1,6
DA:4,4
DA:7,6
LF:3
LH:3
BRF:0
BRH:0
end_of_record
TN:
SF:helpers\randomId.js
FN:1,randomId
FNF:1
FNH:0
FNDA:0,randomId
DA:2,0
DA:5,6
LF:2
LH:1
BRDA:2,0,0,0
BRDA:2,0,1,0
BRF:2
BRH:0
end_of_record
TN:
SF:middlewares\authenticate.js
FN:4,(anonymous_0)
FNF:1
FNH:1
FNDA:15,(anonymous_0)
DA:1,6
DA:2,6
DA:4,6
DA:5,15
DA:6,15
DA:7,15
DA:10,12
DA:16,12
DA:17,2
DA:24,10
DA:26,10
DA:28,5
DA:32,6
LF:13
LH:13
BRDA:16,0,0,2
BRDA:16,0,1,10
BRF:2
BRH:2
end_of_record
TN:
SF:middlewares\authorize.js
FN:3,(anonymous_0)
FNF:1
FNH:1
FNDA:8,(anonymous_0)
DA:1,6
DA:3,6
DA:4,8
DA:5,8
DA:11,8
DA:12,0
DA:19,8
DA:20,0
DA:26,8
DA:28,0
DA:29,0
DA:33,6
LF:12
LH:8
BRDA:11,0,0,0
BRDA:11,0,1,8
BRDA:19,1,0,0
BRDA:19,1,1,8
BRF:4
BRH:2
end_of_record
TN:
SF:middlewares\errorHandler.js
FN:1,(anonymous_0)
FN:8,(anonymous_1)
FN:14,(anonymous_2)
FNF:3
FNH:3
FNDA:20,(anonymous_0)
FNDA:1,(anonymous_1)
FNDA:8,(anonymous_2)
DA:1,6
DA:2,20
DA:3,10
DA:7,10
DA:8,1
DA:9,1
DA:13,9
DA:14,8
DA:15,6
DA:19,3
DA:20,3
DA:22,0
DA:23,0
DA:25,10
DA:28,6
LF:15
LH:13
BRDA:2,0,0,10
BRDA:2,0,1,10
BRDA:7,1,0,1
BRDA:7,1,1,9
BRDA:13,2,0,6
BRDA:13,2,1,3
BRDA:19,3,0,3
BRDA:19,3,1,0
BRF:8
BRH:7
end_of_record
TN:
SF:models\index.js
FN:20,(anonymous_0)
FN:23,(anonymous_1)
FN:28,(anonymous_2)
FNF:3
FNH:3
FNDA:48,(anonymous_0)
FNDA:42,(anonymous_1)
FNDA:42,(anonymous_2)
DA:3,6
DA:4,6
DA:5,6
DA:6,6
DA:7,6
DA:8,6
DA:9,6
DA:12,6
DA:13,0
DA:15,6
DA:18,6
DA:21,48
DA:24,42
DA:25,42
DA:28,6
DA:29,42
DA:30,42
DA:34,6
DA:35,6
DA:37,6
LF:20
LH:19
BRDA:7,0,0,6
BRDA:7,0,1,0
BRDA:12,1,0,0
BRDA:12,1,1,6
BRDA:21,2,0,48
BRDA:21,2,1,48
BRDA:21,2,2,42
BRDA:29,3,0,42
BRDA:29,3,1,0
BRF:9
BRH:6
end_of_record
TN:
SF:models\lecturer.js
FN:5,(anonymous_0)
FN:12,(anonymous_1)
FNF:2
FNH:2
FNDA:6,(anonymous_0)
FNDA:6,(anonymous_1)
DA:4,6
DA:5,6
DA:14,6
DA:15,6
DA:18,6
DA:30,6
LF:6
LH:6
BRF:0
BRH:0
end_of_record
TN:
SF:models\payment.js
FN:5,(anonymous_0)
FN:12,(anonymous_1)
FNF:2
FNH:2
FNDA:6,(anonymous_0)
FNDA:6,(anonymous_1)
DA:4,6
DA:5,6
DA:14,6
DA:17,6
DA:29,6
LF:5
LH:5
BRF:0
BRH:0
end_of_record
TN:
SF:models\rating.js
FN:5,(anonymous_0)
FN:12,(anonymous_1)
FNF:2
FNH:2
FNDA:6,(anonymous_0)
FNDA:6,(anonymous_1)
DA:4,6
DA:5,6
DA:14,6
DA:15,6
DA:18,6
DA:26,6
LF:6
LH:6
BRF:0
BRH:0
end_of_record
TN:
SF:models\subscription.js
FN:5,(anonymous_0)
FN:12,(anonymous_1)
FNF:2
FNH:2
FNDA:6,(anonymous_0)
FNDA:6,(anonymous_1)
DA:4,6
DA:5,6
DA:16,6
DA:25,6
LF:4
LH:4
BRF:0
BRH:0
end_of_record
TN:
SF:models\transaction.js
FN:5,(anonymous_0)
FN:12,(anonymous_1)
FNF:2
FNH:2
FNDA:6,(anonymous_0)
FNDA:6,(anonymous_1)
DA:4,6
DA:5,6
DA:14,6
DA:17,6
DA:25,6
LF:5
LH:5
BRF:0
BRH:0
end_of_record
TN:
SF:models\user.js
FN:6,(anonymous_0)
FN:13,(anonymous_1)
FN:87,(anonymous_2)
FNF:3
FNH:3
FNDA:6,(anonymous_0)
FNDA:6,(anonymous_1)
FNDA:2,(anonymous_2)
DA:2,6
DA:5,6
DA:6,6
DA:15,6
DA:16,6
DA:17,6
DA:20,6
DA:88,2
DA:92,6
LF:9
LH:9
BRF:0
BRH:0
end_of_record
TN:
SF:models\video.js
FN:5,(anonymous_0)
FN:12,(anonymous_1)
FNF:2
FNH:2
FNDA:6,(anonymous_0)
FNDA:6,(anonymous_1)
DA:4,6
DA:5,6
DA:14,6
DA:17,6
DA:27,6
LF:5
LH:5
BRF:0
BRH:0
end_of_record
TN:
SF:routes\cloudStorageRouter.js
FN:5,(anonymous_0)
FN:12,(anonymous_1)
FN:25,(anonymous_2)
FNF:3
FNH:0
FNDA:0,(anonymous_0)
FNDA:0,(anonymous_1)
FNDA:0,(anonymous_2)
DA:1,6
DA:2,6
DA:3,6
DA:5,6
DA:6,0
DA:7,0
DA:9,0
DA:12,6
DA:13,0
DA:16,0
DA:17,0
DA:18,0
DA:19,0
DA:20,0
DA:22,0
DA:25,6
DA:26,0
DA:29,0
DA:30,0
DA:31,0
DA:32,0
DA:33,0
DA:35,0
DA:38,6
LF:24
LH:7
BRF:0
BRH:0
end_of_record
TN:
SF:routes\index.js
FNF:0
FNH:0
DA:1,6
DA:2,6
DA:3,6
DA:4,6
DA:5,6
DA:6,6
DA:7,6
DA:8,6
DA:9,6
DA:11,6
DA:12,6
DA:13,6
DA:14,6
DA:15,6
DA:16,6
DA:17,6
DA:19,6
LF:17
LH:17
BRF:0
BRH:0
end_of_record
TN:
SF:routes\lecturerRouter.js
FNF:0
FNH:0
DA:1,6
DA:2,6
DA:3,6
DA:4,6
DA:5,6
DA:7,6
DA:8,6
DA:9,6
DA:11,6
DA:12,6
DA:13,6
DA:16,6
LF:12
LH:12
BRF:0
BRH:0
end_of_record
TN:
SF:routes\paymentsRouter.js
FNF:0
FNH:0
DA:1,6
DA:2,6
DA:3,6
DA:4,6
DA:6,6
DA:7,6
DA:9,6
DA:10,6
DA:14,6
LF:9
LH:9
BRF:0
BRH:0
end_of_record
TN:
SF:routes\ratingRouter.js
FNF:0
FNH:0
DA:1,6
DA:2,6
DA:3,6
DA:4,6
DA:6,6
DA:8,6
LF:6
LH:6
BRF:0
BRH:0
end_of_record
TN:
SF:routes\subscriptionRouter.js
FNF:0
FNH:0
DA:1,6
DA:2,6
DA:3,6
DA:4,6
DA:5,6
DA:7,6
DA:8,6
DA:9,6
DA:10,6
DA:12,6
LF:10
LH:10
BRF:0
BRH:0
end_of_record
TN:
SF:routes\userRouter.js
FNF:0
FNH:0
DA:1,6
DA:2,6
DA:3,6
DA:4,6
DA:5,6
DA:7,6
DA:8,6
DA:10,6
DA:12,6
DA:14,6
LF:10
LH:10
BRF:0
BRH:0
end_of_record
TN:
SF:routes\videoRouter.js
FNF:0
FNH:0
DA:1,6
DA:2,6
DA:3,6
DA:4,6
DA:5,6
DA:7,6
DA:8,6
DA:9,6
DA:10,6
DA:11,6
DA:13,6
LF:11
LH:11
BRF:0
BRH:0
end_of_record
